[1.645s] Invoking command in '/home/eds-spiderbyte-01/ros2_motor/src/single_leg': PYTHONPATH=/home/eds-spiderbyte-01/ros2_motor/build/single_leg/prefix_override:/usr/lib/python3/dist-packages/colcon_core/task/python/colcon_distutils_commands:/home/eds-spiderbyte-01/ros2_motor/install/single_leg/lib/python3.10/site-packages:${PYTHONPATH} /usr/bin/python3 -W ignore:setup.py install is deprecated -W ignore:easy_install command is deprecated setup.py egg_info --egg-base ../../build/single_leg build --build-base /home/eds-spiderbyte-01/ros2_motor/build/single_leg/build install --record /home/eds-spiderbyte-01/ros2_motor/build/single_leg/install.log --single-version-externally-managed install_data
[1.948s] running egg_info
[1.949s] writing ../../build/single_leg/single_leg.egg-info/PKG-INFO
[1.949s] writing dependency_links to ../../build/single_leg/single_leg.egg-info/dependency_links.txt
[1.949s] writing entry points to ../../build/single_leg/single_leg.egg-info/entry_points.txt
[1.949s] writing requirements to ../../build/single_leg/single_leg.egg-info/requires.txt
[1.949s] writing top-level names to ../../build/single_leg/single_leg.egg-info/top_level.txt
[1.952s] reading manifest file '../../build/single_leg/single_leg.egg-info/SOURCES.txt'
[1.954s] writing manifest file '../../build/single_leg/single_leg.egg-info/SOURCES.txt'
[1.956s] running build
[1.956s] running build_py
[1.956s] running install
[1.956s] running install_lib
[1.959s] running install_data
[1.959s] running install_egg_info
[1.961s] removing '/home/eds-spiderbyte-01/ros2_motor/install/single_leg/lib/python3.10/site-packages/single_leg-0.0.0-py3.10.egg-info' (and everything under it)
[1.962s] Copying ../../build/single_leg/single_leg.egg-info to /home/eds-spiderbyte-01/ros2_motor/install/single_leg/lib/python3.10/site-packages/single_leg-0.0.0-py3.10.egg-info
[1.963s] running install_scripts
[1.990s] Installing XY_plane script to /home/eds-spiderbyte-01/ros2_motor/install/single_leg/lib/single_leg
[1.990s] Installing common_sub script to /home/eds-spiderbyte-01/ros2_motor/install/single_leg/lib/single_leg
[1.990s] Installing point_to_point script to /home/eds-spiderbyte-01/ros2_motor/install/single_leg/lib/single_leg
[1.991s] writing list of installed files to '/home/eds-spiderbyte-01/ros2_motor/build/single_leg/install.log'
[2.023s] Invoked command in '/home/eds-spiderbyte-01/ros2_motor/src/single_leg' returned '0': PYTHONPATH=/home/eds-spiderbyte-01/ros2_motor/build/single_leg/prefix_override:/usr/lib/python3/dist-packages/colcon_core/task/python/colcon_distutils_commands:/home/eds-spiderbyte-01/ros2_motor/install/single_leg/lib/python3.10/site-packages:${PYTHONPATH} /usr/bin/python3 -W ignore:setup.py install is deprecated -W ignore:easy_install command is deprecated setup.py egg_info --egg-base ../../build/single_leg build --build-base /home/eds-spiderbyte-01/ros2_motor/build/single_leg/build install --record /home/eds-spiderbyte-01/ros2_motor/build/single_leg/install.log --single-version-externally-managed install_data
