[0.632s] Invoking command in '/home/eds-spiderbyte-01/ros2_motor/src/two_motors': PYTHONPATH=/home/eds-spiderbyte-01/ros2_motor/src/two_motors/build/two_motors/prefix_override:/usr/lib/python3/dist-packages/colcon_core/task/python/colcon_distutils_commands:/home/eds-spiderbyte-01/ros2_motor/src/two_motors/install/two_motors/lib/python3.10/site-packages:${PYTHONPATH} /usr/bin/python3 -W ignore:setup.py install is deprecated -W ignore:easy_install command is deprecated setup.py egg_info --egg-base build/two_motors build --build-base /home/eds-spiderbyte-01/ros2_motor/src/two_motors/build/two_motors/build install --record /home/eds-spiderbyte-01/ros2_motor/src/two_motors/build/two_motors/install.log --single-version-externally-managed install_data
[0.860s] running egg_info
[0.861s] creating build/two_motors/two_motors.egg-info
[0.861s] writing build/two_motors/two_motors.egg-info/PKG-INFO
[0.861s] writing dependency_links to build/two_motors/two_motors.egg-info/dependency_links.txt
[0.861s] writing entry points to build/two_motors/two_motors.egg-info/entry_points.txt
[0.861s] writing requirements to build/two_motors/two_motors.egg-info/requires.txt
[0.861s] writing top-level names to build/two_motors/two_motors.egg-info/top_level.txt
[0.862s] writing manifest file 'build/two_motors/two_motors.egg-info/SOURCES.txt'
[0.863s] reading manifest file 'build/two_motors/two_motors.egg-info/SOURCES.txt'
[0.863s] writing manifest file 'build/two_motors/two_motors.egg-info/SOURCES.txt'
[0.863s] running build
[0.864s] running build_py
[0.864s] creating /home/eds-spiderbyte-01/ros2_motor/src/two_motors/build/two_motors/build
[0.864s] creating /home/eds-spiderbyte-01/ros2_motor/src/two_motors/build/two_motors/build/lib
[0.864s] creating /home/eds-spiderbyte-01/ros2_motor/src/two_motors/build/two_motors/build/lib/two_motors
[0.864s] copying two_motors/leg_sub.py -> /home/eds-spiderbyte-01/ros2_motor/src/two_motors/build/two_motors/build/lib/two_motors
[0.864s] copying two_motors/__init__.py -> /home/eds-spiderbyte-01/ros2_motor/src/two_motors/build/two_motors/build/lib/two_motors
[0.864s] copying two_motors/leg_pub.py -> /home/eds-spiderbyte-01/ros2_motor/src/two_motors/build/two_motors/build/lib/two_motors
[0.864s] running install
[0.864s] running install_lib
[0.866s] creating /home/eds-spiderbyte-01/ros2_motor/src/two_motors/install/two_motors/lib/python3.10/site-packages/two_motors
[0.866s] copying /home/eds-spiderbyte-01/ros2_motor/src/two_motors/build/two_motors/build/lib/two_motors/leg_sub.py -> /home/eds-spiderbyte-01/ros2_motor/src/two_motors/install/two_motors/lib/python3.10/site-packages/two_motors
[0.866s] copying /home/eds-spiderbyte-01/ros2_motor/src/two_motors/build/two_motors/build/lib/two_motors/__init__.py -> /home/eds-spiderbyte-01/ros2_motor/src/two_motors/install/two_motors/lib/python3.10/site-packages/two_motors
[0.866s] copying /home/eds-spiderbyte-01/ros2_motor/src/two_motors/build/two_motors/build/lib/two_motors/leg_pub.py -> /home/eds-spiderbyte-01/ros2_motor/src/two_motors/install/two_motors/lib/python3.10/site-packages/two_motors
[0.866s] byte-compiling /home/eds-spiderbyte-01/ros2_motor/src/two_motors/install/two_motors/lib/python3.10/site-packages/two_motors/leg_sub.py to leg_sub.cpython-310.pyc
[0.867s] byte-compiling /home/eds-spiderbyte-01/ros2_motor/src/two_motors/install/two_motors/lib/python3.10/site-packages/two_motors/__init__.py to __init__.cpython-310.pyc
[0.867s] byte-compiling /home/eds-spiderbyte-01/ros2_motor/src/two_motors/install/two_motors/lib/python3.10/site-packages/two_motors/leg_pub.py to leg_pub.cpython-310.pyc
[0.867s] running install_data
[0.868s] creating /home/eds-spiderbyte-01/ros2_motor/src/two_motors/install/two_motors/share/ament_index
[0.868s] creating /home/eds-spiderbyte-01/ros2_motor/src/two_motors/install/two_motors/share/ament_index/resource_index
[0.868s] creating /home/eds-spiderbyte-01/ros2_motor/src/two_motors/install/two_motors/share/ament_index/resource_index/packages
[0.868s] copying resource/two_motors -> /home/eds-spiderbyte-01/ros2_motor/src/two_motors/install/two_motors/share/ament_index/resource_index/packages
[0.868s] copying package.xml -> /home/eds-spiderbyte-01/ros2_motor/src/two_motors/install/two_motors/share/two_motors
[0.868s] running install_egg_info
[0.869s] Copying build/two_motors/two_motors.egg-info to /home/eds-spiderbyte-01/ros2_motor/src/two_motors/install/two_motors/lib/python3.10/site-packages/two_motors-0.0.0-py3.10.egg-info
[0.870s] running install_scripts
[0.888s] Installing leg_pub script to /home/eds-spiderbyte-01/ros2_motor/src/two_motors/install/two_motors/lib/two_motors
[0.888s] Installing leg_sub script to /home/eds-spiderbyte-01/ros2_motor/src/two_motors/install/two_motors/lib/two_motors
[0.888s] writing list of installed files to '/home/eds-spiderbyte-01/ros2_motor/src/two_motors/build/two_motors/install.log'
[0.909s] Invoked command in '/home/eds-spiderbyte-01/ros2_motor/src/two_motors' returned '0': PYTHONPATH=/home/eds-spiderbyte-01/ros2_motor/src/two_motors/build/two_motors/prefix_override:/usr/lib/python3/dist-packages/colcon_core/task/python/colcon_distutils_commands:/home/eds-spiderbyte-01/ros2_motor/src/two_motors/install/two_motors/lib/python3.10/site-packages:${PYTHONPATH} /usr/bin/python3 -W ignore:setup.py install is deprecated -W ignore:easy_install command is deprecated setup.py egg_info --egg-base build/two_motors build --build-base /home/eds-spiderbyte-01/ros2_motor/src/two_motors/build/two_motors/build install --record /home/eds-spiderbyte-01/ros2_motor/src/two_motors/build/two_motors/install.log --single-version-externally-managed install_data
