[2.512s] Invoking command in '/home/eds-spiderbyte-01/ros2_motor/src/servo_control': PYTHONPATH=/home/eds-spiderbyte-01/ros2_motor/build/servo_control/prefix_override:/usr/lib/python3/dist-packages/colcon_core/task/python/colcon_distutils_commands:/home/eds-spiderbyte-01/ros2_motor/install/servo_control/lib/python3.10/site-packages:${PYTHONPATH} /usr/bin/python3 -W ignore:setup.py install is deprecated -W ignore:easy_install command is deprecated setup.py egg_info --egg-base ../../build/servo_control build --build-base /home/eds-spiderbyte-01/ros2_motor/build/servo_control/build install --record /home/eds-spiderbyte-01/ros2_motor/build/servo_control/install.log --single-version-externally-managed install_data
[3.654s] running egg_info
[3.657s] writing ../../build/servo_control/servo_control.egg-info/PKG-INFO
[3.658s] writing dependency_links to ../../build/servo_control/servo_control.egg-info/dependency_links.txt
[3.659s] writing entry points to ../../build/servo_control/servo_control.egg-info/entry_points.txt
[3.659s] writing requirements to ../../build/servo_control/servo_control.egg-info/requires.txt
[3.660s] writing top-level names to ../../build/servo_control/servo_control.egg-info/top_level.txt
[3.667s] reading manifest file '../../build/servo_control/servo_control.egg-info/SOURCES.txt'
[3.671s] writing manifest file '../../build/servo_control/servo_control.egg-info/SOURCES.txt'
[3.672s] running build
[3.672s] running build_py
[3.673s] running install
[3.675s] running install_lib
[3.680s] running install_data
[3.681s] running install_egg_info
[3.688s] removing '/home/eds-spiderbyte-01/ros2_motor/install/servo_control/lib/python3.10/site-packages/servo_control-0.0.0-py3.10.egg-info' (and everything under it)
[3.689s] Copying ../../build/servo_control/servo_control.egg-info to /home/eds-spiderbyte-01/ros2_motor/install/servo_control/lib/python3.10/site-packages/servo_control-0.0.0-py3.10.egg-info
[3.693s] running install_scripts
[3.790s] Installing servo_publisher script to /home/eds-spiderbyte-01/ros2_motor/install/servo_control/lib/servo_control
[3.791s] Installing servo_subscriber script to /home/eds-spiderbyte-01/ros2_motor/install/servo_control/lib/servo_control
[3.792s] writing list of installed files to '/home/eds-spiderbyte-01/ros2_motor/build/servo_control/install.log'
[3.877s] Invoked command in '/home/eds-spiderbyte-01/ros2_motor/src/servo_control' returned '0': PYTHONPATH=/home/eds-spiderbyte-01/ros2_motor/build/servo_control/prefix_override:/usr/lib/python3/dist-packages/colcon_core/task/python/colcon_distutils_commands:/home/eds-spiderbyte-01/ros2_motor/install/servo_control/lib/python3.10/site-packages:${PYTHONPATH} /usr/bin/python3 -W ignore:setup.py install is deprecated -W ignore:easy_install command is deprecated setup.py egg_info --egg-base ../../build/servo_control build --build-base /home/eds-spiderbyte-01/ros2_motor/build/servo_control/build install --record /home/eds-spiderbyte-01/ros2_motor/build/servo_control/install.log --single-version-externally-managed install_data
