[0.592s] DEBUG:colcon:Command line arguments: ['/usr/bin/colcon', 'build']
[0.593s] DEBUG:colcon:Parsed command line arguments: Namespace(log_base=None, log_level=None, verb_name='build', build_base='build', install_base='install', merge_install=False, symlink_install=False, test_result_base=None, continue_on_error=False, executor='parallel', parallel_workers=8, event_handlers=None, ignore_user_meta=False, metas=['./colcon.meta'], base_paths=['.'], packages_ignore=None, packages_ignore_regex=None, paths=None, packages_up_to=None, packages_up_to_regex=None, packages_above=None, packages_above_and_dependencies=None, packages_above_depth=None, packages_select_by_dep=None, packages_skip_by_dep=None, packages_skip_up_to=None, packages_select_build_failed=False, packages_skip_build_finished=False, packages_select_test_failures=False, packages_skip_test_passed=False, packages_select=None, packages_skip=None, packages_select_regex=None, packages_skip_regex=None, packages_start=None, packages_end=None, allow_overriding=[], cmake_args=None, cmake_target=None, cmake_target_skip_unavailable=False, cmake_clean_cache=False, cmake_clean_first=False, cmake_force_configure=False, ament_cmake_args=None, catkin_cmake_args=None, catkin_skip_building_tests=False, mixin_files=None, mixin=None, verb_parser=<colcon_mixin.mixin.mixin_argument.MixinArgumentDecorator object at 0x743ca5b65630>, verb_extension=<colcon_core.verb.build.BuildVerb object at 0x743ca5cdec80>, main=<bound method BuildVerb.main of <colcon_core.verb.build.BuildVerb object at 0x743ca5cdec80>>, mixin_verb=('build',))
[1.321s] Level 1:colcon.colcon_core.package_discovery:discover_packages(colcon_meta) check parameters
[1.322s] Level 1:colcon.colcon_core.package_discovery:discover_packages(recursive) check parameters
[1.322s] Level 1:colcon.colcon_core.package_discovery:discover_packages(ignore) check parameters
[1.322s] Level 1:colcon.colcon_core.package_discovery:discover_packages(path) check parameters
[1.322s] Level 1:colcon.colcon_core.package_discovery:discover_packages(colcon_meta) discover
[1.322s] Level 1:colcon.colcon_core.package_discovery:discover_packages(recursive) discover
[1.322s] INFO:colcon.colcon_core.package_discovery:Crawling recursively for packages in '/home/eds-spiderbyte-01/ros2_motor'
[1.323s] Level 1:colcon.colcon_core.package_identification:_identify(.) by extensions ['ignore', 'ignore_ament_install']
[1.323s] Level 1:colcon.colcon_core.package_identification:_identify(.) by extension 'ignore'
[1.323s] Level 1:colcon.colcon_core.package_identification:_identify(.) by extension 'ignore_ament_install'
[1.324s] Level 1:colcon.colcon_core.package_identification:_identify(.) by extensions ['colcon_pkg']
[1.324s] Level 1:colcon.colcon_core.package_identification:_identify(.) by extension 'colcon_pkg'
[1.324s] Level 1:colcon.colcon_core.package_identification:_identify(.) by extensions ['colcon_meta']
[1.324s] Level 1:colcon.colcon_core.package_identification:_identify(.) by extension 'colcon_meta'
[1.324s] Level 1:colcon.colcon_core.package_identification:_identify(.) by extensions ['ros']
[1.324s] Level 1:colcon.colcon_core.package_identification:_identify(.) by extension 'ros'
[1.367s] Level 1:colcon.colcon_core.package_identification:_identify(.) by extensions ['cmake', 'python']
[1.368s] Level 1:colcon.colcon_core.package_identification:_identify(.) by extension 'cmake'
[1.368s] Level 1:colcon.colcon_core.package_identification:_identify(.) by extension 'python'
[1.368s] Level 1:colcon.colcon_core.package_identification:_identify(.) by extensions ['python_setup_py']
[1.368s] Level 1:colcon.colcon_core.package_identification:_identify(.) by extension 'python_setup_py'
[1.369s] Level 1:colcon.colcon_core.package_identification:_identify(build) by extensions ['ignore', 'ignore_ament_install']
[1.369s] Level 1:colcon.colcon_core.package_identification:_identify(build) by extension 'ignore'
[1.369s] Level 1:colcon.colcon_core.package_identification:_identify(build) ignored
[1.370s] Level 1:colcon.colcon_core.package_identification:_identify(install) by extensions ['ignore', 'ignore_ament_install']
[1.370s] Level 1:colcon.colcon_core.package_identification:_identify(install) by extension 'ignore'
[1.370s] Level 1:colcon.colcon_core.package_identification:_identify(install) ignored
[1.371s] Level 1:colcon.colcon_core.package_identification:_identify(log) by extensions ['ignore', 'ignore_ament_install']
[1.371s] Level 1:colcon.colcon_core.package_identification:_identify(log) by extension 'ignore'
[1.371s] Level 1:colcon.colcon_core.package_identification:_identify(log) ignored
[1.372s] Level 1:colcon.colcon_core.package_identification:_identify(src) by extensions ['ignore', 'ignore_ament_install']
[1.372s] Level 1:colcon.colcon_core.package_identification:_identify(src) by extension 'ignore'
[1.372s] Level 1:colcon.colcon_core.package_identification:_identify(src) by extension 'ignore_ament_install'
[1.373s] Level 1:colcon.colcon_core.package_identification:_identify(src) by extensions ['colcon_pkg']
[1.373s] Level 1:colcon.colcon_core.package_identification:_identify(src) by extension 'colcon_pkg'
[1.373s] Level 1:colcon.colcon_core.package_identification:_identify(src) by extensions ['colcon_meta']
[1.373s] Level 1:colcon.colcon_core.package_identification:_identify(src) by extension 'colcon_meta'
[1.373s] Level 1:colcon.colcon_core.package_identification:_identify(src) by extensions ['ros']
[1.373s] Level 1:colcon.colcon_core.package_identification:_identify(src) by extension 'ros'
[1.374s] Level 1:colcon.colcon_core.package_identification:_identify(src) by extensions ['cmake', 'python']
[1.374s] Level 1:colcon.colcon_core.package_identification:_identify(src) by extension 'cmake'
[1.374s] Level 1:colcon.colcon_core.package_identification:_identify(src) by extension 'python'
[1.374s] Level 1:colcon.colcon_core.package_identification:_identify(src) by extensions ['python_setup_py']
[1.374s] Level 1:colcon.colcon_core.package_identification:_identify(src) by extension 'python_setup_py'
[1.375s] Level 1:colcon.colcon_core.package_identification:_identify(src/servo_control) by extensions ['ignore', 'ignore_ament_install']
[1.375s] Level 1:colcon.colcon_core.package_identification:_identify(src/servo_control) by extension 'ignore'
[1.375s] Level 1:colcon.colcon_core.package_identification:_identify(src/servo_control) by extension 'ignore_ament_install'
[1.375s] Level 1:colcon.colcon_core.package_identification:_identify(src/servo_control) by extensions ['colcon_pkg']
[1.376s] Level 1:colcon.colcon_core.package_identification:_identify(src/servo_control) by extension 'colcon_pkg'
[1.376s] Level 1:colcon.colcon_core.package_identification:_identify(src/servo_control) by extensions ['colcon_meta']
[1.376s] Level 1:colcon.colcon_core.package_identification:_identify(src/servo_control) by extension 'colcon_meta'
[1.376s] Level 1:colcon.colcon_core.package_identification:_identify(src/servo_control) by extensions ['ros']
[1.376s] Level 1:colcon.colcon_core.package_identification:_identify(src/servo_control) by extension 'ros'
[1.385s] DEBUG:colcon.colcon_core.package_identification:Package 'src/servo_control' with type 'ros.ament_python' and name 'servo_control'
[1.386s] Level 1:colcon.colcon_core.package_discovery:discover_packages(recursive) using defaults
[1.386s] Level 1:colcon.colcon_core.package_discovery:discover_packages(ignore) discover
[1.386s] Level 1:colcon.colcon_core.package_discovery:discover_packages(ignore) using defaults
[1.386s] Level 1:colcon.colcon_core.package_discovery:discover_packages(path) discover
[1.386s] Level 1:colcon.colcon_core.package_discovery:discover_packages(path) using defaults
[1.493s] Level 1:colcon.colcon_core.package_discovery:discover_packages(prefix_path) check parameters
[1.493s] Level 1:colcon.colcon_core.package_discovery:discover_packages(prefix_path) discover
[1.502s] DEBUG:colcon.colcon_installed_package_information.package_discovery:Found 1 installed packages in /home/eds-spiderbyte-01/ros2_motor/install
[1.507s] DEBUG:colcon.colcon_installed_package_information.package_discovery:Found 272 installed packages in /opt/ros/humble
[1.512s] Level 1:colcon.colcon_core.package_discovery:discover_packages(prefix_path) using defaults
[1.659s] Level 5:colcon.colcon_core.verb:set package 'servo_control' build argument 'cmake_args' from command line to 'None'
[1.659s] Level 5:colcon.colcon_core.verb:set package 'servo_control' build argument 'cmake_target' from command line to 'None'
[1.659s] Level 5:colcon.colcon_core.verb:set package 'servo_control' build argument 'cmake_target_skip_unavailable' from command line to 'False'
[1.659s] Level 5:colcon.colcon_core.verb:set package 'servo_control' build argument 'cmake_clean_cache' from command line to 'False'
[1.659s] Level 5:colcon.colcon_core.verb:set package 'servo_control' build argument 'cmake_clean_first' from command line to 'False'
[1.659s] Level 5:colcon.colcon_core.verb:set package 'servo_control' build argument 'cmake_force_configure' from command line to 'False'
[1.660s] Level 5:colcon.colcon_core.verb:set package 'servo_control' build argument 'ament_cmake_args' from command line to 'None'
[1.660s] Level 5:colcon.colcon_core.verb:set package 'servo_control' build argument 'catkin_cmake_args' from command line to 'None'
[1.660s] Level 5:colcon.colcon_core.verb:set package 'servo_control' build argument 'catkin_skip_building_tests' from command line to 'False'
[1.660s] DEBUG:colcon.colcon_core.verb:Building package 'servo_control' with the following arguments: {'ament_cmake_args': None, 'build_base': '/home/eds-spiderbyte-01/ros2_motor/build/servo_control', 'catkin_cmake_args': None, 'catkin_skip_building_tests': False, 'cmake_args': None, 'cmake_clean_cache': False, 'cmake_clean_first': False, 'cmake_force_configure': False, 'cmake_target': None, 'cmake_target_skip_unavailable': False, 'install_base': '/home/eds-spiderbyte-01/ros2_motor/install/servo_control', 'merge_install': False, 'path': '/home/eds-spiderbyte-01/ros2_motor/src/servo_control', 'symlink_install': False, 'test_result_base': None}
[1.660s] INFO:colcon.colcon_core.executor:Executing jobs using 'parallel' executor
[1.663s] DEBUG:colcon.colcon_parallel_executor.executor.parallel:run_until_complete
[1.664s] INFO:colcon.colcon_ros.task.ament_python.build:Building ROS package in '/home/eds-spiderbyte-01/ros2_motor/src/servo_control' with build type 'ament_python'
[1.664s] Level 1:colcon.colcon_core.shell:create_environment_hook('servo_control', 'ament_prefix_path')
[1.673s] INFO:colcon.colcon_core.plugin_system:Skipping extension 'colcon_core.shell.bat': Not used on non-Windows systems
[1.674s] INFO:colcon.colcon_core.shell:Creating environment hook '/home/eds-spiderbyte-01/ros2_motor/install/servo_control/share/servo_control/hook/ament_prefix_path.ps1'
[1.676s] INFO:colcon.colcon_core.shell:Creating environment descriptor '/home/eds-spiderbyte-01/ros2_motor/install/servo_control/share/servo_control/hook/ament_prefix_path.dsv'
[1.678s] INFO:colcon.colcon_core.shell:Creating environment hook '/home/eds-spiderbyte-01/ros2_motor/install/servo_control/share/servo_control/hook/ament_prefix_path.sh'
[1.681s] INFO:colcon.colcon_core.shell:Skip shell extension 'powershell' for command environment: Not usable outside of PowerShell
[1.681s] DEBUG:colcon.colcon_core.shell:Skip shell extension 'dsv' for command environment
[2.775s] INFO:colcon.colcon_core.task.python.build:Building Python package in '/home/eds-spiderbyte-01/ros2_motor/src/servo_control'
[2.776s] INFO:colcon.colcon_core.shell:Skip shell extension 'powershell' for command environment: Not usable outside of PowerShell
[2.776s] DEBUG:colcon.colcon_core.shell:Skip shell extension 'dsv' for command environment
[4.383s] DEBUG:colcon.colcon_core.event_handler.log_command:Invoking command in '/home/eds-spiderbyte-01/ros2_motor/src/servo_control': PYTHONPATH=/home/eds-spiderbyte-01/ros2_motor/build/servo_control/prefix_override:/usr/lib/python3/dist-packages/colcon_core/task/python/colcon_distutils_commands:/home/eds-spiderbyte-01/ros2_motor/install/servo_control/lib/python3.10/site-packages:${PYTHONPATH} /usr/bin/python3 -W ignore:setup.py install is deprecated -W ignore:easy_install command is deprecated setup.py egg_info --egg-base ../../build/servo_control build --build-base /home/eds-spiderbyte-01/ros2_motor/build/servo_control/build install --record /home/eds-spiderbyte-01/ros2_motor/build/servo_control/install.log --single-version-externally-managed install_data
[5.811s] DEBUG:colcon.colcon_core.event_handler.log_command:Invoked command in '/home/eds-spiderbyte-01/ros2_motor/src/servo_control' returned '0': PYTHONPATH=/home/eds-spiderbyte-01/ros2_motor/build/servo_control/prefix_override:/usr/lib/python3/dist-packages/colcon_core/task/python/colcon_distutils_commands:/home/eds-spiderbyte-01/ros2_motor/install/servo_control/lib/python3.10/site-packages:${PYTHONPATH} /usr/bin/python3 -W ignore:setup.py install is deprecated -W ignore:easy_install command is deprecated setup.py egg_info --egg-base ../../build/servo_control build --build-base /home/eds-spiderbyte-01/ros2_motor/build/servo_control/build install --record /home/eds-spiderbyte-01/ros2_motor/build/servo_control/install.log --single-version-externally-managed install_data
[5.825s] Level 1:colcon.colcon_core.environment:checking '/home/eds-spiderbyte-01/ros2_motor/install/servo_control' for CMake module files
[5.827s] Level 1:colcon.colcon_core.environment:checking '/home/eds-spiderbyte-01/ros2_motor/install/servo_control' for CMake config files
[5.830s] Level 1:colcon.colcon_core.environment:checking '/home/eds-spiderbyte-01/ros2_motor/install/servo_control/lib'
[5.831s] Level 1:colcon.colcon_core.environment:checking '/home/eds-spiderbyte-01/ros2_motor/install/servo_control/bin'
[5.831s] Level 1:colcon.colcon_core.environment:checking '/home/eds-spiderbyte-01/ros2_motor/install/servo_control/lib/pkgconfig/servo_control.pc'
[5.832s] Level 1:colcon.colcon_core.environment:checking '/home/eds-spiderbyte-01/ros2_motor/install/servo_control/lib/python3.10/site-packages'
[5.832s] Level 1:colcon.colcon_core.shell:create_environment_hook('servo_control', 'pythonpath')
[5.833s] INFO:colcon.colcon_core.shell:Creating environment hook '/home/eds-spiderbyte-01/ros2_motor/install/servo_control/share/servo_control/hook/pythonpath.ps1'
[5.835s] INFO:colcon.colcon_core.shell:Creating environment descriptor '/home/eds-spiderbyte-01/ros2_motor/install/servo_control/share/servo_control/hook/pythonpath.dsv'
[5.837s] INFO:colcon.colcon_core.shell:Creating environment hook '/home/eds-spiderbyte-01/ros2_motor/install/servo_control/share/servo_control/hook/pythonpath.sh'
[5.839s] Level 1:colcon.colcon_core.environment:checking '/home/eds-spiderbyte-01/ros2_motor/install/servo_control/bin'
[5.840s] Level 1:colcon.colcon_core.environment:create_environment_scripts_only(servo_control)
[5.841s] INFO:colcon.colcon_core.shell:Creating package script '/home/eds-spiderbyte-01/ros2_motor/install/servo_control/share/servo_control/package.ps1'
[5.846s] INFO:colcon.colcon_core.shell:Creating package descriptor '/home/eds-spiderbyte-01/ros2_motor/install/servo_control/share/servo_control/package.dsv'
[5.849s] INFO:colcon.colcon_core.shell:Creating package script '/home/eds-spiderbyte-01/ros2_motor/install/servo_control/share/servo_control/package.sh'
[5.852s] INFO:colcon.colcon_core.shell:Creating package script '/home/eds-spiderbyte-01/ros2_motor/install/servo_control/share/servo_control/package.bash'
[5.856s] INFO:colcon.colcon_core.shell:Creating package script '/home/eds-spiderbyte-01/ros2_motor/install/servo_control/share/servo_control/package.zsh'
[5.860s] Level 1:colcon.colcon_core.environment:create_file_with_runtime_dependencies(/home/eds-spiderbyte-01/ros2_motor/install/servo_control/share/colcon-core/packages/servo_control)
[5.862s] DEBUG:colcon.colcon_parallel_executor.executor.parallel:closing loop
[5.863s] DEBUG:colcon.colcon_parallel_executor.executor.parallel:loop closed
[5.863s] DEBUG:colcon.colcon_parallel_executor.executor.parallel:run_until_complete finished with '0'
[5.863s] DEBUG:colcon.colcon_core.event_reactor:joining thread
[5.886s] INFO:colcon.colcon_core.plugin_system:Skipping extension 'colcon_notification.desktop_notification.terminal_notifier': Not used on non-Darwin systems
[5.887s] INFO:colcon.colcon_core.plugin_system:Skipping extension 'colcon_notification.desktop_notification.win32': Not used on non-Windows systems
[5.887s] INFO:colcon.colcon_notification.desktop_notification:Sending desktop notification using 'notify2'
[5.952s] DEBUG:colcon.colcon_core.event_reactor:joined thread
[5.953s] INFO:colcon.colcon_core.shell:Creating prefix script '/home/eds-spiderbyte-01/ros2_motor/install/local_setup.ps1'
[5.957s] INFO:colcon.colcon_core.shell:Creating prefix util module '/home/eds-spiderbyte-01/ros2_motor/install/_local_setup_util_ps1.py'
[5.964s] INFO:colcon.colcon_core.shell:Creating prefix chain script '/home/eds-spiderbyte-01/ros2_motor/install/setup.ps1'
[5.968s] INFO:colcon.colcon_core.shell:Creating prefix script '/home/eds-spiderbyte-01/ros2_motor/install/local_setup.sh'
[5.971s] INFO:colcon.colcon_core.shell:Creating prefix util module '/home/eds-spiderbyte-01/ros2_motor/install/_local_setup_util_sh.py'
[5.973s] INFO:colcon.colcon_core.shell:Creating prefix chain script '/home/eds-spiderbyte-01/ros2_motor/install/setup.sh'
[5.978s] INFO:colcon.colcon_core.shell:Creating prefix script '/home/eds-spiderbyte-01/ros2_motor/install/local_setup.bash'
[5.980s] INFO:colcon.colcon_core.shell:Creating prefix chain script '/home/eds-spiderbyte-01/ros2_motor/install/setup.bash'
[5.984s] INFO:colcon.colcon_core.shell:Creating prefix script '/home/eds-spiderbyte-01/ros2_motor/install/local_setup.zsh'
[5.987s] INFO:colcon.colcon_core.shell:Creating prefix chain script '/home/eds-spiderbyte-01/ros2_motor/install/setup.zsh'
