running egg_info
writing ../../build/key_input/key_input.egg-info/PKG-INFO
writing dependency_links to ../../build/key_input/key_input.egg-info/dependency_links.txt
writing entry points to ../../build/key_input/key_input.egg-info/entry_points.txt
writing requirements to ../../build/key_input/key_input.egg-info/requires.txt
writing top-level names to ../../build/key_input/key_input.egg-info/top_level.txt
reading manifest file '../../build/key_input/key_input.egg-info/SOURCES.txt'
writing manifest file '../../build/key_input/key_input.egg-info/SOURCES.txt'
running build
running build_py
copying key_input/Servo_Input.py -> /home/eds-spiderbyte-01/ros2_motor/build/key_input/build/lib/key_input
running install
running install_lib
copying /home/eds-spiderbyte-01/ros2_motor/build/key_input/build/lib/key_input/Servo_Input.py -> /home/eds-spiderbyte-01/ros2_motor/install/key_input/lib/python3.10/site-packages/key_input
byte-compiling /home/eds-spiderbyte-01/ros2_motor/install/key_input/lib/python3.10/site-packages/key_input/Servo_Input.py to Servo_Input.cpython-310.pyc
running install_data
running install_egg_info
removing '/home/eds-spiderbyte-01/ros2_motor/install/key_input/lib/python3.10/site-packages/key_input-0.0.0-py3.10.egg-info' (and everything under it)
Copying ../../build/key_input/key_input.egg-info to /home/eds-spiderbyte-01/ros2_motor/install/key_input/lib/python3.10/site-packages/key_input-0.0.0-py3.10.egg-info
running install_scripts
writing list of installed files to '/home/eds-spiderbyte-01/ros2_motor/build/key_input/install.log'
