[1.900s] Invoking command in '/home/eds-spiderbyte-01/ros2_motor/src/two_keys': PYTHONPATH=/home/eds-spiderbyte-01/ros2_motor/build/two_keys/prefix_override:/usr/lib/python3/dist-packages/colcon_core/task/python/colcon_distutils_commands:/home/eds-spiderbyte-01/ros2_motor/install/two_keys/lib/python3.10/site-packages:${PYTHONPATH} /usr/bin/python3 -W ignore:setup.py install is deprecated -W ignore:easy_install command is deprecated setup.py egg_info --egg-base ../../build/two_keys build --build-base /home/eds-spiderbyte-01/ros2_motor/build/two_keys/build install --record /home/eds-spiderbyte-01/ros2_motor/build/two_keys/install.log --single-version-externally-managed install_data
[2.257s] running egg_info
[2.258s] writing ../../build/two_keys/two_keys.egg-info/PKG-INFO
[2.258s] writing dependency_links to ../../build/two_keys/two_keys.egg-info/dependency_links.txt
[2.258s] writing entry points to ../../build/two_keys/two_keys.egg-info/entry_points.txt
[2.259s] writing requirements to ../../build/two_keys/two_keys.egg-info/requires.txt
[2.259s] writing top-level names to ../../build/two_keys/two_keys.egg-info/top_level.txt
[2.261s] reading manifest file '../../build/two_keys/two_keys.egg-info/SOURCES.txt'
[2.262s] writing manifest file '../../build/two_keys/two_keys.egg-info/SOURCES.txt'
[2.263s] running build
[2.263s] running build_py
[2.263s] running install
[2.263s] running install_lib
[2.266s] running install_data
[2.266s] running install_egg_info
[2.271s] removing '/home/eds-spiderbyte-01/ros2_motor/install/two_keys/lib/python3.10/site-packages/two_keys-0.0.0-py3.10.egg-info' (and everything under it)
[2.272s] Copying ../../build/two_keys/two_keys.egg-info to /home/eds-spiderbyte-01/ros2_motor/install/two_keys/lib/python3.10/site-packages/two_keys-0.0.0-py3.10.egg-info
[2.272s] running install_scripts
[2.302s] Installing control_pub script to /home/eds-spiderbyte-01/ros2_motor/install/two_keys/lib/two_keys
[2.302s] Installing control_sub script to /home/eds-spiderbyte-01/ros2_motor/install/two_keys/lib/two_keys
[2.302s] writing list of installed files to '/home/eds-spiderbyte-01/ros2_motor/build/two_keys/install.log'
[2.343s] Invoked command in '/home/eds-spiderbyte-01/ros2_motor/src/two_keys' returned '0': PYTHONPATH=/home/eds-spiderbyte-01/ros2_motor/build/two_keys/prefix_override:/usr/lib/python3/dist-packages/colcon_core/task/python/colcon_distutils_commands:/home/eds-spiderbyte-01/ros2_motor/install/two_keys/lib/python3.10/site-packages:${PYTHONPATH} /usr/bin/python3 -W ignore:setup.py install is deprecated -W ignore:easy_install command is deprecated setup.py egg_info --egg-base ../../build/two_keys build --build-base /home/eds-spiderbyte-01/ros2_motor/build/two_keys/build install --record /home/eds-spiderbyte-01/ros2_motor/build/two_keys/install.log --single-version-externally-managed install_data
