[1.665s] Invoking command in '/home/eds-spiderbyte-01/ros2_motor/src/two_keys': PYTHONPATH=/home/eds-spiderbyte-01/ros2_motor/build/two_keys/prefix_override:/usr/lib/python3/dist-packages/colcon_core/task/python/colcon_distutils_commands:/home/eds-spiderbyte-01/ros2_motor/install/two_keys/lib/python3.10/site-packages:${PYTHONPATH} /usr/bin/python3 -W ignore:setup.py install is deprecated -W ignore:easy_install command is deprecated setup.py egg_info --egg-base ../../build/two_keys build --build-base /home/eds-spiderbyte-01/ros2_motor/build/two_keys/build install --record /home/eds-spiderbyte-01/ros2_motor/build/two_keys/install.log --single-version-externally-managed install_data
[1.961s] running egg_info
[1.962s] writing ../../build/two_keys/two_keys.egg-info/PKG-INFO
[1.963s] writing dependency_links to ../../build/two_keys/two_keys.egg-info/dependency_links.txt
[1.963s] writing entry points to ../../build/two_keys/two_keys.egg-info/entry_points.txt
[1.963s] writing requirements to ../../build/two_keys/two_keys.egg-info/requires.txt
[1.963s] writing top-level names to ../../build/two_keys/two_keys.egg-info/top_level.txt
[1.966s] reading manifest file '../../build/two_keys/two_keys.egg-info/SOURCES.txt'
[1.967s] writing manifest file '../../build/two_keys/two_keys.egg-info/SOURCES.txt'
[1.967s] running build
[1.968s] running build_py
[1.968s] running install
[1.968s] running install_lib
[1.971s] running install_data
[1.972s] running install_egg_info
[1.973s] removing '/home/eds-spiderbyte-01/ros2_motor/install/two_keys/lib/python3.10/site-packages/two_keys-0.0.0-py3.10.egg-info' (and everything under it)
[1.974s] Copying ../../build/two_keys/two_keys.egg-info to /home/eds-spiderbyte-01/ros2_motor/install/two_keys/lib/python3.10/site-packages/two_keys-0.0.0-py3.10.egg-info
[1.975s] running install_scripts
[2.000s] Installing control_pub script to /home/eds-spiderbyte-01/ros2_motor/install/two_keys/lib/two_keys
[2.000s] Installing control_sub script to /home/eds-spiderbyte-01/ros2_motor/install/two_keys/lib/two_keys
[2.000s] writing list of installed files to '/home/eds-spiderbyte-01/ros2_motor/build/two_keys/install.log'
[2.054s] Invoked command in '/home/eds-spiderbyte-01/ros2_motor/src/two_keys' returned '0': PYTHONPATH=/home/eds-spiderbyte-01/ros2_motor/build/two_keys/prefix_override:/usr/lib/python3/dist-packages/colcon_core/task/python/colcon_distutils_commands:/home/eds-spiderbyte-01/ros2_motor/install/two_keys/lib/python3.10/site-packages:${PYTHONPATH} /usr/bin/python3 -W ignore:setup.py install is deprecated -W ignore:easy_install command is deprecated setup.py egg_info --egg-base ../../build/two_keys build --build-base /home/eds-spiderbyte-01/ros2_motor/build/two_keys/build install --record /home/eds-spiderbyte-01/ros2_motor/build/two_keys/install.log --single-version-externally-managed install_data
