[3.336s] Invoking command in '/home/eds-spiderbyte-01/ros2_motor/src/servo_control': PYTHONPATH=/home/eds-spiderbyte-01/ros2_motor/build/servo_control/prefix_override:/usr/lib/python3/dist-packages/colcon_core/task/python/colcon_distutils_commands:/home/eds-spiderbyte-01/ros2_motor/install/servo_control/lib/python3.10/site-packages:${PYTHONPATH} /usr/bin/python3 -W ignore:setup.py install is deprecated -W ignore:easy_install command is deprecated setup.py egg_info --egg-base ../../build/servo_control build --build-base /home/eds-spiderbyte-01/ros2_motor/build/servo_control/build install --record /home/eds-spiderbyte-01/ros2_motor/build/servo_control/install.log --single-version-externally-managed install_data
[4.878s] running egg_info
[4.881s] writing ../../build/servo_control/servo_control.egg-info/PKG-INFO
[4.883s] writing dependency_links to ../../build/servo_control/servo_control.egg-info/dependency_links.txt
[4.884s] writing entry points to ../../build/servo_control/servo_control.egg-info/entry_points.txt
[4.885s] writing requirements to ../../build/servo_control/servo_control.egg-info/requires.txt
[4.885s] writing top-level names to ../../build/servo_control/servo_control.egg-info/top_level.txt
[4.893s] reading manifest file '../../build/servo_control/servo_control.egg-info/SOURCES.txt'
[4.898s] writing manifest file '../../build/servo_control/servo_control.egg-info/SOURCES.txt'
[4.899s] running build
[4.900s] running build_py
[4.901s] copying servo_control/servo_subscriber.py -> /home/eds-spiderbyte-01/ros2_motor/build/servo_control/build/lib/servo_control
[4.903s] running install
[4.904s] running install_lib
[4.909s] copying /home/eds-spiderbyte-01/ros2_motor/build/servo_control/build/lib/servo_control/servo_subscriber.py -> /home/eds-spiderbyte-01/ros2_motor/install/servo_control/lib/python3.10/site-packages/servo_control
[4.912s] byte-compiling /home/eds-spiderbyte-01/ros2_motor/install/servo_control/lib/python3.10/site-packages/servo_control/servo_subscriber.py to servo_subscriber.cpython-310.pyc
[4.914s] running install_data
[4.915s] running install_egg_info
[4.924s] removing '/home/eds-spiderbyte-01/ros2_motor/install/servo_control/lib/python3.10/site-packages/servo_control-0.0.0-py3.10.egg-info' (and everything under it)
[4.926s] Copying ../../build/servo_control/servo_control.egg-info to /home/eds-spiderbyte-01/ros2_motor/install/servo_control/lib/python3.10/site-packages/servo_control-0.0.0-py3.10.egg-info
[4.931s] running install_scripts
[5.033s] Installing servo_publisher script to /home/eds-spiderbyte-01/ros2_motor/install/servo_control/lib/servo_control
[5.035s] Installing servo_subscriber script to /home/eds-spiderbyte-01/ros2_motor/install/servo_control/lib/servo_control
[5.037s] writing list of installed files to '/home/eds-spiderbyte-01/ros2_motor/build/servo_control/install.log'
[5.130s] Invoked command in '/home/eds-spiderbyte-01/ros2_motor/src/servo_control' returned '0': PYTHONPATH=/home/eds-spiderbyte-01/ros2_motor/build/servo_control/prefix_override:/usr/lib/python3/dist-packages/colcon_core/task/python/colcon_distutils_commands:/home/eds-spiderbyte-01/ros2_motor/install/servo_control/lib/python3.10/site-packages:${PYTHONPATH} /usr/bin/python3 -W ignore:setup.py install is deprecated -W ignore:easy_install command is deprecated setup.py egg_info --egg-base ../../build/servo_control build --build-base /home/eds-spiderbyte-01/ros2_motor/build/servo_control/build install --record /home/eds-spiderbyte-01/ros2_motor/build/servo_control/install.log --single-version-externally-managed install_data
