[2.553s] Invoking command in '/home/eds-spiderbyte-01/ros2_motor/src/servo_control': PYTHONPATH=/home/eds-spiderbyte-01/ros2_motor/build/servo_control/prefix_override:/usr/lib/python3/dist-packages/colcon_core/task/python/colcon_distutils_commands:/home/eds-spiderbyte-01/ros2_motor/install/servo_control/lib/python3.10/site-packages:${PYTHONPATH} /usr/bin/python3 -W ignore:setup.py install is deprecated -W ignore:easy_install command is deprecated setup.py egg_info --egg-base ../../build/servo_control build --build-base /home/eds-spiderbyte-01/ros2_motor/build/servo_control/build install --record /home/eds-spiderbyte-01/ros2_motor/build/servo_control/install.log --single-version-externally-managed install_data
[3.687s] running egg_info
[3.690s] creating ../../build/servo_control/servo_control.egg-info
[3.691s] writing ../../build/servo_control/servo_control.egg-info/PKG-INFO
[3.692s] writing dependency_links to ../../build/servo_control/servo_control.egg-info/dependency_links.txt
[3.692s] writing entry points to ../../build/servo_control/servo_control.egg-info/entry_points.txt
[3.693s] writing requirements to ../../build/servo_control/servo_control.egg-info/requires.txt
[3.693s] writing top-level names to ../../build/servo_control/servo_control.egg-info/top_level.txt
[3.694s] writing manifest file '../../build/servo_control/servo_control.egg-info/SOURCES.txt'
[3.700s] reading manifest file '../../build/servo_control/servo_control.egg-info/SOURCES.txt'
[3.703s] writing manifest file '../../build/servo_control/servo_control.egg-info/SOURCES.txt'
[3.704s] running build
[3.705s] running build_py
[3.705s] creating /home/eds-spiderbyte-01/ros2_motor/build/servo_control/build
[3.706s] creating /home/eds-spiderbyte-01/ros2_motor/build/servo_control/build/lib
[3.706s] creating /home/eds-spiderbyte-01/ros2_motor/build/servo_control/build/lib/servo_control
[3.707s] copying servo_control/__init__.py -> /home/eds-spiderbyte-01/ros2_motor/build/servo_control/build/lib/servo_control
[3.707s] running install
[3.708s] running install_lib
[3.710s] creating /home/eds-spiderbyte-01/ros2_motor/install/servo_control/lib/python3.10/site-packages/servo_control
[3.711s] copying /home/eds-spiderbyte-01/ros2_motor/build/servo_control/build/lib/servo_control/__init__.py -> /home/eds-spiderbyte-01/ros2_motor/install/servo_control/lib/python3.10/site-packages/servo_control
[3.713s] byte-compiling /home/eds-spiderbyte-01/ros2_motor/install/servo_control/lib/python3.10/site-packages/servo_control/__init__.py to __init__.cpython-310.pyc
[3.714s] running install_data
[3.714s] creating /home/eds-spiderbyte-01/ros2_motor/install/servo_control/share/ament_index
[3.715s] creating /home/eds-spiderbyte-01/ros2_motor/install/servo_control/share/ament_index/resource_index
[3.715s] creating /home/eds-spiderbyte-01/ros2_motor/install/servo_control/share/ament_index/resource_index/packages
[3.716s] copying resource/servo_control -> /home/eds-spiderbyte-01/ros2_motor/install/servo_control/share/ament_index/resource_index/packages
[3.716s] copying package.xml -> /home/eds-spiderbyte-01/ros2_motor/install/servo_control/share/servo_control
[3.717s] running install_egg_info
[3.723s] Copying ../../build/servo_control/servo_control.egg-info to /home/eds-spiderbyte-01/ros2_motor/install/servo_control/lib/python3.10/site-packages/servo_control-0.0.0-py3.10.egg-info
[3.727s] running install_scripts
[3.817s] writing list of installed files to '/home/eds-spiderbyte-01/ros2_motor/build/servo_control/install.log'
[3.901s] Invoked command in '/home/eds-spiderbyte-01/ros2_motor/src/servo_control' returned '0': PYTHONPATH=/home/eds-spiderbyte-01/ros2_motor/build/servo_control/prefix_override:/usr/lib/python3/dist-packages/colcon_core/task/python/colcon_distutils_commands:/home/eds-spiderbyte-01/ros2_motor/install/servo_control/lib/python3.10/site-packages:${PYTHONPATH} /usr/bin/python3 -W ignore:setup.py install is deprecated -W ignore:easy_install command is deprecated setup.py egg_info --egg-base ../../build/servo_control build --build-base /home/eds-spiderbyte-01/ros2_motor/build/servo_control/build install --record /home/eds-spiderbyte-01/ros2_motor/build/servo_control/install.log --single-version-externally-managed install_data
