running egg_info
writing ../../build/two_keys/two_keys.egg-info/PKG-INFO
writing dependency_links to ../../build/two_keys/two_keys.egg-info/dependency_links.txt
writing entry points to ../../build/two_keys/two_keys.egg-info/entry_points.txt
writing requirements to ../../build/two_keys/two_keys.egg-info/requires.txt
writing top-level names to ../../build/two_keys/two_keys.egg-info/top_level.txt
reading manifest file '../../build/two_keys/two_keys.egg-info/SOURCES.txt'
writing manifest file '../../build/two_keys/two_keys.egg-info/SOURCES.txt'
running build
running build_py
copying two_keys/control_pub.py -> /home/eds-spiderbyte-01/ros2_motor/build/two_keys/build/lib/two_keys
running install
running install_lib
copying /home/eds-spiderbyte-01/ros2_motor/build/two_keys/build/lib/two_keys/control_pub.py -> /home/eds-spiderbyte-01/ros2_motor/install/two_keys/lib/python3.10/site-packages/two_keys
byte-compiling /home/eds-spiderbyte-01/ros2_motor/install/two_keys/lib/python3.10/site-packages/two_keys/control_pub.py to control_pub.cpython-310.pyc
running install_data
running install_egg_info
removing '/home/eds-spiderbyte-01/ros2_motor/install/two_keys/lib/python3.10/site-packages/two_keys-0.0.0-py3.10.egg-info' (and everything under it)
Copying ../../build/two_keys/two_keys.egg-info to /home/eds-spiderbyte-01/ros2_motor/install/two_keys/lib/python3.10/site-packages/two_keys-0.0.0-py3.10.egg-info
running install_scripts
Installing control_pub script to /home/eds-spiderbyte-01/ros2_motor/install/two_keys/lib/two_keys
Installing control_sub script to /home/eds-spiderbyte-01/ros2_motor/install/two_keys/lib/two_keys
writing list of installed files to '/home/eds-spiderbyte-01/ros2_motor/build/two_keys/install.log'
