[1.955s] Invoking command in '/home/eds-spiderbyte-01/ros2_motor/src/single_leg': PYTHONPATH=/home/eds-spiderbyte-01/ros2_motor/build/single_leg/prefix_override:/usr/lib/python3/dist-packages/colcon_core/task/python/colcon_distutils_commands:/home/eds-spiderbyte-01/ros2_motor/install/single_leg/lib/python3.10/site-packages:${PYTHONPATH} /usr/bin/python3 -W ignore:setup.py install is deprecated -W ignore:easy_install command is deprecated setup.py egg_info --egg-base ../../build/single_leg build --build-base /home/eds-spiderbyte-01/ros2_motor/build/single_leg/build install --record /home/eds-spiderbyte-01/ros2_motor/build/single_leg/install.log --single-version-externally-managed install_data
[2.296s] running egg_info
[2.297s] writing ../../build/single_leg/single_leg.egg-info/PKG-INFO
[2.297s] writing dependency_links to ../../build/single_leg/single_leg.egg-info/dependency_links.txt
[2.298s] writing entry points to ../../build/single_leg/single_leg.egg-info/entry_points.txt
[2.298s] writing requirements to ../../build/single_leg/single_leg.egg-info/requires.txt
[2.298s] writing top-level names to ../../build/single_leg/single_leg.egg-info/top_level.txt
[2.300s] reading manifest file '../../build/single_leg/single_leg.egg-info/SOURCES.txt'
[2.301s] writing manifest file '../../build/single_leg/single_leg.egg-info/SOURCES.txt'
[2.302s] running build
[2.302s] running build_py
[2.302s] copying single_leg/point_to_point.py -> /home/eds-spiderbyte-01/ros2_motor/build/single_leg/build/lib/single_leg
[2.302s] running install
[2.303s] running install_lib
[2.303s] copying /home/eds-spiderbyte-01/ros2_motor/build/single_leg/build/lib/single_leg/point_to_point.py -> /home/eds-spiderbyte-01/ros2_motor/install/single_leg/lib/python3.10/site-packages/single_leg
[2.304s] byte-compiling /home/eds-spiderbyte-01/ros2_motor/install/single_leg/lib/python3.10/site-packages/single_leg/point_to_point.py to point_to_point.cpython-310.pyc
[2.305s] running install_data
[2.306s] running install_egg_info
[2.308s] removing '/home/eds-spiderbyte-01/ros2_motor/install/single_leg/lib/python3.10/site-packages/single_leg-0.0.0-py3.10.egg-info' (and everything under it)
[2.308s] Copying ../../build/single_leg/single_leg.egg-info to /home/eds-spiderbyte-01/ros2_motor/install/single_leg/lib/python3.10/site-packages/single_leg-0.0.0-py3.10.egg-info
[2.309s] running install_scripts
[2.337s] Installing common_sub script to /home/eds-spiderbyte-01/ros2_motor/install/single_leg/lib/single_leg
[2.338s] Installing point_to_point script to /home/eds-spiderbyte-01/ros2_motor/install/single_leg/lib/single_leg
[2.338s] writing list of installed files to '/home/eds-spiderbyte-01/ros2_motor/build/single_leg/install.log'
[2.371s] Invoked command in '/home/eds-spiderbyte-01/ros2_motor/src/single_leg' returned '0': PYTHONPATH=/home/eds-spiderbyte-01/ros2_motor/build/single_leg/prefix_override:/usr/lib/python3/dist-packages/colcon_core/task/python/colcon_distutils_commands:/home/eds-spiderbyte-01/ros2_motor/install/single_leg/lib/python3.10/site-packages:${PYTHONPATH} /usr/bin/python3 -W ignore:setup.py install is deprecated -W ignore:easy_install command is deprecated setup.py egg_info --egg-base ../../build/single_leg build --build-base /home/eds-spiderbyte-01/ros2_motor/build/single_leg/build install --record /home/eds-spiderbyte-01/ros2_motor/build/single_leg/install.log --single-version-externally-managed install_data
