[0.103s] DEBUG:colcon:Command line arguments: ['/usr/bin/colcon', 'build']
[0.103s] DEBUG:colcon:Parsed command line arguments: Namespace(log_base=None, log_level=None, verb_name='build', build_base='build', install_base='install', merge_install=False, symlink_install=False, test_result_base=None, continue_on_error=False, executor='parallel', parallel_workers=8, event_handlers=None, ignore_user_meta=False, metas=['./colcon.meta'], base_paths=['.'], packages_ignore=None, packages_ignore_regex=None, paths=None, packages_up_to=None, packages_up_to_regex=None, packages_above=None, packages_above_and_dependencies=None, packages_above_depth=None, packages_select_by_dep=None, packages_skip_by_dep=None, packages_skip_up_to=None, packages_select_build_failed=False, packages_skip_build_finished=False, packages_select_test_failures=False, packages_skip_test_passed=False, packages_select=None, packages_skip=None, packages_select_regex=None, packages_skip_regex=None, packages_start=None, packages_end=None, allow_overriding=[], cmake_args=None, cmake_target=None, cmake_target_skip_unavailable=False, cmake_clean_cache=False, cmake_clean_first=False, cmake_force_configure=False, ament_cmake_args=None, catkin_cmake_args=None, catkin_skip_building_tests=False, mixin_files=None, mixin=None, verb_parser=<colcon_mixin.mixin.mixin_argument.MixinArgumentDecorator object at 0x7bd58a912470>, verb_extension=<colcon_core.verb.build.BuildVerb object at 0x7bd58aad3ac0>, main=<bound method BuildVerb.main of <colcon_core.verb.build.BuildVerb object at 0x7bd58aad3ac0>>, mixin_verb=('build',))
[0.263s] Level 1:colcon.colcon_core.package_discovery:discover_packages(colcon_meta) check parameters
[0.263s] Level 1:colcon.colcon_core.package_discovery:discover_packages(recursive) check parameters
[0.263s] Level 1:colcon.colcon_core.package_discovery:discover_packages(ignore) check parameters
[0.263s] Level 1:colcon.colcon_core.package_discovery:discover_packages(path) check parameters
[0.263s] Level 1:colcon.colcon_core.package_discovery:discover_packages(colcon_meta) discover
[0.263s] Level 1:colcon.colcon_core.package_discovery:discover_packages(recursive) discover
[0.263s] INFO:colcon.colcon_core.package_discovery:Crawling recursively for packages in '/home/eds-spiderbyte-01/ros2_motor'
[0.263s] Level 1:colcon.colcon_core.package_identification:_identify(.) by extensions ['ignore', 'ignore_ament_install']
[0.263s] Level 1:colcon.colcon_core.package_identification:_identify(.) by extension 'ignore'
[0.263s] Level 1:colcon.colcon_core.package_identification:_identify(.) by extension 'ignore_ament_install'
[0.263s] Level 1:colcon.colcon_core.package_identification:_identify(.) by extensions ['colcon_pkg']
[0.263s] Level 1:colcon.colcon_core.package_identification:_identify(.) by extension 'colcon_pkg'
[0.263s] Level 1:colcon.colcon_core.package_identification:_identify(.) by extensions ['colcon_meta']
[0.263s] Level 1:colcon.colcon_core.package_identification:_identify(.) by extension 'colcon_meta'
[0.263s] Level 1:colcon.colcon_core.package_identification:_identify(.) by extensions ['ros']
[0.263s] Level 1:colcon.colcon_core.package_identification:_identify(.) by extension 'ros'
[0.273s] Level 1:colcon.colcon_core.package_identification:_identify(.) by extensions ['cmake', 'python']
[0.273s] Level 1:colcon.colcon_core.package_identification:_identify(.) by extension 'cmake'
[0.273s] Level 1:colcon.colcon_core.package_identification:_identify(.) by extension 'python'
[0.273s] Level 1:colcon.colcon_core.package_identification:_identify(.) by extensions ['python_setup_py']
[0.273s] Level 1:colcon.colcon_core.package_identification:_identify(.) by extension 'python_setup_py'
[0.273s] Level 1:colcon.colcon_core.package_identification:_identify(build) by extensions ['ignore', 'ignore_ament_install']
[0.273s] Level 1:colcon.colcon_core.package_identification:_identify(build) by extension 'ignore'
[0.273s] Level 1:colcon.colcon_core.package_identification:_identify(build) ignored
[0.273s] Level 1:colcon.colcon_core.package_identification:_identify(install) by extensions ['ignore', 'ignore_ament_install']
[0.273s] Level 1:colcon.colcon_core.package_identification:_identify(install) by extension 'ignore'
[0.273s] Level 1:colcon.colcon_core.package_identification:_identify(install) ignored
[0.274s] Level 1:colcon.colcon_core.package_identification:_identify(log) by extensions ['ignore', 'ignore_ament_install']
[0.274s] Level 1:colcon.colcon_core.package_identification:_identify(log) by extension 'ignore'
[0.274s] Level 1:colcon.colcon_core.package_identification:_identify(log) ignored
[0.274s] Level 1:colcon.colcon_core.package_identification:_identify(src) by extensions ['ignore', 'ignore_ament_install']
[0.274s] Level 1:colcon.colcon_core.package_identification:_identify(src) by extension 'ignore'
[0.274s] Level 1:colcon.colcon_core.package_identification:_identify(src) by extension 'ignore_ament_install'
[0.274s] Level 1:colcon.colcon_core.package_identification:_identify(src) by extensions ['colcon_pkg']
[0.274s] Level 1:colcon.colcon_core.package_identification:_identify(src) by extension 'colcon_pkg'
[0.274s] Level 1:colcon.colcon_core.package_identification:_identify(src) by extensions ['colcon_meta']
[0.274s] Level 1:colcon.colcon_core.package_identification:_identify(src) by extension 'colcon_meta'
[0.274s] Level 1:colcon.colcon_core.package_identification:_identify(src) by extensions ['ros']
[0.274s] Level 1:colcon.colcon_core.package_identification:_identify(src) by extension 'ros'
[0.274s] Level 1:colcon.colcon_core.package_identification:_identify(src) by extensions ['cmake', 'python']
[0.274s] Level 1:colcon.colcon_core.package_identification:_identify(src) by extension 'cmake'
[0.274s] Level 1:colcon.colcon_core.package_identification:_identify(src) by extension 'python'
[0.274s] Level 1:colcon.colcon_core.package_identification:_identify(src) by extensions ['python_setup_py']
[0.274s] Level 1:colcon.colcon_core.package_identification:_identify(src) by extension 'python_setup_py'
[0.274s] Level 1:colcon.colcon_core.package_identification:_identify(src/key_input) by extensions ['ignore', 'ignore_ament_install']
[0.274s] Level 1:colcon.colcon_core.package_identification:_identify(src/key_input) by extension 'ignore'
[0.274s] Level 1:colcon.colcon_core.package_identification:_identify(src/key_input) by extension 'ignore_ament_install'
[0.274s] Level 1:colcon.colcon_core.package_identification:_identify(src/key_input) by extensions ['colcon_pkg']
[0.275s] Level 1:colcon.colcon_core.package_identification:_identify(src/key_input) by extension 'colcon_pkg'
[0.275s] Level 1:colcon.colcon_core.package_identification:_identify(src/key_input) by extensions ['colcon_meta']
[0.275s] Level 1:colcon.colcon_core.package_identification:_identify(src/key_input) by extension 'colcon_meta'
[0.275s] Level 1:colcon.colcon_core.package_identification:_identify(src/key_input) by extensions ['ros']
[0.275s] Level 1:colcon.colcon_core.package_identification:_identify(src/key_input) by extension 'ros'
[0.277s] DEBUG:colcon.colcon_core.package_identification:Package 'src/key_input' with type 'ros.ament_python' and name 'key_input'
[0.277s] Level 1:colcon.colcon_core.package_identification:_identify(src/servo_control) by extensions ['ignore', 'ignore_ament_install']
[0.277s] Level 1:colcon.colcon_core.package_identification:_identify(src/servo_control) by extension 'ignore'
[0.277s] Level 1:colcon.colcon_core.package_identification:_identify(src/servo_control) by extension 'ignore_ament_install'
[0.277s] Level 1:colcon.colcon_core.package_identification:_identify(src/servo_control) by extensions ['colcon_pkg']
[0.277s] Level 1:colcon.colcon_core.package_identification:_identify(src/servo_control) by extension 'colcon_pkg'
[0.277s] Level 1:colcon.colcon_core.package_identification:_identify(src/servo_control) by extensions ['colcon_meta']
[0.277s] Level 1:colcon.colcon_core.package_identification:_identify(src/servo_control) by extension 'colcon_meta'
[0.277s] Level 1:colcon.colcon_core.package_identification:_identify(src/servo_control) by extensions ['ros']
[0.277s] Level 1:colcon.colcon_core.package_identification:_identify(src/servo_control) by extension 'ros'
[0.278s] DEBUG:colcon.colcon_core.package_identification:Package 'src/servo_control' with type 'ros.ament_python' and name 'servo_control'
[0.278s] Level 1:colcon.colcon_core.package_identification:_identify(src/two_keys) by extensions ['ignore', 'ignore_ament_install']
[0.278s] Level 1:colcon.colcon_core.package_identification:_identify(src/two_keys) by extension 'ignore'
[0.278s] Level 1:colcon.colcon_core.package_identification:_identify(src/two_keys) by extension 'ignore_ament_install'
[0.278s] Level 1:colcon.colcon_core.package_identification:_identify(src/two_keys) by extensions ['colcon_pkg']
[0.278s] Level 1:colcon.colcon_core.package_identification:_identify(src/two_keys) by extension 'colcon_pkg'
[0.278s] Level 1:colcon.colcon_core.package_identification:_identify(src/two_keys) by extensions ['colcon_meta']
[0.278s] Level 1:colcon.colcon_core.package_identification:_identify(src/two_keys) by extension 'colcon_meta'
[0.278s] Level 1:colcon.colcon_core.package_identification:_identify(src/two_keys) by extensions ['ros']
[0.278s] Level 1:colcon.colcon_core.package_identification:_identify(src/two_keys) by extension 'ros'
[0.278s] DEBUG:colcon.colcon_core.package_identification:Package 'src/two_keys' with type 'ros.ament_python' and name 'two_keys'
[0.279s] Level 1:colcon.colcon_core.package_discovery:discover_packages(recursive) using defaults
[0.279s] Level 1:colcon.colcon_core.package_discovery:discover_packages(ignore) discover
[0.279s] Level 1:colcon.colcon_core.package_discovery:discover_packages(ignore) using defaults
[0.279s] Level 1:colcon.colcon_core.package_discovery:discover_packages(path) discover
[0.279s] Level 1:colcon.colcon_core.package_discovery:discover_packages(path) using defaults
[0.306s] Level 1:colcon.colcon_core.package_discovery:discover_packages(prefix_path) check parameters
[0.306s] Level 1:colcon.colcon_core.package_discovery:discover_packages(prefix_path) discover
[0.308s] DEBUG:colcon.colcon_installed_package_information.package_discovery:Found 3 installed packages in /home/eds-spiderbyte-01/ros2_motor/install
[0.309s] DEBUG:colcon.colcon_installed_package_information.package_discovery:Found 272 installed packages in /opt/ros/humble
[0.310s] Level 1:colcon.colcon_core.package_discovery:discover_packages(prefix_path) using defaults
[0.344s] Level 5:colcon.colcon_core.verb:set package 'key_input' build argument 'cmake_args' from command line to 'None'
[0.344s] Level 5:colcon.colcon_core.verb:set package 'key_input' build argument 'cmake_target' from command line to 'None'
[0.344s] Level 5:colcon.colcon_core.verb:set package 'key_input' build argument 'cmake_target_skip_unavailable' from command line to 'False'
[0.344s] Level 5:colcon.colcon_core.verb:set package 'key_input' build argument 'cmake_clean_cache' from command line to 'False'
[0.344s] Level 5:colcon.colcon_core.verb:set package 'key_input' build argument 'cmake_clean_first' from command line to 'False'
[0.344s] Level 5:colcon.colcon_core.verb:set package 'key_input' build argument 'cmake_force_configure' from command line to 'False'
[0.344s] Level 5:colcon.colcon_core.verb:set package 'key_input' build argument 'ament_cmake_args' from command line to 'None'
[0.344s] Level 5:colcon.colcon_core.verb:set package 'key_input' build argument 'catkin_cmake_args' from command line to 'None'
[0.344s] Level 5:colcon.colcon_core.verb:set package 'key_input' build argument 'catkin_skip_building_tests' from command line to 'False'
[0.344s] DEBUG:colcon.colcon_core.verb:Building package 'key_input' with the following arguments: {'ament_cmake_args': None, 'build_base': '/home/eds-spiderbyte-01/ros2_motor/build/key_input', 'catkin_cmake_args': None, 'catkin_skip_building_tests': False, 'cmake_args': None, 'cmake_clean_cache': False, 'cmake_clean_first': False, 'cmake_force_configure': False, 'cmake_target': None, 'cmake_target_skip_unavailable': False, 'install_base': '/home/eds-spiderbyte-01/ros2_motor/install/key_input', 'merge_install': False, 'path': '/home/eds-spiderbyte-01/ros2_motor/src/key_input', 'symlink_install': False, 'test_result_base': None}
[0.345s] Level 5:colcon.colcon_core.verb:set package 'servo_control' build argument 'cmake_args' from command line to 'None'
[0.345s] Level 5:colcon.colcon_core.verb:set package 'servo_control' build argument 'cmake_target' from command line to 'None'
[0.345s] Level 5:colcon.colcon_core.verb:set package 'servo_control' build argument 'cmake_target_skip_unavailable' from command line to 'False'
[0.345s] Level 5:colcon.colcon_core.verb:set package 'servo_control' build argument 'cmake_clean_cache' from command line to 'False'
[0.345s] Level 5:colcon.colcon_core.verb:set package 'servo_control' build argument 'cmake_clean_first' from command line to 'False'
[0.345s] Level 5:colcon.colcon_core.verb:set package 'servo_control' build argument 'cmake_force_configure' from command line to 'False'
[0.345s] Level 5:colcon.colcon_core.verb:set package 'servo_control' build argument 'ament_cmake_args' from command line to 'None'
[0.345s] Level 5:colcon.colcon_core.verb:set package 'servo_control' build argument 'catkin_cmake_args' from command line to 'None'
[0.345s] Level 5:colcon.colcon_core.verb:set package 'servo_control' build argument 'catkin_skip_building_tests' from command line to 'False'
[0.345s] DEBUG:colcon.colcon_core.verb:Building package 'servo_control' with the following arguments: {'ament_cmake_args': None, 'build_base': '/home/eds-spiderbyte-01/ros2_motor/build/servo_control', 'catkin_cmake_args': None, 'catkin_skip_building_tests': False, 'cmake_args': None, 'cmake_clean_cache': False, 'cmake_clean_first': False, 'cmake_force_configure': False, 'cmake_target': None, 'cmake_target_skip_unavailable': False, 'install_base': '/home/eds-spiderbyte-01/ros2_motor/install/servo_control', 'merge_install': False, 'path': '/home/eds-spiderbyte-01/ros2_motor/src/servo_control', 'symlink_install': False, 'test_result_base': None}
[0.345s] Level 5:colcon.colcon_core.verb:set package 'two_keys' build argument 'cmake_args' from command line to 'None'
[0.345s] Level 5:colcon.colcon_core.verb:set package 'two_keys' build argument 'cmake_target' from command line to 'None'
[0.345s] Level 5:colcon.colcon_core.verb:set package 'two_keys' build argument 'cmake_target_skip_unavailable' from command line to 'False'
[0.345s] Level 5:colcon.colcon_core.verb:set package 'two_keys' build argument 'cmake_clean_cache' from command line to 'False'
[0.345s] Level 5:colcon.colcon_core.verb:set package 'two_keys' build argument 'cmake_clean_first' from command line to 'False'
[0.345s] Level 5:colcon.colcon_core.verb:set package 'two_keys' build argument 'cmake_force_configure' from command line to 'False'
[0.345s] Level 5:colcon.colcon_core.verb:set package 'two_keys' build argument 'ament_cmake_args' from command line to 'None'
[0.345s] Level 5:colcon.colcon_core.verb:set package 'two_keys' build argument 'catkin_cmake_args' from command line to 'None'
[0.345s] Level 5:colcon.colcon_core.verb:set package 'two_keys' build argument 'catkin_skip_building_tests' from command line to 'False'
[0.345s] DEBUG:colcon.colcon_core.verb:Building package 'two_keys' with the following arguments: {'ament_cmake_args': None, 'build_base': '/home/eds-spiderbyte-01/ros2_motor/build/two_keys', 'catkin_cmake_args': None, 'catkin_skip_building_tests': False, 'cmake_args': None, 'cmake_clean_cache': False, 'cmake_clean_first': False, 'cmake_force_configure': False, 'cmake_target': None, 'cmake_target_skip_unavailable': False, 'install_base': '/home/eds-spiderbyte-01/ros2_motor/install/two_keys', 'merge_install': False, 'path': '/home/eds-spiderbyte-01/ros2_motor/src/two_keys', 'symlink_install': False, 'test_result_base': None}
[0.345s] INFO:colcon.colcon_core.executor:Executing jobs using 'parallel' executor
[0.346s] DEBUG:colcon.colcon_parallel_executor.executor.parallel:run_until_complete
[0.346s] INFO:colcon.colcon_ros.task.ament_python.build:Building ROS package in '/home/eds-spiderbyte-01/ros2_motor/src/key_input' with build type 'ament_python'
[0.347s] Level 1:colcon.colcon_core.shell:create_environment_hook('key_input', 'ament_prefix_path')
[0.348s] INFO:colcon.colcon_core.plugin_system:Skipping extension 'colcon_core.shell.bat': Not used on non-Windows systems
[0.348s] INFO:colcon.colcon_core.shell:Creating environment hook '/home/eds-spiderbyte-01/ros2_motor/install/key_input/share/key_input/hook/ament_prefix_path.ps1'
[0.349s] INFO:colcon.colcon_core.shell:Creating environment descriptor '/home/eds-spiderbyte-01/ros2_motor/install/key_input/share/key_input/hook/ament_prefix_path.dsv'
[0.349s] INFO:colcon.colcon_core.shell:Creating environment hook '/home/eds-spiderbyte-01/ros2_motor/install/key_input/share/key_input/hook/ament_prefix_path.sh'
[0.350s] INFO:colcon.colcon_core.shell:Skip shell extension 'powershell' for command environment: Not usable outside of PowerShell
[0.350s] DEBUG:colcon.colcon_core.shell:Skip shell extension 'dsv' for command environment
[0.353s] INFO:colcon.colcon_ros.task.ament_python.build:Building ROS package in '/home/eds-spiderbyte-01/ros2_motor/src/servo_control' with build type 'ament_python'
[0.353s] Level 1:colcon.colcon_core.shell:create_environment_hook('servo_control', 'ament_prefix_path')
[0.353s] INFO:colcon.colcon_core.shell:Creating environment hook '/home/eds-spiderbyte-01/ros2_motor/install/servo_control/share/servo_control/hook/ament_prefix_path.ps1'
[0.354s] INFO:colcon.colcon_core.shell:Creating environment descriptor '/home/eds-spiderbyte-01/ros2_motor/install/servo_control/share/servo_control/hook/ament_prefix_path.dsv'
[0.354s] INFO:colcon.colcon_core.shell:Creating environment hook '/home/eds-spiderbyte-01/ros2_motor/install/servo_control/share/servo_control/hook/ament_prefix_path.sh'
[0.354s] INFO:colcon.colcon_core.shell:Skip shell extension 'powershell' for command environment: Not usable outside of PowerShell
[0.354s] DEBUG:colcon.colcon_core.shell:Skip shell extension 'dsv' for command environment
[0.357s] INFO:colcon.colcon_ros.task.ament_python.build:Building ROS package in '/home/eds-spiderbyte-01/ros2_motor/src/two_keys' with build type 'ament_python'
[0.357s] Level 1:colcon.colcon_core.shell:create_environment_hook('two_keys', 'ament_prefix_path')
[0.357s] INFO:colcon.colcon_core.shell:Creating environment hook '/home/eds-spiderbyte-01/ros2_motor/install/two_keys/share/two_keys/hook/ament_prefix_path.ps1'
[0.358s] INFO:colcon.colcon_core.shell:Creating environment descriptor '/home/eds-spiderbyte-01/ros2_motor/install/two_keys/share/two_keys/hook/ament_prefix_path.dsv'
[0.358s] INFO:colcon.colcon_core.shell:Creating environment hook '/home/eds-spiderbyte-01/ros2_motor/install/two_keys/share/two_keys/hook/ament_prefix_path.sh'
[0.358s] INFO:colcon.colcon_core.shell:Skip shell extension 'powershell' for command environment: Not usable outside of PowerShell
[0.358s] DEBUG:colcon.colcon_core.shell:Skip shell extension 'dsv' for command environment
[0.609s] INFO:colcon.colcon_core.task.python.build:Building Python package in '/home/eds-spiderbyte-01/ros2_motor/src/key_input'
[0.609s] INFO:colcon.colcon_core.shell:Skip shell extension 'powershell' for command environment: Not usable outside of PowerShell
[0.609s] DEBUG:colcon.colcon_core.shell:Skip shell extension 'dsv' for command environment
[0.847s] INFO:colcon.colcon_core.task.python.build:Building Python package in '/home/eds-spiderbyte-01/ros2_motor/src/servo_control'
[0.848s] INFO:colcon.colcon_core.shell:Skip shell extension 'powershell' for command environment: Not usable outside of PowerShell
[0.848s] DEBUG:colcon.colcon_core.shell:Skip shell extension 'dsv' for command environment
[1.088s] INFO:colcon.colcon_core.task.python.build:Building Python package in '/home/eds-spiderbyte-01/ros2_motor/src/two_keys'
[1.088s] INFO:colcon.colcon_core.shell:Skip shell extension 'powershell' for command environment: Not usable outside of PowerShell
[1.088s] DEBUG:colcon.colcon_core.shell:Skip shell extension 'dsv' for command environment
[1.484s] DEBUG:colcon.colcon_core.event_handler.log_command:Invoking command in '/home/eds-spiderbyte-01/ros2_motor/src/servo_control': PYTHONPATH=/home/eds-spiderbyte-01/ros2_motor/build/servo_control/prefix_override:/usr/lib/python3/dist-packages/colcon_core/task/python/colcon_distutils_commands:/home/eds-spiderbyte-01/ros2_motor/install/servo_control/lib/python3.10/site-packages:${PYTHONPATH} /usr/bin/python3 -W ignore:setup.py install is deprecated -W ignore:easy_install command is deprecated setup.py egg_info --egg-base ../../build/servo_control build --build-base /home/eds-spiderbyte-01/ros2_motor/build/servo_control/build install --record /home/eds-spiderbyte-01/ros2_motor/build/servo_control/install.log --single-version-externally-managed install_data
[1.488s] DEBUG:colcon.colcon_core.event_handler.log_command:Invoking command in '/home/eds-spiderbyte-01/ros2_motor/src/key_input': PYTHONPATH=/home/eds-spiderbyte-01/ros2_motor/build/key_input/prefix_override:/usr/lib/python3/dist-packages/colcon_core/task/python/colcon_distutils_commands:/home/eds-spiderbyte-01/ros2_motor/install/key_input/lib/python3.10/site-packages:${PYTHONPATH} /usr/bin/python3 -W ignore:setup.py install is deprecated -W ignore:easy_install command is deprecated setup.py egg_info --egg-base ../../build/key_input build --build-base /home/eds-spiderbyte-01/ros2_motor/build/key_input/build install --record /home/eds-spiderbyte-01/ros2_motor/build/key_input/install.log --single-version-externally-managed install_data
[1.493s] DEBUG:colcon.colcon_core.event_handler.log_command:Invoking command in '/home/eds-spiderbyte-01/ros2_motor/src/two_keys': PYTHONPATH=/home/eds-spiderbyte-01/ros2_motor/build/two_keys/prefix_override:/usr/lib/python3/dist-packages/colcon_core/task/python/colcon_distutils_commands:/home/eds-spiderbyte-01/ros2_motor/install/two_keys/lib/python3.10/site-packages:${PYTHONPATH} /usr/bin/python3 -W ignore:setup.py install is deprecated -W ignore:easy_install command is deprecated setup.py egg_info --egg-base ../../build/two_keys build --build-base /home/eds-spiderbyte-01/ros2_motor/build/two_keys/build install --record /home/eds-spiderbyte-01/ros2_motor/build/two_keys/install.log --single-version-externally-managed install_data
[1.826s] DEBUG:colcon.colcon_core.event_handler.log_command:Invoked command in '/home/eds-spiderbyte-01/ros2_motor/src/servo_control' returned '0': PYTHONPATH=/home/eds-spiderbyte-01/ros2_motor/build/servo_control/prefix_override:/usr/lib/python3/dist-packages/colcon_core/task/python/colcon_distutils_commands:/home/eds-spiderbyte-01/ros2_motor/install/servo_control/lib/python3.10/site-packages:${PYTHONPATH} /usr/bin/python3 -W ignore:setup.py install is deprecated -W ignore:easy_install command is deprecated setup.py egg_info --egg-base ../../build/servo_control build --build-base /home/eds-spiderbyte-01/ros2_motor/build/servo_control/build install --record /home/eds-spiderbyte-01/ros2_motor/build/servo_control/install.log --single-version-externally-managed install_data
[1.829s] Level 1:colcon.colcon_core.environment:checking '/home/eds-spiderbyte-01/ros2_motor/install/servo_control' for CMake module files
[1.830s] Level 1:colcon.colcon_core.environment:checking '/home/eds-spiderbyte-01/ros2_motor/install/servo_control' for CMake config files
[1.831s] Level 1:colcon.colcon_core.environment:checking '/home/eds-spiderbyte-01/ros2_motor/install/servo_control/lib'
[1.831s] Level 1:colcon.colcon_core.environment:checking '/home/eds-spiderbyte-01/ros2_motor/install/servo_control/bin'
[1.831s] Level 1:colcon.colcon_core.environment:checking '/home/eds-spiderbyte-01/ros2_motor/install/servo_control/lib/pkgconfig/servo_control.pc'
[1.832s] Level 1:colcon.colcon_core.environment:checking '/home/eds-spiderbyte-01/ros2_motor/install/servo_control/lib/python3.10/site-packages'
[1.832s] Level 1:colcon.colcon_core.shell:create_environment_hook('servo_control', 'pythonpath')
[1.832s] INFO:colcon.colcon_core.shell:Creating environment hook '/home/eds-spiderbyte-01/ros2_motor/install/servo_control/share/servo_control/hook/pythonpath.ps1'
[1.833s] INFO:colcon.colcon_core.shell:Creating environment descriptor '/home/eds-spiderbyte-01/ros2_motor/install/servo_control/share/servo_control/hook/pythonpath.dsv'
[1.833s] INFO:colcon.colcon_core.shell:Creating environment hook '/home/eds-spiderbyte-01/ros2_motor/install/servo_control/share/servo_control/hook/pythonpath.sh'
[1.834s] Level 1:colcon.colcon_core.environment:checking '/home/eds-spiderbyte-01/ros2_motor/install/servo_control/bin'
[1.834s] Level 1:colcon.colcon_core.environment:create_environment_scripts_only(servo_control)
[1.834s] INFO:colcon.colcon_core.shell:Creating package script '/home/eds-spiderbyte-01/ros2_motor/install/servo_control/share/servo_control/package.ps1'
[1.836s] INFO:colcon.colcon_core.shell:Creating package descriptor '/home/eds-spiderbyte-01/ros2_motor/install/servo_control/share/servo_control/package.dsv'
[1.836s] INFO:colcon.colcon_core.shell:Creating package script '/home/eds-spiderbyte-01/ros2_motor/install/servo_control/share/servo_control/package.sh'
[1.837s] INFO:colcon.colcon_core.shell:Creating package script '/home/eds-spiderbyte-01/ros2_motor/install/servo_control/share/servo_control/package.bash'
[1.838s] INFO:colcon.colcon_core.shell:Creating package script '/home/eds-spiderbyte-01/ros2_motor/install/servo_control/share/servo_control/package.zsh'
[1.839s] Level 1:colcon.colcon_core.environment:create_file_with_runtime_dependencies(/home/eds-spiderbyte-01/ros2_motor/install/servo_control/share/colcon-core/packages/servo_control)
[1.841s] Level 1:colcon.colcon_core.environment:checking '/home/eds-spiderbyte-01/ros2_motor/install/key_input' for CMake module files
[1.842s] DEBUG:colcon.colcon_core.event_handler.log_command:Invoked command in '/home/eds-spiderbyte-01/ros2_motor/src/key_input' returned '0': PYTHONPATH=/home/eds-spiderbyte-01/ros2_motor/build/key_input/prefix_override:/usr/lib/python3/dist-packages/colcon_core/task/python/colcon_distutils_commands:/home/eds-spiderbyte-01/ros2_motor/install/key_input/lib/python3.10/site-packages:${PYTHONPATH} /usr/bin/python3 -W ignore:setup.py install is deprecated -W ignore:easy_install command is deprecated setup.py egg_info --egg-base ../../build/key_input build --build-base /home/eds-spiderbyte-01/ros2_motor/build/key_input/build install --record /home/eds-spiderbyte-01/ros2_motor/build/key_input/install.log --single-version-externally-managed install_data
[1.842s] Level 1:colcon.colcon_core.environment:checking '/home/eds-spiderbyte-01/ros2_motor/install/key_input' for CMake config files
[1.843s] Level 1:colcon.colcon_core.environment:checking '/home/eds-spiderbyte-01/ros2_motor/install/key_input/lib'
[1.843s] Level 1:colcon.colcon_core.environment:checking '/home/eds-spiderbyte-01/ros2_motor/install/key_input/bin'
[1.843s] Level 1:colcon.colcon_core.environment:checking '/home/eds-spiderbyte-01/ros2_motor/install/key_input/lib/pkgconfig/key_input.pc'
[1.844s] Level 1:colcon.colcon_core.environment:checking '/home/eds-spiderbyte-01/ros2_motor/install/key_input/lib/python3.10/site-packages'
[1.844s] Level 1:colcon.colcon_core.shell:create_environment_hook('key_input', 'pythonpath')
[1.844s] INFO:colcon.colcon_core.shell:Creating environment hook '/home/eds-spiderbyte-01/ros2_motor/install/key_input/share/key_input/hook/pythonpath.ps1'
[1.845s] INFO:colcon.colcon_core.shell:Creating environment descriptor '/home/eds-spiderbyte-01/ros2_motor/install/key_input/share/key_input/hook/pythonpath.dsv'
[1.845s] INFO:colcon.colcon_core.shell:Creating environment hook '/home/eds-spiderbyte-01/ros2_motor/install/key_input/share/key_input/hook/pythonpath.sh'
[1.846s] Level 1:colcon.colcon_core.environment:checking '/home/eds-spiderbyte-01/ros2_motor/install/key_input/bin'
[1.846s] Level 1:colcon.colcon_core.environment:create_environment_scripts_only(key_input)
[1.847s] INFO:colcon.colcon_core.shell:Creating package script '/home/eds-spiderbyte-01/ros2_motor/install/key_input/share/key_input/package.ps1'
[1.848s] INFO:colcon.colcon_core.shell:Creating package descriptor '/home/eds-spiderbyte-01/ros2_motor/install/key_input/share/key_input/package.dsv'
[1.848s] INFO:colcon.colcon_core.shell:Creating package script '/home/eds-spiderbyte-01/ros2_motor/install/key_input/share/key_input/package.sh'
[1.849s] INFO:colcon.colcon_core.shell:Creating package script '/home/eds-spiderbyte-01/ros2_motor/install/key_input/share/key_input/package.bash'
[1.849s] INFO:colcon.colcon_core.shell:Creating package script '/home/eds-spiderbyte-01/ros2_motor/install/key_input/share/key_input/package.zsh'
[1.850s] Level 1:colcon.colcon_core.environment:create_file_with_runtime_dependencies(/home/eds-spiderbyte-01/ros2_motor/install/key_input/share/colcon-core/packages/key_input)
[1.851s] Level 1:colcon.colcon_core.environment:checking '/home/eds-spiderbyte-01/ros2_motor/install/two_keys' for CMake module files
[1.852s] Level 1:colcon.colcon_core.environment:checking '/home/eds-spiderbyte-01/ros2_motor/install/two_keys' for CMake config files
[1.853s] DEBUG:colcon.colcon_core.event_handler.log_command:Invoked command in '/home/eds-spiderbyte-01/ros2_motor/src/two_keys' returned '0': PYTHONPATH=/home/eds-spiderbyte-01/ros2_motor/build/two_keys/prefix_override:/usr/lib/python3/dist-packages/colcon_core/task/python/colcon_distutils_commands:/home/eds-spiderbyte-01/ros2_motor/install/two_keys/lib/python3.10/site-packages:${PYTHONPATH} /usr/bin/python3 -W ignore:setup.py install is deprecated -W ignore:easy_install command is deprecated setup.py egg_info --egg-base ../../build/two_keys build --build-base /home/eds-spiderbyte-01/ros2_motor/build/two_keys/build install --record /home/eds-spiderbyte-01/ros2_motor/build/two_keys/install.log --single-version-externally-managed install_data
[1.854s] Level 1:colcon.colcon_core.environment:checking '/home/eds-spiderbyte-01/ros2_motor/install/two_keys/lib'
[1.854s] Level 1:colcon.colcon_core.environment:checking '/home/eds-spiderbyte-01/ros2_motor/install/two_keys/bin'
[1.854s] Level 1:colcon.colcon_core.environment:checking '/home/eds-spiderbyte-01/ros2_motor/install/two_keys/lib/pkgconfig/two_keys.pc'
[1.854s] Level 1:colcon.colcon_core.environment:checking '/home/eds-spiderbyte-01/ros2_motor/install/two_keys/lib/python3.10/site-packages'
[1.854s] Level 1:colcon.colcon_core.shell:create_environment_hook('two_keys', 'pythonpath')
[1.855s] INFO:colcon.colcon_core.shell:Creating environment hook '/home/eds-spiderbyte-01/ros2_motor/install/two_keys/share/two_keys/hook/pythonpath.ps1'
[1.855s] INFO:colcon.colcon_core.shell:Creating environment descriptor '/home/eds-spiderbyte-01/ros2_motor/install/two_keys/share/two_keys/hook/pythonpath.dsv'
[1.856s] INFO:colcon.colcon_core.shell:Creating environment hook '/home/eds-spiderbyte-01/ros2_motor/install/two_keys/share/two_keys/hook/pythonpath.sh'
[1.857s] Level 1:colcon.colcon_core.environment:checking '/home/eds-spiderbyte-01/ros2_motor/install/two_keys/bin'
[1.857s] Level 1:colcon.colcon_core.environment:create_environment_scripts_only(two_keys)
[1.857s] INFO:colcon.colcon_core.shell:Creating package script '/home/eds-spiderbyte-01/ros2_motor/install/two_keys/share/two_keys/package.ps1'
[1.858s] INFO:colcon.colcon_core.shell:Creating package descriptor '/home/eds-spiderbyte-01/ros2_motor/install/two_keys/share/two_keys/package.dsv'
[1.858s] INFO:colcon.colcon_core.shell:Creating package script '/home/eds-spiderbyte-01/ros2_motor/install/two_keys/share/two_keys/package.sh'
[1.859s] INFO:colcon.colcon_core.shell:Creating package script '/home/eds-spiderbyte-01/ros2_motor/install/two_keys/share/two_keys/package.bash'
[1.859s] INFO:colcon.colcon_core.shell:Creating package script '/home/eds-spiderbyte-01/ros2_motor/install/two_keys/share/two_keys/package.zsh'
[1.860s] Level 1:colcon.colcon_core.environment:create_file_with_runtime_dependencies(/home/eds-spiderbyte-01/ros2_motor/install/two_keys/share/colcon-core/packages/two_keys)
[1.860s] DEBUG:colcon.colcon_parallel_executor.executor.parallel:closing loop
[1.860s] DEBUG:colcon.colcon_parallel_executor.executor.parallel:loop closed
[1.860s] DEBUG:colcon.colcon_parallel_executor.executor.parallel:run_until_complete finished with '0'
[1.861s] DEBUG:colcon.colcon_core.event_reactor:joining thread
[1.866s] INFO:colcon.colcon_core.plugin_system:Skipping extension 'colcon_notification.desktop_notification.terminal_notifier': Not used on non-Darwin systems
[1.867s] INFO:colcon.colcon_core.plugin_system:Skipping extension 'colcon_notification.desktop_notification.win32': Not used on non-Windows systems
[1.867s] INFO:colcon.colcon_notification.desktop_notification:Sending desktop notification using 'notify2'
[1.878s] DEBUG:colcon.colcon_core.event_reactor:joined thread
[1.879s] INFO:colcon.colcon_core.shell:Creating prefix script '/home/eds-spiderbyte-01/ros2_motor/install/local_setup.ps1'
[1.880s] INFO:colcon.colcon_core.shell:Creating prefix util module '/home/eds-spiderbyte-01/ros2_motor/install/_local_setup_util_ps1.py'
[1.881s] INFO:colcon.colcon_core.shell:Creating prefix chain script '/home/eds-spiderbyte-01/ros2_motor/install/setup.ps1'
[1.882s] INFO:colcon.colcon_core.shell:Creating prefix script '/home/eds-spiderbyte-01/ros2_motor/install/local_setup.sh'
[1.883s] INFO:colcon.colcon_core.shell:Creating prefix util module '/home/eds-spiderbyte-01/ros2_motor/install/_local_setup_util_sh.py'
[1.884s] INFO:colcon.colcon_core.shell:Creating prefix chain script '/home/eds-spiderbyte-01/ros2_motor/install/setup.sh'
[1.885s] INFO:colcon.colcon_core.shell:Creating prefix script '/home/eds-spiderbyte-01/ros2_motor/install/local_setup.bash'
[1.886s] INFO:colcon.colcon_core.shell:Creating prefix chain script '/home/eds-spiderbyte-01/ros2_motor/install/setup.bash'
[1.887s] INFO:colcon.colcon_core.shell:Creating prefix script '/home/eds-spiderbyte-01/ros2_motor/install/local_setup.zsh'
[1.887s] INFO:colcon.colcon_core.shell:Creating prefix chain script '/home/eds-spiderbyte-01/ros2_motor/install/setup.zsh'
