[2.483s] Invoking command in '/home/eds-spiderbyte-01/ros2_motor/src/servo_control': PYTHONPATH=/home/eds-spiderbyte-01/ros2_motor/build/servo_control/prefix_override:/usr/lib/python3/dist-packages/colcon_core/task/python/colcon_distutils_commands:/home/eds-spiderbyte-01/ros2_motor/install/servo_control/lib/python3.10/site-packages:${PYTHONPATH} /usr/bin/python3 -W ignore:setup.py install is deprecated -W ignore:easy_install command is deprecated setup.py egg_info --egg-base ../../build/servo_control build --build-base /home/eds-spiderbyte-01/ros2_motor/build/servo_control/build install --record /home/eds-spiderbyte-01/ros2_motor/build/servo_control/install.log --single-version-externally-managed install_data
[3.639s] running egg_info
[3.641s] writing ../../build/servo_control/servo_control.egg-info/PKG-INFO
[3.642s] writing dependency_links to ../../build/servo_control/servo_control.egg-info/dependency_links.txt
[3.643s] writing entry points to ../../build/servo_control/servo_control.egg-info/entry_points.txt
[3.644s] writing requirements to ../../build/servo_control/servo_control.egg-info/requires.txt
[3.644s] writing top-level names to ../../build/servo_control/servo_control.egg-info/top_level.txt
[3.653s] reading manifest file '../../build/servo_control/servo_control.egg-info/SOURCES.txt'
[3.657s] writing manifest file '../../build/servo_control/servo_control.egg-info/SOURCES.txt'
[3.657s] running build
[3.658s] running build_py
[3.658s] running install
[3.660s] running install_lib
[3.665s] running install_data
[3.666s] running install_egg_info
[3.673s] removing '/home/eds-spiderbyte-01/ros2_motor/install/servo_control/lib/python3.10/site-packages/servo_control-0.0.0-py3.10.egg-info' (and everything under it)
[3.675s] Copying ../../build/servo_control/servo_control.egg-info to /home/eds-spiderbyte-01/ros2_motor/install/servo_control/lib/python3.10/site-packages/servo_control-0.0.0-py3.10.egg-info
[3.679s] running install_scripts
[3.772s] writing list of installed files to '/home/eds-spiderbyte-01/ros2_motor/build/servo_control/install.log'
[3.856s] Invoked command in '/home/eds-spiderbyte-01/ros2_motor/src/servo_control' returned '0': PYTHONPATH=/home/eds-spiderbyte-01/ros2_motor/build/servo_control/prefix_override:/usr/lib/python3/dist-packages/colcon_core/task/python/colcon_distutils_commands:/home/eds-spiderbyte-01/ros2_motor/install/servo_control/lib/python3.10/site-packages:${PYTHONPATH} /usr/bin/python3 -W ignore:setup.py install is deprecated -W ignore:easy_install command is deprecated setup.py egg_info --egg-base ../../build/servo_control build --build-base /home/eds-spiderbyte-01/ros2_motor/build/servo_control/build install --record /home/eds-spiderbyte-01/ros2_motor/build/servo_control/install.log --single-version-externally-managed install_data
