[1.966s] Invoking command in '/home/eds-spiderbyte-01/ros2_motor/src/two_motors': PYTHONPATH=/home/eds-spiderbyte-01/ros2_motor/build/two_motors/prefix_override:/usr/lib/python3/dist-packages/colcon_core/task/python/colcon_distutils_commands:/home/eds-spiderbyte-01/ros2_motor/install/two_motors/lib/python3.10/site-packages:${PYTHONPATH} /usr/bin/python3 -W ignore:setup.py install is deprecated -W ignore:easy_install command is deprecated setup.py egg_info --egg-base ../../build/two_motors build --build-base /home/eds-spiderbyte-01/ros2_motor/build/two_motors/build install --record /home/eds-spiderbyte-01/ros2_motor/build/two_motors/install.log --single-version-externally-managed install_data
[2.288s] running egg_info
[2.288s] writing ../../build/two_motors/two_motors.egg-info/PKG-INFO
[2.288s] writing dependency_links to ../../build/two_motors/two_motors.egg-info/dependency_links.txt
[2.288s] writing entry points to ../../build/two_motors/two_motors.egg-info/entry_points.txt
[2.289s] writing requirements to ../../build/two_motors/two_motors.egg-info/requires.txt
[2.289s] writing top-level names to ../../build/two_motors/two_motors.egg-info/top_level.txt
[2.290s] reading manifest file '../../build/two_motors/two_motors.egg-info/SOURCES.txt'
[2.291s] writing manifest file '../../build/two_motors/two_motors.egg-info/SOURCES.txt'
[2.291s] running build
[2.292s] running build_py
[2.292s] running install
[2.292s] running install_lib
[2.293s] running install_data
[2.293s] running install_egg_info
[2.295s] removing '/home/eds-spiderbyte-01/ros2_motor/install/two_motors/lib/python3.10/site-packages/two_motors-0.0.0-py3.10.egg-info' (and everything under it)
[2.295s] Copying ../../build/two_motors/two_motors.egg-info to /home/eds-spiderbyte-01/ros2_motor/install/two_motors/lib/python3.10/site-packages/two_motors-0.0.0-py3.10.egg-info
[2.296s] running install_scripts
[2.315s] Installing leg_pub script to /home/eds-spiderbyte-01/ros2_motor/install/two_motors/lib/two_motors
[2.315s] Installing leg_sub script to /home/eds-spiderbyte-01/ros2_motor/install/two_motors/lib/two_motors
[2.315s] writing list of installed files to '/home/eds-spiderbyte-01/ros2_motor/build/two_motors/install.log'
[2.346s] Invoked command in '/home/eds-spiderbyte-01/ros2_motor/src/two_motors' returned '0': PYTHONPATH=/home/eds-spiderbyte-01/ros2_motor/build/two_motors/prefix_override:/usr/lib/python3/dist-packages/colcon_core/task/python/colcon_distutils_commands:/home/eds-spiderbyte-01/ros2_motor/install/two_motors/lib/python3.10/site-packages:${PYTHONPATH} /usr/bin/python3 -W ignore:setup.py install is deprecated -W ignore:easy_install command is deprecated setup.py egg_info --egg-base ../../build/two_motors build --build-base /home/eds-spiderbyte-01/ros2_motor/build/two_motors/build install --record /home/eds-spiderbyte-01/ros2_motor/build/two_motors/install.log --single-version-externally-managed install_data
