/home/eds-spiderbyte-01/ros2_motor/install/single_leg/lib/python3.10/site-packages/single_leg/point_to_point.py
/home/eds-spiderbyte-01/ros2_motor/install/single_leg/lib/python3.10/site-packages/single_leg/linear_motion.py
/home/eds-spiderbyte-01/ros2_motor/install/single_leg/lib/python3.10/site-packages/single_leg/__init__.py
/home/eds-spiderbyte-01/ros2_motor/install/single_leg/lib/python3.10/site-packages/single_leg/equa.py
/home/eds-spiderbyte-01/ros2_motor/install/single_leg/lib/python3.10/site-packages/single_leg/XY_plane.py
/home/eds-spiderbyte-01/ros2_motor/install/single_leg/lib/python3.10/site-packages/single_leg/common_sub.py
/home/eds-spiderbyte-01/ros2_motor/install/single_leg/lib/python3.10/site-packages/single_leg/__pycache__/point_to_point.cpython-310.pyc
/home/eds-spiderbyte-01/ros2_motor/install/single_leg/lib/python3.10/site-packages/single_leg/__pycache__/linear_motion.cpython-310.pyc
/home/eds-spiderbyte-01/ros2_motor/install/single_leg/lib/python3.10/site-packages/single_leg/__pycache__/__init__.cpython-310.pyc
/home/eds-spiderbyte-01/ros2_motor/install/single_leg/lib/python3.10/site-packages/single_leg/__pycache__/equa.cpython-310.pyc
/home/eds-spiderbyte-01/ros2_motor/install/single_leg/lib/python3.10/site-packages/single_leg/__pycache__/XY_plane.cpython-310.pyc
/home/eds-spiderbyte-01/ros2_motor/install/single_leg/lib/python3.10/site-packages/single_leg/__pycache__/common_sub.cpython-310.pyc
/home/eds-spiderbyte-01/ros2_motor/install/single_leg/share/ament_index/resource_index/packages/single_leg
/home/eds-spiderbyte-01/ros2_motor/install/single_leg/share/single_leg/package.xml
/home/eds-spiderbyte-01/ros2_motor/install/single_leg/lib/python3.10/site-packages/single_leg-0.0.0-py3.10.egg-info/entry_points.txt
/home/eds-spiderbyte-01/ros2_motor/install/single_leg/lib/python3.10/site-packages/single_leg-0.0.0-py3.10.egg-info/dependency_links.txt
/home/eds-spiderbyte-01/ros2_motor/install/single_leg/lib/python3.10/site-packages/single_leg-0.0.0-py3.10.egg-info/requires.txt
/home/eds-spiderbyte-01/ros2_motor/install/single_leg/lib/python3.10/site-packages/single_leg-0.0.0-py3.10.egg-info/SOURCES.txt
/home/eds-spiderbyte-01/ros2_motor/install/single_leg/lib/python3.10/site-packages/single_leg-0.0.0-py3.10.egg-info/PKG-INFO
/home/eds-spiderbyte-01/ros2_motor/install/single_leg/lib/python3.10/site-packages/single_leg-0.0.0-py3.10.egg-info/top_level.txt
/home/eds-spiderbyte-01/ros2_motor/install/single_leg/lib/python3.10/site-packages/single_leg-0.0.0-py3.10.egg-info/zip-safe
/home/eds-spiderbyte-01/ros2_motor/install/single_leg/lib/single_leg/XY_plane
/home/eds-spiderbyte-01/ros2_motor/install/single_leg/lib/single_leg/common_sub
/home/eds-spiderbyte-01/ros2_motor/install/single_leg/lib/single_leg/equa
/home/eds-spiderbyte-01/ros2_motor/install/single_leg/lib/single_leg/point_to_point
