[1.933s] Invoking command in '/home/eds-spiderbyte-01/ros2_motor/src/key_input': PYTHONPATH=/home/eds-spiderbyte-01/ros2_motor/build/key_input/prefix_override:/usr/lib/python3/dist-packages/colcon_core/task/python/colcon_distutils_commands:/home/eds-spiderbyte-01/ros2_motor/install/key_input/lib/python3.10/site-packages:${PYTHONPATH} /usr/bin/python3 -W ignore:setup.py install is deprecated -W ignore:easy_install command is deprecated setup.py egg_info --egg-base ../../build/key_input build --build-base /home/eds-spiderbyte-01/ros2_motor/build/key_input/build install --record /home/eds-spiderbyte-01/ros2_motor/build/key_input/install.log --single-version-externally-managed install_data
[2.301s] running egg_info
[2.301s] writing ../../build/key_input/key_input.egg-info/PKG-INFO
[2.302s] writing dependency_links to ../../build/key_input/key_input.egg-info/dependency_links.txt
[2.302s] writing entry points to ../../build/key_input/key_input.egg-info/entry_points.txt
[2.302s] writing requirements to ../../build/key_input/key_input.egg-info/requires.txt
[2.302s] writing top-level names to ../../build/key_input/key_input.egg-info/top_level.txt
[2.305s] reading manifest file '../../build/key_input/key_input.egg-info/SOURCES.txt'
[2.306s] writing manifest file '../../build/key_input/key_input.egg-info/SOURCES.txt'
[2.306s] running build
[2.307s] running build_py
[2.307s] running install
[2.307s] running install_lib
[2.310s] running install_data
[2.310s] running install_egg_info
[2.313s] removing '/home/eds-spiderbyte-01/ros2_motor/install/key_input/lib/python3.10/site-packages/key_input-0.0.0-py3.10.egg-info' (and everything under it)
[2.314s] Copying ../../build/key_input/key_input.egg-info to /home/eds-spiderbyte-01/ros2_motor/install/key_input/lib/python3.10/site-packages/key_input-0.0.0-py3.10.egg-info
[2.315s] running install_scripts
[2.349s] Installing Servo_Input script to /home/eds-spiderbyte-01/ros2_motor/install/key_input/lib/key_input
[2.349s] Installing Servo_Input_Subscriber script to /home/eds-spiderbyte-01/ros2_motor/install/key_input/lib/key_input
[2.350s] writing list of installed files to '/home/eds-spiderbyte-01/ros2_motor/build/key_input/install.log'
[2.393s] Invoked command in '/home/eds-spiderbyte-01/ros2_motor/src/key_input' returned '0': PYTHONPATH=/home/eds-spiderbyte-01/ros2_motor/build/key_input/prefix_override:/usr/lib/python3/dist-packages/colcon_core/task/python/colcon_distutils_commands:/home/eds-spiderbyte-01/ros2_motor/install/key_input/lib/python3.10/site-packages:${PYTHONPATH} /usr/bin/python3 -W ignore:setup.py install is deprecated -W ignore:easy_install command is deprecated setup.py egg_info --egg-base ../../build/key_input build --build-base /home/eds-spiderbyte-01/ros2_motor/build/key_input/build install --record /home/eds-spiderbyte-01/ros2_motor/build/key_input/install.log --single-version-externally-managed install_data
