[1.879s] Invoking command in '/home/eds-spiderbyte-01/ros2_motor/src/single_leg': PYTHONPATH=/home/eds-spiderbyte-01/ros2_motor/build/single_leg/prefix_override:/usr/lib/python3/dist-packages/colcon_core/task/python/colcon_distutils_commands:/home/eds-spiderbyte-01/ros2_motor/install/single_leg/lib/python3.10/site-packages:${PYTHONPATH} /usr/bin/python3 -W ignore:setup.py install is deprecated -W ignore:easy_install command is deprecated setup.py egg_info --egg-base ../../build/single_leg build --build-base /home/eds-spiderbyte-01/ros2_motor/build/single_leg/build install --record /home/eds-spiderbyte-01/ros2_motor/build/single_leg/install.log --single-version-externally-managed install_data
[2.231s] running egg_info
[2.232s] writing ../../build/single_leg/single_leg.egg-info/PKG-INFO
[2.234s] writing dependency_links to ../../build/single_leg/single_leg.egg-info/dependency_links.txt
[2.234s] writing entry points to ../../build/single_leg/single_leg.egg-info/entry_points.txt
[2.234s] writing requirements to ../../build/single_leg/single_leg.egg-info/requires.txt
[2.234s] writing top-level names to ../../build/single_leg/single_leg.egg-info/top_level.txt
[2.235s] reading manifest file '../../build/single_leg/single_leg.egg-info/SOURCES.txt'
[2.236s] writing manifest file '../../build/single_leg/single_leg.egg-info/SOURCES.txt'
[2.236s] running build
[2.236s] running build_py
[2.237s] copying single_leg/point_to_point.py -> /home/eds-spiderbyte-01/ros2_motor/build/single_leg/build/lib/single_leg
[2.237s] copying single_leg/common_sub.py -> /home/eds-spiderbyte-01/ros2_motor/build/single_leg/build/lib/single_leg
[2.237s] running install
[2.238s] running install_lib
[2.240s] copying /home/eds-spiderbyte-01/ros2_motor/build/single_leg/build/lib/single_leg/point_to_point.py -> /home/eds-spiderbyte-01/ros2_motor/install/single_leg/lib/python3.10/site-packages/single_leg
[2.240s] copying /home/eds-spiderbyte-01/ros2_motor/build/single_leg/build/lib/single_leg/common_sub.py -> /home/eds-spiderbyte-01/ros2_motor/install/single_leg/lib/python3.10/site-packages/single_leg
[2.241s] byte-compiling /home/eds-spiderbyte-01/ros2_motor/install/single_leg/lib/python3.10/site-packages/single_leg/point_to_point.py to point_to_point.cpython-310.pyc
[2.242s] byte-compiling /home/eds-spiderbyte-01/ros2_motor/install/single_leg/lib/python3.10/site-packages/single_leg/common_sub.py to common_sub.cpython-310.pyc
[2.243s] running install_data
[2.243s] running install_egg_info
[2.245s] removing '/home/eds-spiderbyte-01/ros2_motor/install/single_leg/lib/python3.10/site-packages/single_leg-0.0.0-py3.10.egg-info' (and everything under it)
[2.245s] Copying ../../build/single_leg/single_leg.egg-info to /home/eds-spiderbyte-01/ros2_motor/install/single_leg/lib/python3.10/site-packages/single_leg-0.0.0-py3.10.egg-info
[2.246s] running install_scripts
[2.278s] Installing common_sub script to /home/eds-spiderbyte-01/ros2_motor/install/single_leg/lib/single_leg
[2.278s] Installing point_to_point script to /home/eds-spiderbyte-01/ros2_motor/install/single_leg/lib/single_leg
[2.278s] writing list of installed files to '/home/eds-spiderbyte-01/ros2_motor/build/single_leg/install.log'
[2.310s] Invoked command in '/home/eds-spiderbyte-01/ros2_motor/src/single_leg' returned '0': PYTHONPATH=/home/eds-spiderbyte-01/ros2_motor/build/single_leg/prefix_override:/usr/lib/python3/dist-packages/colcon_core/task/python/colcon_distutils_commands:/home/eds-spiderbyte-01/ros2_motor/install/single_leg/lib/python3.10/site-packages:${PYTHONPATH} /usr/bin/python3 -W ignore:setup.py install is deprecated -W ignore:easy_install command is deprecated setup.py egg_info --egg-base ../../build/single_leg build --build-base /home/eds-spiderbyte-01/ros2_motor/build/single_leg/build install --record /home/eds-spiderbyte-01/ros2_motor/build/single_leg/install.log --single-version-externally-managed install_data
