running egg_info
creating ../../build/two_motors/two_motors.egg-info
writing ../../build/two_motors/two_motors.egg-info/PKG-INFO
writing dependency_links to ../../build/two_motors/two_motors.egg-info/dependency_links.txt
writing entry points to ../../build/two_motors/two_motors.egg-info/entry_points.txt
writing requirements to ../../build/two_motors/two_motors.egg-info/requires.txt
writing top-level names to ../../build/two_motors/two_motors.egg-info/top_level.txt
writing manifest file '../../build/two_motors/two_motors.egg-info/SOURCES.txt'
reading manifest file '../../build/two_motors/two_motors.egg-info/SOURCES.txt'
writing manifest file '../../build/two_motors/two_motors.egg-info/SOURCES.txt'
running build
running build_py
creating /home/eds-spiderbyte-01/ros2_motor/build/two_motors/build
creating /home/eds-spiderbyte-01/ros2_motor/build/two_motors/build/lib
creating /home/eds-spiderbyte-01/ros2_motor/build/two_motors/build/lib/two_motors
copying two_motors/__init__.py -> /home/eds-spiderbyte-01/ros2_motor/build/two_motors/build/lib/two_motors
running install
running install_lib
creating /home/eds-spiderbyte-01/ros2_motor/install/two_motors/lib/python3.10/site-packages/two_motors
copying /home/eds-spiderbyte-01/ros2_motor/build/two_motors/build/lib/two_motors/__init__.py -> /home/eds-spiderbyte-01/ros2_motor/install/two_motors/lib/python3.10/site-packages/two_motors
byte-compiling /home/eds-spiderbyte-01/ros2_motor/install/two_motors/lib/python3.10/site-packages/two_motors/__init__.py to __init__.cpython-310.pyc
running install_data
creating /home/eds-spiderbyte-01/ros2_motor/install/two_motors/share/ament_index
creating /home/eds-spiderbyte-01/ros2_motor/install/two_motors/share/ament_index/resource_index
creating /home/eds-spiderbyte-01/ros2_motor/install/two_motors/share/ament_index/resource_index/packages
copying resource/two_motors -> /home/eds-spiderbyte-01/ros2_motor/install/two_motors/share/ament_index/resource_index/packages
copying package.xml -> /home/eds-spiderbyte-01/ros2_motor/install/two_motors/share/two_motors
running install_egg_info
Copying ../../build/two_motors/two_motors.egg-info to /home/eds-spiderbyte-01/ros2_motor/install/two_motors/lib/python3.10/site-packages/two_motors-0.0.0-py3.10.egg-info
running install_scripts
writing list of installed files to '/home/eds-spiderbyte-01/ros2_motor/build/two_motors/install.log'
