[1.403s] Invoking command in '/home/eds-spiderbyte-01/ros2_motor/src/two_motors': PYTHONPATH=/home/eds-spiderbyte-01/ros2_motor/build/two_motors/prefix_override:/usr/lib/python3/dist-packages/colcon_core/task/python/colcon_distutils_commands:/home/eds-spiderbyte-01/ros2_motor/install/two_motors/lib/python3.10/site-packages:${PYTHONPATH} /usr/bin/python3 -W ignore:setup.py install is deprecated -W ignore:easy_install command is deprecated setup.py egg_info --egg-base ../../build/two_motors build --build-base /home/eds-spiderbyte-01/ros2_motor/build/two_motors/build install --record /home/eds-spiderbyte-01/ros2_motor/build/two_motors/install.log --single-version-externally-managed install_data
[1.696s] running egg_info
[1.696s] creating ../../build/two_motors/two_motors.egg-info
[1.697s] writing ../../build/two_motors/two_motors.egg-info/PKG-INFO
[1.697s] writing dependency_links to ../../build/two_motors/two_motors.egg-info/dependency_links.txt
[1.697s] writing entry points to ../../build/two_motors/two_motors.egg-info/entry_points.txt
[1.697s] writing requirements to ../../build/two_motors/two_motors.egg-info/requires.txt
[1.698s] writing top-level names to ../../build/two_motors/two_motors.egg-info/top_level.txt
[1.698s] writing manifest file '../../build/two_motors/two_motors.egg-info/SOURCES.txt'
[1.699s] reading manifest file '../../build/two_motors/two_motors.egg-info/SOURCES.txt'
[1.701s] writing manifest file '../../build/two_motors/two_motors.egg-info/SOURCES.txt'
[1.701s] running build
[1.701s] running build_py
[1.701s] creating /home/eds-spiderbyte-01/ros2_motor/build/two_motors/build
[1.702s] creating /home/eds-spiderbyte-01/ros2_motor/build/two_motors/build/lib
[1.702s] creating /home/eds-spiderbyte-01/ros2_motor/build/two_motors/build/lib/two_motors
[1.702s] copying two_motors/__init__.py -> /home/eds-spiderbyte-01/ros2_motor/build/two_motors/build/lib/two_motors
[1.702s] running install
[1.703s] running install_lib
[1.704s] creating /home/eds-spiderbyte-01/ros2_motor/install/two_motors/lib/python3.10/site-packages/two_motors
[1.704s] copying /home/eds-spiderbyte-01/ros2_motor/build/two_motors/build/lib/two_motors/__init__.py -> /home/eds-spiderbyte-01/ros2_motor/install/two_motors/lib/python3.10/site-packages/two_motors
[1.704s] byte-compiling /home/eds-spiderbyte-01/ros2_motor/install/two_motors/lib/python3.10/site-packages/two_motors/__init__.py to __init__.cpython-310.pyc
[1.705s] running install_data
[1.705s] creating /home/eds-spiderbyte-01/ros2_motor/install/two_motors/share/ament_index
[1.705s] creating /home/eds-spiderbyte-01/ros2_motor/install/two_motors/share/ament_index/resource_index
[1.705s] creating /home/eds-spiderbyte-01/ros2_motor/install/two_motors/share/ament_index/resource_index/packages
[1.705s] copying resource/two_motors -> /home/eds-spiderbyte-01/ros2_motor/install/two_motors/share/ament_index/resource_index/packages
[1.705s] copying package.xml -> /home/eds-spiderbyte-01/ros2_motor/install/two_motors/share/two_motors
[1.706s] running install_egg_info
[1.708s] Copying ../../build/two_motors/two_motors.egg-info to /home/eds-spiderbyte-01/ros2_motor/install/two_motors/lib/python3.10/site-packages/two_motors-0.0.0-py3.10.egg-info
[1.708s] running install_scripts
[1.734s] writing list of installed files to '/home/eds-spiderbyte-01/ros2_motor/build/two_motors/install.log'
[1.800s] Invoked command in '/home/eds-spiderbyte-01/ros2_motor/src/two_motors' returned '0': PYTHONPATH=/home/eds-spiderbyte-01/ros2_motor/build/two_motors/prefix_override:/usr/lib/python3/dist-packages/colcon_core/task/python/colcon_distutils_commands:/home/eds-spiderbyte-01/ros2_motor/install/two_motors/lib/python3.10/site-packages:${PYTHONPATH} /usr/bin/python3 -W ignore:setup.py install is deprecated -W ignore:easy_install command is deprecated setup.py egg_info --egg-base ../../build/two_motors build --build-base /home/eds-spiderbyte-01/ros2_motor/build/two_motors/build install --record /home/eds-spiderbyte-01/ros2_motor/build/two_motors/install.log --single-version-externally-managed install_data
