[2.709s] Invoking command in '/home/eds-spiderbyte-01/ros2_motor/src/servo_control': PYTHONPATH=/home/eds-spiderbyte-01/ros2_motor/build/servo_control/prefix_override:/usr/lib/python3/dist-packages/colcon_core/task/python/colcon_distutils_commands:/home/eds-spiderbyte-01/ros2_motor/install/servo_control/lib/python3.10/site-packages:${PYTHONPATH} /usr/bin/python3 -W ignore:setup.py install is deprecated -W ignore:easy_install command is deprecated setup.py egg_info --egg-base ../../build/servo_control build --build-base /home/eds-spiderbyte-01/ros2_motor/build/servo_control/build install --record /home/eds-spiderbyte-01/ros2_motor/build/servo_control/install.log --single-version-externally-managed install_data
[3.998s] running egg_info
[4.000s] writing ../../build/servo_control/servo_control.egg-info/PKG-INFO
[4.001s] writing dependency_links to ../../build/servo_control/servo_control.egg-info/dependency_links.txt
[4.002s] writing entry points to ../../build/servo_control/servo_control.egg-info/entry_points.txt
[4.003s] writing requirements to ../../build/servo_control/servo_control.egg-info/requires.txt
[4.003s] writing top-level names to ../../build/servo_control/servo_control.egg-info/top_level.txt
[4.010s] reading manifest file '../../build/servo_control/servo_control.egg-info/SOURCES.txt'
[4.014s] writing manifest file '../../build/servo_control/servo_control.egg-info/SOURCES.txt'
[4.015s] running build
[4.015s] running build_py
[4.016s] running install
[4.018s] running install_lib
[4.024s] running install_data
[4.024s] running install_egg_info
[4.032s] removing '/home/eds-spiderbyte-01/ros2_motor/install/servo_control/lib/python3.10/site-packages/servo_control-0.0.0-py3.10.egg-info' (and everything under it)
[4.033s] Copying ../../build/servo_control/servo_control.egg-info to /home/eds-spiderbyte-01/ros2_motor/install/servo_control/lib/python3.10/site-packages/servo_control-0.0.0-py3.10.egg-info
[4.038s] running install_scripts
[4.141s] Installing servo_publisher script to /home/eds-spiderbyte-01/ros2_motor/install/servo_control/lib/servo_control
[4.142s] Installing servo_subscriber script to /home/eds-spiderbyte-01/ros2_motor/install/servo_control/lib/servo_control
[4.143s] writing list of installed files to '/home/eds-spiderbyte-01/ros2_motor/build/servo_control/install.log'
[4.231s] Invoked command in '/home/eds-spiderbyte-01/ros2_motor/src/servo_control' returned '0': PYTHONPATH=/home/eds-spiderbyte-01/ros2_motor/build/servo_control/prefix_override:/usr/lib/python3/dist-packages/colcon_core/task/python/colcon_distutils_commands:/home/eds-spiderbyte-01/ros2_motor/install/servo_control/lib/python3.10/site-packages:${PYTHONPATH} /usr/bin/python3 -W ignore:setup.py install is deprecated -W ignore:easy_install command is deprecated setup.py egg_info --egg-base ../../build/servo_control build --build-base /home/eds-spiderbyte-01/ros2_motor/build/servo_control/build install --record /home/eds-spiderbyte-01/ros2_motor/build/servo_control/install.log --single-version-externally-managed install_data
