[0.113s] DEBUG:colcon:Command line arguments: ['/usr/bin/colcon', 'build']
[0.113s] DEBUG:colcon:Parsed command line arguments: Namespace(log_base=None, log_level=None, verb_name='build', build_base='build', install_base='install', merge_install=False, symlink_install=False, test_result_base=None, continue_on_error=False, executor='parallel', parallel_workers=8, event_handlers=None, ignore_user_meta=False, metas=['./colcon.meta'], base_paths=['.'], packages_ignore=None, packages_ignore_regex=None, paths=None, packages_up_to=None, packages_up_to_regex=None, packages_above=None, packages_above_and_dependencies=None, packages_above_depth=None, packages_select_by_dep=None, packages_skip_by_dep=None, packages_skip_up_to=None, packages_select_build_failed=False, packages_skip_build_finished=False, packages_select_test_failures=False, packages_skip_test_passed=False, packages_select=None, packages_skip=None, packages_select_regex=None, packages_skip_regex=None, packages_start=None, packages_end=None, allow_overriding=[], cmake_args=None, cmake_target=None, cmake_target_skip_unavailable=False, cmake_clean_cache=False, cmake_clean_first=False, cmake_force_configure=False, ament_cmake_args=None, catkin_cmake_args=None, catkin_skip_building_tests=False, mixin_files=None, mixin=None, verb_parser=<colcon_mixin.mixin.mixin_argument.MixinArgumentDecorator object at 0x79f16883d570>, verb_extension=<colcon_core.verb.build.BuildVerb object at 0x79f1689dabc0>, main=<bound method BuildVerb.main of <colcon_core.verb.build.BuildVerb object at 0x79f1689dabc0>>, mixin_verb=('build',))
[0.274s] Level 1:colcon.colcon_core.package_discovery:discover_packages(colcon_meta) check parameters
[0.274s] Level 1:colcon.colcon_core.package_discovery:discover_packages(recursive) check parameters
[0.274s] Level 1:colcon.colcon_core.package_discovery:discover_packages(ignore) check parameters
[0.274s] Level 1:colcon.colcon_core.package_discovery:discover_packages(path) check parameters
[0.274s] Level 1:colcon.colcon_core.package_discovery:discover_packages(colcon_meta) discover
[0.274s] Level 1:colcon.colcon_core.package_discovery:discover_packages(recursive) discover
[0.274s] INFO:colcon.colcon_core.package_discovery:Crawling recursively for packages in '/home/eds-spiderbyte-01/ros2_motor/src/two_motors'
[0.274s] Level 1:colcon.colcon_core.package_identification:_identify(.) by extensions ['ignore', 'ignore_ament_install']
[0.275s] Level 1:colcon.colcon_core.package_identification:_identify(.) by extension 'ignore'
[0.275s] Level 1:colcon.colcon_core.package_identification:_identify(.) by extension 'ignore_ament_install'
[0.275s] Level 1:colcon.colcon_core.package_identification:_identify(.) by extensions ['colcon_pkg']
[0.275s] Level 1:colcon.colcon_core.package_identification:_identify(.) by extension 'colcon_pkg'
[0.275s] Level 1:colcon.colcon_core.package_identification:_identify(.) by extensions ['colcon_meta']
[0.275s] Level 1:colcon.colcon_core.package_identification:_identify(.) by extension 'colcon_meta'
[0.275s] Level 1:colcon.colcon_core.package_identification:_identify(.) by extensions ['ros']
[0.275s] Level 1:colcon.colcon_core.package_identification:_identify(.) by extension 'ros'
[0.286s] DEBUG:colcon.colcon_core.package_identification:Package '.' with type 'ros.ament_python' and name 'two_motors'
[0.286s] Level 1:colcon.colcon_core.package_discovery:discover_packages(recursive) using defaults
[0.286s] Level 1:colcon.colcon_core.package_discovery:discover_packages(ignore) discover
[0.286s] Level 1:colcon.colcon_core.package_discovery:discover_packages(ignore) using defaults
[0.286s] Level 1:colcon.colcon_core.package_discovery:discover_packages(path) discover
[0.286s] Level 1:colcon.colcon_core.package_discovery:discover_packages(path) using defaults
[0.316s] Level 1:colcon.colcon_core.package_discovery:discover_packages(prefix_path) check parameters
[0.316s] Level 1:colcon.colcon_core.package_discovery:discover_packages(prefix_path) discover
[0.320s] DEBUG:colcon.colcon_installed_package_information.package_discovery:Found 272 installed packages in /opt/ros/humble
[0.322s] Level 1:colcon.colcon_core.package_discovery:discover_packages(prefix_path) using defaults
[0.357s] Level 5:colcon.colcon_core.verb:set package 'two_motors' build argument 'cmake_args' from command line to 'None'
[0.357s] Level 5:colcon.colcon_core.verb:set package 'two_motors' build argument 'cmake_target' from command line to 'None'
[0.357s] Level 5:colcon.colcon_core.verb:set package 'two_motors' build argument 'cmake_target_skip_unavailable' from command line to 'False'
[0.357s] Level 5:colcon.colcon_core.verb:set package 'two_motors' build argument 'cmake_clean_cache' from command line to 'False'
[0.357s] Level 5:colcon.colcon_core.verb:set package 'two_motors' build argument 'cmake_clean_first' from command line to 'False'
[0.357s] Level 5:colcon.colcon_core.verb:set package 'two_motors' build argument 'cmake_force_configure' from command line to 'False'
[0.357s] Level 5:colcon.colcon_core.verb:set package 'two_motors' build argument 'ament_cmake_args' from command line to 'None'
[0.357s] Level 5:colcon.colcon_core.verb:set package 'two_motors' build argument 'catkin_cmake_args' from command line to 'None'
[0.357s] Level 5:colcon.colcon_core.verb:set package 'two_motors' build argument 'catkin_skip_building_tests' from command line to 'False'
[0.357s] DEBUG:colcon.colcon_core.verb:Building package 'two_motors' with the following arguments: {'ament_cmake_args': None, 'build_base': '/home/eds-spiderbyte-01/ros2_motor/src/two_motors/build/two_motors', 'catkin_cmake_args': None, 'catkin_skip_building_tests': False, 'cmake_args': None, 'cmake_clean_cache': False, 'cmake_clean_first': False, 'cmake_force_configure': False, 'cmake_target': None, 'cmake_target_skip_unavailable': False, 'install_base': '/home/eds-spiderbyte-01/ros2_motor/src/two_motors/install/two_motors', 'merge_install': False, 'path': '/home/eds-spiderbyte-01/ros2_motor/src/two_motors', 'symlink_install': False, 'test_result_base': None}
[0.357s] INFO:colcon.colcon_core.executor:Executing jobs using 'parallel' executor
[0.358s] DEBUG:colcon.colcon_parallel_executor.executor.parallel:run_until_complete
[0.358s] INFO:colcon.colcon_ros.task.ament_python.build:Building ROS package in '/home/eds-spiderbyte-01/ros2_motor/src/two_motors' with build type 'ament_python'
[0.358s] Level 1:colcon.colcon_core.shell:create_environment_hook('two_motors', 'ament_prefix_path')
[0.361s] INFO:colcon.colcon_core.plugin_system:Skipping extension 'colcon_core.shell.bat': Not used on non-Windows systems
[0.361s] INFO:colcon.colcon_core.shell:Creating environment hook '/home/eds-spiderbyte-01/ros2_motor/src/two_motors/install/two_motors/share/two_motors/hook/ament_prefix_path.ps1'
[0.362s] INFO:colcon.colcon_core.shell:Creating environment descriptor '/home/eds-spiderbyte-01/ros2_motor/src/two_motors/install/two_motors/share/two_motors/hook/ament_prefix_path.dsv'
[0.362s] INFO:colcon.colcon_core.shell:Creating environment hook '/home/eds-spiderbyte-01/ros2_motor/src/two_motors/install/two_motors/share/two_motors/hook/ament_prefix_path.sh'
[0.363s] INFO:colcon.colcon_core.shell:Skip shell extension 'powershell' for command environment: Not usable outside of PowerShell
[0.363s] DEBUG:colcon.colcon_core.shell:Skip shell extension 'dsv' for command environment
[0.613s] INFO:colcon.colcon_core.task.python.build:Building Python package in '/home/eds-spiderbyte-01/ros2_motor/src/two_motors'
[0.614s] INFO:colcon.colcon_core.shell:Skip shell extension 'powershell' for command environment: Not usable outside of PowerShell
[0.614s] DEBUG:colcon.colcon_core.shell:Skip shell extension 'dsv' for command environment
[0.991s] DEBUG:colcon.colcon_core.event_handler.log_command:Invoking command in '/home/eds-spiderbyte-01/ros2_motor/src/two_motors': PYTHONPATH=/home/eds-spiderbyte-01/ros2_motor/src/two_motors/build/two_motors/prefix_override:/usr/lib/python3/dist-packages/colcon_core/task/python/colcon_distutils_commands:/home/eds-spiderbyte-01/ros2_motor/src/two_motors/install/two_motors/lib/python3.10/site-packages:${PYTHONPATH} /usr/bin/python3 -W ignore:setup.py install is deprecated -W ignore:easy_install command is deprecated setup.py egg_info --egg-base build/two_motors build --build-base /home/eds-spiderbyte-01/ros2_motor/src/two_motors/build/two_motors/build install --record /home/eds-spiderbyte-01/ros2_motor/src/two_motors/build/two_motors/install.log --single-version-externally-managed install_data
[1.268s] DEBUG:colcon.colcon_core.event_handler.log_command:Invoked command in '/home/eds-spiderbyte-01/ros2_motor/src/two_motors' returned '0': PYTHONPATH=/home/eds-spiderbyte-01/ros2_motor/src/two_motors/build/two_motors/prefix_override:/usr/lib/python3/dist-packages/colcon_core/task/python/colcon_distutils_commands:/home/eds-spiderbyte-01/ros2_motor/src/two_motors/install/two_motors/lib/python3.10/site-packages:${PYTHONPATH} /usr/bin/python3 -W ignore:setup.py install is deprecated -W ignore:easy_install command is deprecated setup.py egg_info --egg-base build/two_motors build --build-base /home/eds-spiderbyte-01/ros2_motor/src/two_motors/build/two_motors/build install --record /home/eds-spiderbyte-01/ros2_motor/src/two_motors/build/two_motors/install.log --single-version-externally-managed install_data
[1.271s] Level 1:colcon.colcon_core.environment:checking '/home/eds-spiderbyte-01/ros2_motor/src/two_motors/install/two_motors' for CMake module files
[1.272s] Level 1:colcon.colcon_core.environment:checking '/home/eds-spiderbyte-01/ros2_motor/src/two_motors/install/two_motors' for CMake config files
[1.273s] Level 1:colcon.colcon_core.environment:checking '/home/eds-spiderbyte-01/ros2_motor/src/two_motors/install/two_motors/lib'
[1.273s] Level 1:colcon.colcon_core.environment:checking '/home/eds-spiderbyte-01/ros2_motor/src/two_motors/install/two_motors/bin'
[1.273s] Level 1:colcon.colcon_core.environment:checking '/home/eds-spiderbyte-01/ros2_motor/src/two_motors/install/two_motors/lib/pkgconfig/two_motors.pc'
[1.273s] Level 1:colcon.colcon_core.environment:checking '/home/eds-spiderbyte-01/ros2_motor/src/two_motors/install/two_motors/lib/python3.10/site-packages'
[1.273s] Level 1:colcon.colcon_core.shell:create_environment_hook('two_motors', 'pythonpath')
[1.273s] INFO:colcon.colcon_core.shell:Creating environment hook '/home/eds-spiderbyte-01/ros2_motor/src/two_motors/install/two_motors/share/two_motors/hook/pythonpath.ps1'
[1.274s] INFO:colcon.colcon_core.shell:Creating environment descriptor '/home/eds-spiderbyte-01/ros2_motor/src/two_motors/install/two_motors/share/two_motors/hook/pythonpath.dsv'
[1.274s] INFO:colcon.colcon_core.shell:Creating environment hook '/home/eds-spiderbyte-01/ros2_motor/src/two_motors/install/two_motors/share/two_motors/hook/pythonpath.sh'
[1.275s] Level 1:colcon.colcon_core.environment:checking '/home/eds-spiderbyte-01/ros2_motor/src/two_motors/install/two_motors/bin'
[1.275s] Level 1:colcon.colcon_core.environment:create_environment_scripts_only(two_motors)
[1.275s] INFO:colcon.colcon_core.shell:Creating package script '/home/eds-spiderbyte-01/ros2_motor/src/two_motors/install/two_motors/share/two_motors/package.ps1'
[1.276s] INFO:colcon.colcon_core.shell:Creating package descriptor '/home/eds-spiderbyte-01/ros2_motor/src/two_motors/install/two_motors/share/two_motors/package.dsv'
[1.277s] INFO:colcon.colcon_core.shell:Creating package script '/home/eds-spiderbyte-01/ros2_motor/src/two_motors/install/two_motors/share/two_motors/package.sh'
[1.277s] INFO:colcon.colcon_core.shell:Creating package script '/home/eds-spiderbyte-01/ros2_motor/src/two_motors/install/two_motors/share/two_motors/package.bash'
[1.278s] INFO:colcon.colcon_core.shell:Creating package script '/home/eds-spiderbyte-01/ros2_motor/src/two_motors/install/two_motors/share/two_motors/package.zsh'
[1.279s] Level 1:colcon.colcon_core.environment:create_file_with_runtime_dependencies(/home/eds-spiderbyte-01/ros2_motor/src/two_motors/install/two_motors/share/colcon-core/packages/two_motors)
[1.279s] DEBUG:colcon.colcon_parallel_executor.executor.parallel:closing loop
[1.279s] DEBUG:colcon.colcon_parallel_executor.executor.parallel:loop closed
[1.280s] DEBUG:colcon.colcon_parallel_executor.executor.parallel:run_until_complete finished with '0'
[1.280s] DEBUG:colcon.colcon_core.event_reactor:joining thread
[1.285s] INFO:colcon.colcon_core.plugin_system:Skipping extension 'colcon_notification.desktop_notification.terminal_notifier': Not used on non-Darwin systems
[1.285s] INFO:colcon.colcon_core.plugin_system:Skipping extension 'colcon_notification.desktop_notification.win32': Not used on non-Windows systems
[1.285s] INFO:colcon.colcon_notification.desktop_notification:Sending desktop notification using 'notify2'
[1.304s] DEBUG:colcon.colcon_core.event_reactor:joined thread
[1.304s] INFO:colcon.colcon_core.shell:Creating prefix script '/home/eds-spiderbyte-01/ros2_motor/src/two_motors/install/local_setup.ps1'
[1.306s] INFO:colcon.colcon_core.shell:Creating prefix util module '/home/eds-spiderbyte-01/ros2_motor/src/two_motors/install/_local_setup_util_ps1.py'
[1.307s] INFO:colcon.colcon_core.shell:Creating prefix chain script '/home/eds-spiderbyte-01/ros2_motor/src/two_motors/install/setup.ps1'
[1.309s] INFO:colcon.colcon_core.shell:Creating prefix script '/home/eds-spiderbyte-01/ros2_motor/src/two_motors/install/local_setup.sh'
[1.310s] INFO:colcon.colcon_core.shell:Creating prefix util module '/home/eds-spiderbyte-01/ros2_motor/src/two_motors/install/_local_setup_util_sh.py'
[1.310s] INFO:colcon.colcon_core.shell:Creating prefix chain script '/home/eds-spiderbyte-01/ros2_motor/src/two_motors/install/setup.sh'
[1.312s] INFO:colcon.colcon_core.shell:Creating prefix script '/home/eds-spiderbyte-01/ros2_motor/src/two_motors/install/local_setup.bash'
[1.312s] INFO:colcon.colcon_core.shell:Creating prefix chain script '/home/eds-spiderbyte-01/ros2_motor/src/two_motors/install/setup.bash'
[1.313s] INFO:colcon.colcon_core.shell:Creating prefix script '/home/eds-spiderbyte-01/ros2_motor/src/two_motors/install/local_setup.zsh'
[1.314s] INFO:colcon.colcon_core.shell:Creating prefix chain script '/home/eds-spiderbyte-01/ros2_motor/src/two_motors/install/setup.zsh'
