[1.433s] Invoking command in '/home/eds-spiderbyte-01/ros2_motor/src/two_keys': PYTHONPATH=/home/eds-spiderbyte-01/ros2_motor/build/two_keys/prefix_override:/usr/lib/python3/dist-packages/colcon_core/task/python/colcon_distutils_commands:/home/eds-spiderbyte-01/ros2_motor/install/two_keys/lib/python3.10/site-packages:${PYTHONPATH} /usr/bin/python3 -W ignore:setup.py install is deprecated -W ignore:easy_install command is deprecated setup.py egg_info --egg-base ../../build/two_keys build --build-base /home/eds-spiderbyte-01/ros2_motor/build/two_keys/build install --record /home/eds-spiderbyte-01/ros2_motor/build/two_keys/install.log --single-version-externally-managed install_data
[1.718s] running egg_info
[1.719s] writing ../../build/two_keys/two_keys.egg-info/PKG-INFO
[1.720s] writing dependency_links to ../../build/two_keys/two_keys.egg-info/dependency_links.txt
[1.720s] writing entry points to ../../build/two_keys/two_keys.egg-info/entry_points.txt
[1.720s] writing requirements to ../../build/two_keys/two_keys.egg-info/requires.txt
[1.720s] writing top-level names to ../../build/two_keys/two_keys.egg-info/top_level.txt
[1.723s] reading manifest file '../../build/two_keys/two_keys.egg-info/SOURCES.txt'
[1.724s] writing manifest file '../../build/two_keys/two_keys.egg-info/SOURCES.txt'
[1.724s] running build
[1.724s] running build_py
[1.725s] running install
[1.726s] running install_lib
[1.729s] running install_data
[1.729s] running install_egg_info
[1.731s] removing '/home/eds-spiderbyte-01/ros2_motor/install/two_keys/lib/python3.10/site-packages/two_keys-0.0.0-py3.10.egg-info' (and everything under it)
[1.732s] Copying ../../build/two_keys/two_keys.egg-info to /home/eds-spiderbyte-01/ros2_motor/install/two_keys/lib/python3.10/site-packages/two_keys-0.0.0-py3.10.egg-info
[1.733s] running install_scripts
[1.759s] Installing control_pub script to /home/eds-spiderbyte-01/ros2_motor/install/two_keys/lib/two_keys
[1.759s] Installing control_sub script to /home/eds-spiderbyte-01/ros2_motor/install/two_keys/lib/two_keys
[1.759s] writing list of installed files to '/home/eds-spiderbyte-01/ros2_motor/build/two_keys/install.log'
[1.831s] Invoked command in '/home/eds-spiderbyte-01/ros2_motor/src/two_keys' returned '0': PYTHONPATH=/home/eds-spiderbyte-01/ros2_motor/build/two_keys/prefix_override:/usr/lib/python3/dist-packages/colcon_core/task/python/colcon_distutils_commands:/home/eds-spiderbyte-01/ros2_motor/install/two_keys/lib/python3.10/site-packages:${PYTHONPATH} /usr/bin/python3 -W ignore:setup.py install is deprecated -W ignore:easy_install command is deprecated setup.py egg_info --egg-base ../../build/two_keys build --build-base /home/eds-spiderbyte-01/ros2_motor/build/two_keys/build install --record /home/eds-spiderbyte-01/ros2_motor/build/two_keys/install.log --single-version-externally-managed install_data
