[1.131s] Invoking command in '/home/eds-spiderbyte-01/ros2_motor/src/two_keys': PYTHONPATH=/home/eds-spiderbyte-01/ros2_motor/build/two_keys/prefix_override:/usr/lib/python3/dist-packages/colcon_core/task/python/colcon_distutils_commands:/home/eds-spiderbyte-01/ros2_motor/install/two_keys/lib/python3.10/site-packages:${PYTHONPATH} /usr/bin/python3 -W ignore:setup.py install is deprecated -W ignore:easy_install command is deprecated setup.py egg_info --egg-base ../../build/two_keys build --build-base /home/eds-spiderbyte-01/ros2_motor/build/two_keys/build install --record /home/eds-spiderbyte-01/ros2_motor/build/two_keys/install.log --single-version-externally-managed install_data
[1.402s] running egg_info
[1.403s] writing ../../build/two_keys/two_keys.egg-info/PKG-INFO
[1.403s] writing dependency_links to ../../build/two_keys/two_keys.egg-info/dependency_links.txt
[1.403s] writing entry points to ../../build/two_keys/two_keys.egg-info/entry_points.txt
[1.403s] writing requirements to ../../build/two_keys/two_keys.egg-info/requires.txt
[1.404s] writing top-level names to ../../build/two_keys/two_keys.egg-info/top_level.txt
[1.405s] reading manifest file '../../build/two_keys/two_keys.egg-info/SOURCES.txt'
[1.407s] writing manifest file '../../build/two_keys/two_keys.egg-info/SOURCES.txt'
[1.407s] running build
[1.407s] running build_py
[1.408s] copying two_keys/control_sub.py -> /home/eds-spiderbyte-01/ros2_motor/build/two_keys/build/lib/two_keys
[1.408s] running install
[1.408s] running install_lib
[1.408s] copying /home/eds-spiderbyte-01/ros2_motor/build/two_keys/build/lib/two_keys/control_sub.py -> /home/eds-spiderbyte-01/ros2_motor/install/two_keys/lib/python3.10/site-packages/two_keys
[1.409s] byte-compiling /home/eds-spiderbyte-01/ros2_motor/install/two_keys/lib/python3.10/site-packages/two_keys/control_sub.py to control_sub.cpython-310.pyc
[1.410s] running install_data
[1.410s] running install_egg_info
[1.412s] removing '/home/eds-spiderbyte-01/ros2_motor/install/two_keys/lib/python3.10/site-packages/two_keys-0.0.0-py3.10.egg-info' (and everything under it)
[1.413s] Copying ../../build/two_keys/two_keys.egg-info to /home/eds-spiderbyte-01/ros2_motor/install/two_keys/lib/python3.10/site-packages/two_keys-0.0.0-py3.10.egg-info
[1.414s] running install_scripts
[1.438s] Installing control_pub script to /home/eds-spiderbyte-01/ros2_motor/install/two_keys/lib/two_keys
[1.438s] Installing control_sub script to /home/eds-spiderbyte-01/ros2_motor/install/two_keys/lib/two_keys
[1.438s] writing list of installed files to '/home/eds-spiderbyte-01/ros2_motor/build/two_keys/install.log'
[1.495s] Invoked command in '/home/eds-spiderbyte-01/ros2_motor/src/two_keys' returned '0': PYTHONPATH=/home/eds-spiderbyte-01/ros2_motor/build/two_keys/prefix_override:/usr/lib/python3/dist-packages/colcon_core/task/python/colcon_distutils_commands:/home/eds-spiderbyte-01/ros2_motor/install/two_keys/lib/python3.10/site-packages:${PYTHONPATH} /usr/bin/python3 -W ignore:setup.py install is deprecated -W ignore:easy_install command is deprecated setup.py egg_info --egg-base ../../build/two_keys build --build-base /home/eds-spiderbyte-01/ros2_motor/build/two_keys/build install --record /home/eds-spiderbyte-01/ros2_motor/build/two_keys/install.log --single-version-externally-managed install_data
