[1.702s] Invoking command in '/home/eds-spiderbyte-01/ros2_motor/src/single_leg': PYTHONPATH=/home/eds-spiderbyte-01/ros2_motor/build/single_leg/prefix_override:/usr/lib/python3/dist-packages/colcon_core/task/python/colcon_distutils_commands:/home/eds-spiderbyte-01/ros2_motor/install/single_leg/lib/python3.10/site-packages:${PYTHONPATH} /usr/bin/python3 -W ignore:setup.py install is deprecated -W ignore:easy_install command is deprecated setup.py egg_info --egg-base ../../build/single_leg build --build-base /home/eds-spiderbyte-01/ros2_motor/build/single_leg/build install --record /home/eds-spiderbyte-01/ros2_motor/build/single_leg/install.log --single-version-externally-managed install_data
[2.010s] running egg_info
[2.010s] creating ../../build/single_leg/single_leg.egg-info
[2.011s] writing ../../build/single_leg/single_leg.egg-info/PKG-INFO
[2.011s] writing dependency_links to ../../build/single_leg/single_leg.egg-info/dependency_links.txt
[2.011s] writing entry points to ../../build/single_leg/single_leg.egg-info/entry_points.txt
[2.011s] writing requirements to ../../build/single_leg/single_leg.egg-info/requires.txt
[2.011s] writing top-level names to ../../build/single_leg/single_leg.egg-info/top_level.txt
[2.012s] writing manifest file '../../build/single_leg/single_leg.egg-info/SOURCES.txt'
[2.014s] reading manifest file '../../build/single_leg/single_leg.egg-info/SOURCES.txt'
[2.015s] writing manifest file '../../build/single_leg/single_leg.egg-info/SOURCES.txt'
[2.015s] running build
[2.015s] running build_py
[2.016s] creating /home/eds-spiderbyte-01/ros2_motor/build/single_leg/build
[2.016s] creating /home/eds-spiderbyte-01/ros2_motor/build/single_leg/build/lib
[2.016s] creating /home/eds-spiderbyte-01/ros2_motor/build/single_leg/build/lib/single_leg
[2.016s] copying single_leg/point_to_point.py -> /home/eds-spiderbyte-01/ros2_motor/build/single_leg/build/lib/single_leg
[2.017s] copying single_leg/linear_motion.py -> /home/eds-spiderbyte-01/ros2_motor/build/single_leg/build/lib/single_leg
[2.017s] copying single_leg/__init__.py -> /home/eds-spiderbyte-01/ros2_motor/build/single_leg/build/lib/single_leg
[2.017s] running install
[2.018s] running install_lib
[2.020s] creating /home/eds-spiderbyte-01/ros2_motor/install/single_leg/lib/python3.10/site-packages/single_leg
[2.020s] copying /home/eds-spiderbyte-01/ros2_motor/build/single_leg/build/lib/single_leg/point_to_point.py -> /home/eds-spiderbyte-01/ros2_motor/install/single_leg/lib/python3.10/site-packages/single_leg
[2.020s] copying /home/eds-spiderbyte-01/ros2_motor/build/single_leg/build/lib/single_leg/linear_motion.py -> /home/eds-spiderbyte-01/ros2_motor/install/single_leg/lib/python3.10/site-packages/single_leg
[2.020s] copying /home/eds-spiderbyte-01/ros2_motor/build/single_leg/build/lib/single_leg/__init__.py -> /home/eds-spiderbyte-01/ros2_motor/install/single_leg/lib/python3.10/site-packages/single_leg
[2.021s] byte-compiling /home/eds-spiderbyte-01/ros2_motor/install/single_leg/lib/python3.10/site-packages/single_leg/point_to_point.py to point_to_point.cpython-310.pyc
[2.022s]   File "/home/eds-spiderbyte-01/ros2_motor/install/single_leg/lib/python3.10/site-packages/single_leg/point_to_point.py", line 56
[2.022s]     phi = 
[2.022s]           ^
[2.022s] SyntaxError: invalid syntax
[2.023s] 
[2.023s] byte-compiling /home/eds-spiderbyte-01/ros2_motor/install/single_leg/lib/python3.10/site-packages/single_leg/linear_motion.py to linear_motion.cpython-310.pyc
[2.023s] byte-compiling /home/eds-spiderbyte-01/ros2_motor/install/single_leg/lib/python3.10/site-packages/single_leg/__init__.py to __init__.cpython-310.pyc
[2.023s] running install_data
[2.023s] creating /home/eds-spiderbyte-01/ros2_motor/install/single_leg/share/ament_index
[2.023s] creating /home/eds-spiderbyte-01/ros2_motor/install/single_leg/share/ament_index/resource_index
[2.024s] creating /home/eds-spiderbyte-01/ros2_motor/install/single_leg/share/ament_index/resource_index/packages
[2.024s] copying resource/single_leg -> /home/eds-spiderbyte-01/ros2_motor/install/single_leg/share/ament_index/resource_index/packages
[2.024s] copying package.xml -> /home/eds-spiderbyte-01/ros2_motor/install/single_leg/share/single_leg
[2.024s] running install_egg_info
[2.026s] Copying ../../build/single_leg/single_leg.egg-info to /home/eds-spiderbyte-01/ros2_motor/install/single_leg/lib/python3.10/site-packages/single_leg-0.0.0-py3.10.egg-info
[2.027s] running install_scripts
[2.052s] writing list of installed files to '/home/eds-spiderbyte-01/ros2_motor/build/single_leg/install.log'
[2.083s] Invoked command in '/home/eds-spiderbyte-01/ros2_motor/src/single_leg' returned '0': PYTHONPATH=/home/eds-spiderbyte-01/ros2_motor/build/single_leg/prefix_override:/usr/lib/python3/dist-packages/colcon_core/task/python/colcon_distutils_commands:/home/eds-spiderbyte-01/ros2_motor/install/single_leg/lib/python3.10/site-packages:${PYTHONPATH} /usr/bin/python3 -W ignore:setup.py install is deprecated -W ignore:easy_install command is deprecated setup.py egg_info --egg-base ../../build/single_leg build --build-base /home/eds-spiderbyte-01/ros2_motor/build/single_leg/build install --record /home/eds-spiderbyte-01/ros2_motor/build/single_leg/install.log --single-version-externally-managed install_data
