[0.722s] DEBUG:colcon:Command line arguments: ['/usr/bin/colcon', 'list', '-p', '--base-paths', '/home/eds-spiderbyte-01/ros2_motor']
[0.723s] DEBUG:colcon:Parsed command line arguments: Namespace(log_base=None, log_level=None, verb_name='list', build_base='build', ignore_user_meta=False, metas=['./colcon.meta'], base_paths=['/home/eds-spiderbyte-01/ros2_motor'], packages_ignore=None, packages_ignore_regex=None, paths=None, packages_up_to=None, packages_up_to_regex=None, packages_above=None, packages_above_and_dependencies=None, packages_above_depth=None, packages_select_by_dep=None, packages_skip_by_dep=None, packages_skip_up_to=None, packages_select_build_failed=False, packages_skip_build_finished=False, packages_select_test_failures=False, packages_skip_test_passed=False, packages_select=None, packages_skip=None, packages_select_regex=None, packages_skip_regex=None, packages_start=None, packages_end=None, allow_overriding=[], topological_order=False, names_only=False, paths_only=True, topological_graph=False, topological_graph_dot=False, topological_graph_density=False, topological_graph_legend=False, topological_graph_dot_cluster=False, topological_graph_dot_include_skipped=False, mixin_files=None, mixin=None, verb_parser=<colcon_mixin.mixin.mixin_argument.MixinArgumentDecorator object at 0x738629562770>, verb_extension=<colcon_package_information.verb.list.ListVerb object at 0x7386296de890>, main=<bound method ListVerb.main of <colcon_package_information.verb.list.ListVerb object at 0x7386296de890>>, mixin_verb=('list',))
[2.046s] Level 1:colcon.colcon_core.package_discovery:discover_packages(colcon_meta) check parameters
[2.046s] Level 1:colcon.colcon_core.package_discovery:discover_packages(recursive) check parameters
[2.047s] Level 1:colcon.colcon_core.package_discovery:discover_packages(ignore) check parameters
[2.047s] Level 1:colcon.colcon_core.package_discovery:discover_packages(path) check parameters
[2.047s] Level 1:colcon.colcon_core.package_discovery:discover_packages(recursive) discover
[2.047s] INFO:colcon.colcon_core.package_discovery:Crawling recursively for packages in '/home/eds-spiderbyte-01/ros2_motor'
[2.048s] Level 1:colcon.colcon_core.package_identification:_identify(/home/eds-spiderbyte-01/ros2_motor) by extensions ['ignore', 'ignore_ament_install']
[2.049s] Level 1:colcon.colcon_core.package_identification:_identify(/home/eds-spiderbyte-01/ros2_motor) by extension 'ignore'
[2.049s] Level 1:colcon.colcon_core.package_identification:_identify(/home/eds-spiderbyte-01/ros2_motor) by extension 'ignore_ament_install'
[2.050s] Level 1:colcon.colcon_core.package_identification:_identify(/home/eds-spiderbyte-01/ros2_motor) by extensions ['colcon_pkg']
[2.050s] Level 1:colcon.colcon_core.package_identification:_identify(/home/eds-spiderbyte-01/ros2_motor) by extension 'colcon_pkg'
[2.050s] Level 1:colcon.colcon_core.package_identification:_identify(/home/eds-spiderbyte-01/ros2_motor) by extensions ['colcon_meta']
[2.050s] Level 1:colcon.colcon_core.package_identification:_identify(/home/eds-spiderbyte-01/ros2_motor) by extension 'colcon_meta'
[2.051s] Level 1:colcon.colcon_core.package_identification:_identify(/home/eds-spiderbyte-01/ros2_motor) by extensions ['ros']
[2.051s] Level 1:colcon.colcon_core.package_identification:_identify(/home/eds-spiderbyte-01/ros2_motor) by extension 'ros'
[2.132s] Level 1:colcon.colcon_core.package_identification:_identify(/home/eds-spiderbyte-01/ros2_motor) by extensions ['cmake', 'python']
[2.133s] Level 1:colcon.colcon_core.package_identification:_identify(/home/eds-spiderbyte-01/ros2_motor) by extension 'cmake'
[2.133s] Level 1:colcon.colcon_core.package_identification:_identify(/home/eds-spiderbyte-01/ros2_motor) by extension 'python'
[2.134s] Level 1:colcon.colcon_core.package_identification:_identify(/home/eds-spiderbyte-01/ros2_motor) by extensions ['python_setup_py']
[2.134s] Level 1:colcon.colcon_core.package_identification:_identify(/home/eds-spiderbyte-01/ros2_motor) by extension 'python_setup_py'
[2.139s] Level 1:colcon.colcon_core.package_identification:_identify(/home/eds-spiderbyte-01/ros2_motor/build) by extensions ['ignore', 'ignore_ament_install']
[2.140s] Level 1:colcon.colcon_core.package_identification:_identify(/home/eds-spiderbyte-01/ros2_motor/build) by extension 'ignore'
[2.141s] Level 1:colcon.colcon_core.package_identification:_identify(/home/eds-spiderbyte-01/ros2_motor/build) ignored
[2.142s] Level 1:colcon.colcon_core.package_identification:_identify(/home/eds-spiderbyte-01/ros2_motor/install) by extensions ['ignore', 'ignore_ament_install']
[2.142s] Level 1:colcon.colcon_core.package_identification:_identify(/home/eds-spiderbyte-01/ros2_motor/install) by extension 'ignore'
[2.143s] Level 1:colcon.colcon_core.package_identification:_identify(/home/eds-spiderbyte-01/ros2_motor/install) ignored
[2.144s] Level 1:colcon.colcon_core.package_identification:_identify(/home/eds-spiderbyte-01/ros2_motor/log) by extensions ['ignore', 'ignore_ament_install']
[2.144s] Level 1:colcon.colcon_core.package_identification:_identify(/home/eds-spiderbyte-01/ros2_motor/log) by extension 'ignore'
[2.145s] Level 1:colcon.colcon_core.package_identification:_identify(/home/eds-spiderbyte-01/ros2_motor/log) ignored
[2.145s] Level 1:colcon.colcon_core.package_identification:_identify(/home/eds-spiderbyte-01/ros2_motor/src) by extensions ['ignore', 'ignore_ament_install']
[2.146s] Level 1:colcon.colcon_core.package_identification:_identify(/home/eds-spiderbyte-01/ros2_motor/src) by extension 'ignore'
[2.147s] Level 1:colcon.colcon_core.package_identification:_identify(/home/eds-spiderbyte-01/ros2_motor/src) by extension 'ignore_ament_install'
[2.147s] Level 1:colcon.colcon_core.package_identification:_identify(/home/eds-spiderbyte-01/ros2_motor/src) by extensions ['colcon_pkg']
[2.147s] Level 1:colcon.colcon_core.package_identification:_identify(/home/eds-spiderbyte-01/ros2_motor/src) by extension 'colcon_pkg'
[2.148s] Level 1:colcon.colcon_core.package_identification:_identify(/home/eds-spiderbyte-01/ros2_motor/src) by extensions ['colcon_meta']
[2.148s] Level 1:colcon.colcon_core.package_identification:_identify(/home/eds-spiderbyte-01/ros2_motor/src) by extension 'colcon_meta'
[2.151s] Level 1:colcon.colcon_core.package_identification:_identify(/home/eds-spiderbyte-01/ros2_motor/src) by extensions ['ros']
[2.151s] Level 1:colcon.colcon_core.package_identification:_identify(/home/eds-spiderbyte-01/ros2_motor/src) by extension 'ros'
[2.152s] Level 1:colcon.colcon_core.package_identification:_identify(/home/eds-spiderbyte-01/ros2_motor/src) by extensions ['cmake', 'python']
[2.152s] Level 1:colcon.colcon_core.package_identification:_identify(/home/eds-spiderbyte-01/ros2_motor/src) by extension 'cmake'
[2.153s] Level 1:colcon.colcon_core.package_identification:_identify(/home/eds-spiderbyte-01/ros2_motor/src) by extension 'python'
[2.153s] Level 1:colcon.colcon_core.package_identification:_identify(/home/eds-spiderbyte-01/ros2_motor/src) by extensions ['python_setup_py']
[2.153s] Level 1:colcon.colcon_core.package_identification:_identify(/home/eds-spiderbyte-01/ros2_motor/src) by extension 'python_setup_py'
[2.154s] Level 1:colcon.colcon_core.package_identification:_identify(/home/eds-spiderbyte-01/ros2_motor/src/servo_control) by extensions ['ignore', 'ignore_ament_install']
[2.155s] Level 1:colcon.colcon_core.package_identification:_identify(/home/eds-spiderbyte-01/ros2_motor/src/servo_control) by extension 'ignore'
[2.156s] Level 1:colcon.colcon_core.package_identification:_identify(/home/eds-spiderbyte-01/ros2_motor/src/servo_control) by extension 'ignore_ament_install'
[2.156s] Level 1:colcon.colcon_core.package_identification:_identify(/home/eds-spiderbyte-01/ros2_motor/src/servo_control) by extensions ['colcon_pkg']
[2.156s] Level 1:colcon.colcon_core.package_identification:_identify(/home/eds-spiderbyte-01/ros2_motor/src/servo_control) by extension 'colcon_pkg'
[2.157s] Level 1:colcon.colcon_core.package_identification:_identify(/home/eds-spiderbyte-01/ros2_motor/src/servo_control) by extensions ['colcon_meta']
[2.157s] Level 1:colcon.colcon_core.package_identification:_identify(/home/eds-spiderbyte-01/ros2_motor/src/servo_control) by extension 'colcon_meta'
[2.158s] Level 1:colcon.colcon_core.package_identification:_identify(/home/eds-spiderbyte-01/ros2_motor/src/servo_control) by extensions ['ros']
[2.158s] Level 1:colcon.colcon_core.package_identification:_identify(/home/eds-spiderbyte-01/ros2_motor/src/servo_control) by extension 'ros'
[2.175s] DEBUG:colcon.colcon_core.package_identification:Package '/home/eds-spiderbyte-01/ros2_motor/src/servo_control' with type 'ros.ament_python' and name 'servo_control'
[2.176s] Level 1:colcon.colcon_core.package_discovery:discover_packages(recursive) using defaults
