[0.652s] DEBUG:colcon:Command line arguments: ['/usr/bin/colcon', 'list', '-p', '--base-paths', '/home/eds-spiderbyte-01/ros2_motor']
[0.653s] DEBUG:colcon:Parsed command line arguments: Namespace(log_base=None, log_level=None, verb_name='list', build_base='build', ignore_user_meta=False, metas=['./colcon.meta'], base_paths=['/home/eds-spiderbyte-01/ros2_motor'], packages_ignore=None, packages_ignore_regex=None, paths=None, packages_up_to=None, packages_up_to_regex=None, packages_above=None, packages_above_and_dependencies=None, packages_above_depth=None, packages_select_by_dep=None, packages_skip_by_dep=None, packages_skip_up_to=None, packages_select_build_failed=False, packages_skip_build_finished=False, packages_select_test_failures=False, packages_skip_test_passed=False, packages_select=None, packages_skip=None, packages_select_regex=None, packages_skip_regex=None, packages_start=None, packages_end=None, allow_overriding=[], topological_order=False, names_only=False, paths_only=True, topological_graph=False, topological_graph_dot=False, topological_graph_density=False, topological_graph_legend=False, topological_graph_dot_cluster=False, topological_graph_dot_include_skipped=False, mixin_files=None, mixin=None, verb_parser=<colcon_mixin.mixin.mixin_argument.MixinArgumentDecorator object at 0x7ddb635e2770>, verb_extension=<colcon_package_information.verb.list.ListVerb object at 0x7ddb637de890>, main=<bound method ListVerb.main of <colcon_package_information.verb.list.ListVerb object at 0x7ddb637de890>>, mixin_verb=('list',))
[1.822s] Level 1:colcon.colcon_core.package_discovery:discover_packages(colcon_meta) check parameters
[1.822s] Level 1:colcon.colcon_core.package_discovery:discover_packages(recursive) check parameters
[1.822s] Level 1:colcon.colcon_core.package_discovery:discover_packages(ignore) check parameters
[1.823s] Level 1:colcon.colcon_core.package_discovery:discover_packages(path) check parameters
[1.823s] Level 1:colcon.colcon_core.package_discovery:discover_packages(recursive) discover
[1.823s] INFO:colcon.colcon_core.package_discovery:Crawling recursively for packages in '/home/eds-spiderbyte-01/ros2_motor'
[1.824s] Level 1:colcon.colcon_core.package_identification:_identify(/home/eds-spiderbyte-01/ros2_motor) by extensions ['ignore', 'ignore_ament_install']
[1.824s] Level 1:colcon.colcon_core.package_identification:_identify(/home/eds-spiderbyte-01/ros2_motor) by extension 'ignore'
[1.825s] Level 1:colcon.colcon_core.package_identification:_identify(/home/eds-spiderbyte-01/ros2_motor) by extension 'ignore_ament_install'
[1.825s] Level 1:colcon.colcon_core.package_identification:_identify(/home/eds-spiderbyte-01/ros2_motor) by extensions ['colcon_pkg']
[1.826s] Level 1:colcon.colcon_core.package_identification:_identify(/home/eds-spiderbyte-01/ros2_motor) by extension 'colcon_pkg'
[1.826s] Level 1:colcon.colcon_core.package_identification:_identify(/home/eds-spiderbyte-01/ros2_motor) by extensions ['colcon_meta']
[1.826s] Level 1:colcon.colcon_core.package_identification:_identify(/home/eds-spiderbyte-01/ros2_motor) by extension 'colcon_meta'
[1.827s] Level 1:colcon.colcon_core.package_identification:_identify(/home/eds-spiderbyte-01/ros2_motor) by extensions ['ros']
[1.827s] Level 1:colcon.colcon_core.package_identification:_identify(/home/eds-spiderbyte-01/ros2_motor) by extension 'ros'
[1.902s] Level 1:colcon.colcon_core.package_identification:_identify(/home/eds-spiderbyte-01/ros2_motor) by extensions ['cmake', 'python']
[1.902s] Level 1:colcon.colcon_core.package_identification:_identify(/home/eds-spiderbyte-01/ros2_motor) by extension 'cmake'
[1.903s] Level 1:colcon.colcon_core.package_identification:_identify(/home/eds-spiderbyte-01/ros2_motor) by extension 'python'
[1.903s] Level 1:colcon.colcon_core.package_identification:_identify(/home/eds-spiderbyte-01/ros2_motor) by extensions ['python_setup_py']
[1.903s] Level 1:colcon.colcon_core.package_identification:_identify(/home/eds-spiderbyte-01/ros2_motor) by extension 'python_setup_py'
[1.904s] Level 1:colcon.colcon_core.package_identification:_identify(/home/eds-spiderbyte-01/ros2_motor/build) by extensions ['ignore', 'ignore_ament_install']
[1.905s] Level 1:colcon.colcon_core.package_identification:_identify(/home/eds-spiderbyte-01/ros2_motor/build) by extension 'ignore'
[1.905s] Level 1:colcon.colcon_core.package_identification:_identify(/home/eds-spiderbyte-01/ros2_motor/build) ignored
[1.906s] Level 1:colcon.colcon_core.package_identification:_identify(/home/eds-spiderbyte-01/ros2_motor/install) by extensions ['ignore', 'ignore_ament_install']
[1.907s] Level 1:colcon.colcon_core.package_identification:_identify(/home/eds-spiderbyte-01/ros2_motor/install) by extension 'ignore'
[1.907s] Level 1:colcon.colcon_core.package_identification:_identify(/home/eds-spiderbyte-01/ros2_motor/install) ignored
[1.908s] Level 1:colcon.colcon_core.package_identification:_identify(/home/eds-spiderbyte-01/ros2_motor/log) by extensions ['ignore', 'ignore_ament_install']
[1.908s] Level 1:colcon.colcon_core.package_identification:_identify(/home/eds-spiderbyte-01/ros2_motor/log) by extension 'ignore'
[1.909s] Level 1:colcon.colcon_core.package_identification:_identify(/home/eds-spiderbyte-01/ros2_motor/log) ignored
[1.909s] Level 1:colcon.colcon_core.package_identification:_identify(/home/eds-spiderbyte-01/ros2_motor/src) by extensions ['ignore', 'ignore_ament_install']
[1.910s] Level 1:colcon.colcon_core.package_identification:_identify(/home/eds-spiderbyte-01/ros2_motor/src) by extension 'ignore'
[1.910s] Level 1:colcon.colcon_core.package_identification:_identify(/home/eds-spiderbyte-01/ros2_motor/src) by extension 'ignore_ament_install'
[1.911s] Level 1:colcon.colcon_core.package_identification:_identify(/home/eds-spiderbyte-01/ros2_motor/src) by extensions ['colcon_pkg']
[1.911s] Level 1:colcon.colcon_core.package_identification:_identify(/home/eds-spiderbyte-01/ros2_motor/src) by extension 'colcon_pkg'
[1.911s] Level 1:colcon.colcon_core.package_identification:_identify(/home/eds-spiderbyte-01/ros2_motor/src) by extensions ['colcon_meta']
[1.911s] Level 1:colcon.colcon_core.package_identification:_identify(/home/eds-spiderbyte-01/ros2_motor/src) by extension 'colcon_meta'
[1.912s] Level 1:colcon.colcon_core.package_identification:_identify(/home/eds-spiderbyte-01/ros2_motor/src) by extensions ['ros']
[1.912s] Level 1:colcon.colcon_core.package_identification:_identify(/home/eds-spiderbyte-01/ros2_motor/src) by extension 'ros'
[1.913s] Level 1:colcon.colcon_core.package_identification:_identify(/home/eds-spiderbyte-01/ros2_motor/src) by extensions ['cmake', 'python']
[1.913s] Level 1:colcon.colcon_core.package_identification:_identify(/home/eds-spiderbyte-01/ros2_motor/src) by extension 'cmake'
[1.913s] Level 1:colcon.colcon_core.package_identification:_identify(/home/eds-spiderbyte-01/ros2_motor/src) by extension 'python'
[1.913s] Level 1:colcon.colcon_core.package_identification:_identify(/home/eds-spiderbyte-01/ros2_motor/src) by extensions ['python_setup_py']
[1.914s] Level 1:colcon.colcon_core.package_identification:_identify(/home/eds-spiderbyte-01/ros2_motor/src) by extension 'python_setup_py'
[1.914s] Level 1:colcon.colcon_core.package_identification:_identify(/home/eds-spiderbyte-01/ros2_motor/src/servo_control) by extensions ['ignore', 'ignore_ament_install']
[1.915s] Level 1:colcon.colcon_core.package_identification:_identify(/home/eds-spiderbyte-01/ros2_motor/src/servo_control) by extension 'ignore'
[1.915s] Level 1:colcon.colcon_core.package_identification:_identify(/home/eds-spiderbyte-01/ros2_motor/src/servo_control) by extension 'ignore_ament_install'
[1.916s] Level 1:colcon.colcon_core.package_identification:_identify(/home/eds-spiderbyte-01/ros2_motor/src/servo_control) by extensions ['colcon_pkg']
[1.916s] Level 1:colcon.colcon_core.package_identification:_identify(/home/eds-spiderbyte-01/ros2_motor/src/servo_control) by extension 'colcon_pkg'
[1.916s] Level 1:colcon.colcon_core.package_identification:_identify(/home/eds-spiderbyte-01/ros2_motor/src/servo_control) by extensions ['colcon_meta']
[1.917s] Level 1:colcon.colcon_core.package_identification:_identify(/home/eds-spiderbyte-01/ros2_motor/src/servo_control) by extension 'colcon_meta'
[1.917s] Level 1:colcon.colcon_core.package_identification:_identify(/home/eds-spiderbyte-01/ros2_motor/src/servo_control) by extensions ['ros']
[1.917s] Level 1:colcon.colcon_core.package_identification:_identify(/home/eds-spiderbyte-01/ros2_motor/src/servo_control) by extension 'ros'
[1.933s] DEBUG:colcon.colcon_core.package_identification:Package '/home/eds-spiderbyte-01/ros2_motor/src/servo_control' with type 'ros.ament_python' and name 'servo_control'
[1.934s] Level 1:colcon.colcon_core.package_discovery:discover_packages(recursive) using defaults
