running egg_info
writing ../../build/single_leg/single_leg.egg-info/PKG-INFO
writing dependency_links to ../../build/single_leg/single_leg.egg-info/dependency_links.txt
writing entry points to ../../build/single_leg/single_leg.egg-info/entry_points.txt
writing requirements to ../../build/single_leg/single_leg.egg-info/requires.txt
writing top-level names to ../../build/single_leg/single_leg.egg-info/top_level.txt
reading manifest file '../../build/single_leg/single_leg.egg-info/SOURCES.txt'
writing manifest file '../../build/single_leg/single_leg.egg-info/SOURCES.txt'
running build
running build_py
copying single_leg/equa.py -> /home/eds-spiderbyte-01/ros2_motor/build/single_leg/build/lib/single_leg
copying single_leg/XY_plane.py -> /home/eds-spiderbyte-01/ros2_motor/build/single_leg/build/lib/single_leg
running install
running install_lib
copying /home/eds-spiderbyte-01/ros2_motor/build/single_leg/build/lib/single_leg/equa.py -> /home/eds-spiderbyte-01/ros2_motor/install/single_leg/lib/python3.10/site-packages/single_leg
copying /home/eds-spiderbyte-01/ros2_motor/build/single_leg/build/lib/single_leg/XY_plane.py -> /home/eds-spiderbyte-01/ros2_motor/install/single_leg/lib/python3.10/site-packages/single_leg
byte-compiling /home/eds-spiderbyte-01/ros2_motor/install/single_leg/lib/python3.10/site-packages/single_leg/equa.py to equa.cpython-310.pyc
byte-compiling /home/eds-spiderbyte-01/ros2_motor/install/single_leg/lib/python3.10/site-packages/single_leg/XY_plane.py to XY_plane.cpython-310.pyc
running install_data
running install_egg_info
removing '/home/eds-spiderbyte-01/ros2_motor/install/single_leg/lib/python3.10/site-packages/single_leg-0.0.0-py3.10.egg-info' (and everything under it)
Copying ../../build/single_leg/single_leg.egg-info to /home/eds-spiderbyte-01/ros2_motor/install/single_leg/lib/python3.10/site-packages/single_leg-0.0.0-py3.10.egg-info
running install_scripts
Installing XY_plane script to /home/eds-spiderbyte-01/ros2_motor/install/single_leg/lib/single_leg
Installing common_sub script to /home/eds-spiderbyte-01/ros2_motor/install/single_leg/lib/single_leg
Installing equa script to /home/eds-spiderbyte-01/ros2_motor/install/single_leg/lib/single_leg
Installing point_to_point script to /home/eds-spiderbyte-01/ros2_motor/install/single_leg/lib/single_leg
writing list of installed files to '/home/eds-spiderbyte-01/ros2_motor/build/single_leg/install.log'
