[1.695s] Invoking command in '/home/eds-spiderbyte-01/ros2_motor/src/single_leg': PYTHONPATH=/home/eds-spiderbyte-01/ros2_motor/build/single_leg/prefix_override:/usr/lib/python3/dist-packages/colcon_core/task/python/colcon_distutils_commands:/home/eds-spiderbyte-01/ros2_motor/install/single_leg/lib/python3.10/site-packages:${PYTHONPATH} /usr/bin/python3 -W ignore:setup.py install is deprecated -W ignore:easy_install command is deprecated setup.py egg_info --egg-base ../../build/single_leg build --build-base /home/eds-spiderbyte-01/ros2_motor/build/single_leg/build install --record /home/eds-spiderbyte-01/ros2_motor/build/single_leg/install.log --single-version-externally-managed install_data
[2.002s] running egg_info
[2.003s] writing ../../build/single_leg/single_leg.egg-info/PKG-INFO
[2.003s] writing dependency_links to ../../build/single_leg/single_leg.egg-info/dependency_links.txt
[2.004s] writing entry points to ../../build/single_leg/single_leg.egg-info/entry_points.txt
[2.004s] writing requirements to ../../build/single_leg/single_leg.egg-info/requires.txt
[2.004s] writing top-level names to ../../build/single_leg/single_leg.egg-info/top_level.txt
[2.006s] reading manifest file '../../build/single_leg/single_leg.egg-info/SOURCES.txt'
[2.008s] writing manifest file '../../build/single_leg/single_leg.egg-info/SOURCES.txt'
[2.008s] running build
[2.009s] running build_py
[2.009s] copying single_leg/equa.py -> /home/eds-spiderbyte-01/ros2_motor/build/single_leg/build/lib/single_leg
[2.009s] copying single_leg/XY_plane.py -> /home/eds-spiderbyte-01/ros2_motor/build/single_leg/build/lib/single_leg
[2.010s] running install
[2.010s] running install_lib
[2.012s] copying /home/eds-spiderbyte-01/ros2_motor/build/single_leg/build/lib/single_leg/equa.py -> /home/eds-spiderbyte-01/ros2_motor/install/single_leg/lib/python3.10/site-packages/single_leg
[2.012s] copying /home/eds-spiderbyte-01/ros2_motor/build/single_leg/build/lib/single_leg/XY_plane.py -> /home/eds-spiderbyte-01/ros2_motor/install/single_leg/lib/python3.10/site-packages/single_leg
[2.013s] byte-compiling /home/eds-spiderbyte-01/ros2_motor/install/single_leg/lib/python3.10/site-packages/single_leg/equa.py to equa.cpython-310.pyc
[2.015s] byte-compiling /home/eds-spiderbyte-01/ros2_motor/install/single_leg/lib/python3.10/site-packages/single_leg/XY_plane.py to XY_plane.cpython-310.pyc
[2.015s] running install_data
[2.016s] running install_egg_info
[2.018s] removing '/home/eds-spiderbyte-01/ros2_motor/install/single_leg/lib/python3.10/site-packages/single_leg-0.0.0-py3.10.egg-info' (and everything under it)
[2.019s] Copying ../../build/single_leg/single_leg.egg-info to /home/eds-spiderbyte-01/ros2_motor/install/single_leg/lib/python3.10/site-packages/single_leg-0.0.0-py3.10.egg-info
[2.020s] running install_scripts
[2.045s] Installing XY_plane script to /home/eds-spiderbyte-01/ros2_motor/install/single_leg/lib/single_leg
[2.046s] Installing common_sub script to /home/eds-spiderbyte-01/ros2_motor/install/single_leg/lib/single_leg
[2.046s] Installing equa script to /home/eds-spiderbyte-01/ros2_motor/install/single_leg/lib/single_leg
[2.046s] Installing point_to_point script to /home/eds-spiderbyte-01/ros2_motor/install/single_leg/lib/single_leg
[2.047s] writing list of installed files to '/home/eds-spiderbyte-01/ros2_motor/build/single_leg/install.log'
[2.102s] Invoked command in '/home/eds-spiderbyte-01/ros2_motor/src/single_leg' returned '0': PYTHONPATH=/home/eds-spiderbyte-01/ros2_motor/build/single_leg/prefix_override:/usr/lib/python3/dist-packages/colcon_core/task/python/colcon_distutils_commands:/home/eds-spiderbyte-01/ros2_motor/install/single_leg/lib/python3.10/site-packages:${PYTHONPATH} /usr/bin/python3 -W ignore:setup.py install is deprecated -W ignore:easy_install command is deprecated setup.py egg_info --egg-base ../../build/single_leg build --build-base /home/eds-spiderbyte-01/ros2_motor/build/single_leg/build install --record /home/eds-spiderbyte-01/ros2_motor/build/single_leg/install.log --single-version-externally-managed install_data
