[1.741s] Invoking command in '/home/eds-spiderbyte-01/ros2_motor/src/single_leg': PYTHONPATH=/home/eds-spiderbyte-01/ros2_motor/build/single_leg/prefix_override:/usr/lib/python3/dist-packages/colcon_core/task/python/colcon_distutils_commands:/home/eds-spiderbyte-01/ros2_motor/install/single_leg/lib/python3.10/site-packages:${PYTHONPATH} /usr/bin/python3 -W ignore:setup.py install is deprecated -W ignore:easy_install command is deprecated setup.py egg_info --egg-base ../../build/single_leg build --build-base /home/eds-spiderbyte-01/ros2_motor/build/single_leg/build install --record /home/eds-spiderbyte-01/ros2_motor/build/single_leg/install.log --single-version-externally-managed install_data
[2.049s] running egg_info
[2.050s] writing ../../build/single_leg/single_leg.egg-info/PKG-INFO
[2.052s] writing dependency_links to ../../build/single_leg/single_leg.egg-info/dependency_links.txt
[2.052s] writing entry points to ../../build/single_leg/single_leg.egg-info/entry_points.txt
[2.053s] writing requirements to ../../build/single_leg/single_leg.egg-info/requires.txt
[2.053s] writing top-level names to ../../build/single_leg/single_leg.egg-info/top_level.txt
[2.055s] reading manifest file '../../build/single_leg/single_leg.egg-info/SOURCES.txt'
[2.056s] writing manifest file '../../build/single_leg/single_leg.egg-info/SOURCES.txt'
[2.056s] running build
[2.056s] running build_py
[2.057s] copying single_leg/equa.py -> /home/eds-spiderbyte-01/ros2_motor/build/single_leg/build/lib/single_leg
[2.058s] running install
[2.058s] running install_lib
[2.060s] copying /home/eds-spiderbyte-01/ros2_motor/build/single_leg/build/lib/single_leg/equa.py -> /home/eds-spiderbyte-01/ros2_motor/install/single_leg/lib/python3.10/site-packages/single_leg
[2.061s] byte-compiling /home/eds-spiderbyte-01/ros2_motor/install/single_leg/lib/python3.10/site-packages/single_leg/equa.py to equa.cpython-310.pyc
[2.062s] running install_data
[2.063s] running install_egg_info
[2.065s] removing '/home/eds-spiderbyte-01/ros2_motor/install/single_leg/lib/python3.10/site-packages/single_leg-0.0.0-py3.10.egg-info' (and everything under it)
[2.065s] Copying ../../build/single_leg/single_leg.egg-info to /home/eds-spiderbyte-01/ros2_motor/install/single_leg/lib/python3.10/site-packages/single_leg-0.0.0-py3.10.egg-info
[2.066s] running install_scripts
[2.090s] Installing XY_plane script to /home/eds-spiderbyte-01/ros2_motor/install/single_leg/lib/single_leg
[2.091s] Installing common_sub script to /home/eds-spiderbyte-01/ros2_motor/install/single_leg/lib/single_leg
[2.091s] Installing equa script to /home/eds-spiderbyte-01/ros2_motor/install/single_leg/lib/single_leg
[2.091s] Installing point_to_point script to /home/eds-spiderbyte-01/ros2_motor/install/single_leg/lib/single_leg
[2.092s] writing list of installed files to '/home/eds-spiderbyte-01/ros2_motor/build/single_leg/install.log'
[2.118s] Invoked command in '/home/eds-spiderbyte-01/ros2_motor/src/single_leg' returned '0': PYTHONPATH=/home/eds-spiderbyte-01/ros2_motor/build/single_leg/prefix_override:/usr/lib/python3/dist-packages/colcon_core/task/python/colcon_distutils_commands:/home/eds-spiderbyte-01/ros2_motor/install/single_leg/lib/python3.10/site-packages:${PYTHONPATH} /usr/bin/python3 -W ignore:setup.py install is deprecated -W ignore:easy_install command is deprecated setup.py egg_info --egg-base ../../build/single_leg build --build-base /home/eds-spiderbyte-01/ros2_motor/build/single_leg/build install --record /home/eds-spiderbyte-01/ros2_motor/build/single_leg/install.log --single-version-externally-managed install_data
