[0.838s] Invoking command in '/home/eds-spiderbyte-01/ros2_motor/src/key_input': PYTHONPATH=/home/eds-spiderbyte-01/ros2_motor/build/key_input/prefix_override:/usr/lib/python3/dist-packages/colcon_core/task/python/colcon_distutils_commands:/home/eds-spiderbyte-01/ros2_motor/install/key_input/lib/python3.10/site-packages:${PYTHONPATH} /usr/bin/python3 -W ignore:setup.py install is deprecated -W ignore:easy_install command is deprecated setup.py egg_info --egg-base ../../build/key_input build --build-base /home/eds-spiderbyte-01/ros2_motor/build/key_input/build install --record /home/eds-spiderbyte-01/ros2_motor/build/key_input/install.log --single-version-externally-managed install_data
[1.073s] running egg_info
[1.074s] writing ../../build/key_input/key_input.egg-info/PKG-INFO
[1.074s] writing dependency_links to ../../build/key_input/key_input.egg-info/dependency_links.txt
[1.074s] writing entry points to ../../build/key_input/key_input.egg-info/entry_points.txt
[1.075s] writing requirements to ../../build/key_input/key_input.egg-info/requires.txt
[1.075s] writing top-level names to ../../build/key_input/key_input.egg-info/top_level.txt
[1.076s] reading manifest file '../../build/key_input/key_input.egg-info/SOURCES.txt'
[1.077s] writing manifest file '../../build/key_input/key_input.egg-info/SOURCES.txt'
[1.077s] running build
[1.078s] running build_py
[1.078s] copying key_input/Servo_Input.py -> /home/eds-spiderbyte-01/ros2_motor/build/key_input/build/lib/key_input
[1.078s] running install
[1.078s] running install_lib
[1.079s] copying /home/eds-spiderbyte-01/ros2_motor/build/key_input/build/lib/key_input/Servo_Input.py -> /home/eds-spiderbyte-01/ros2_motor/install/key_input/lib/python3.10/site-packages/key_input
[1.080s] byte-compiling /home/eds-spiderbyte-01/ros2_motor/install/key_input/lib/python3.10/site-packages/key_input/Servo_Input.py to Servo_Input.cpython-310.pyc
[1.081s] running install_data
[1.081s] running install_egg_info
[1.082s] removing '/home/eds-spiderbyte-01/ros2_motor/install/key_input/lib/python3.10/site-packages/key_input-0.0.0-py3.10.egg-info' (and everything under it)
[1.083s] Copying ../../build/key_input/key_input.egg-info to /home/eds-spiderbyte-01/ros2_motor/install/key_input/lib/python3.10/site-packages/key_input-0.0.0-py3.10.egg-info
[1.083s] running install_scripts
[1.101s] Installing Servo_Input script to /home/eds-spiderbyte-01/ros2_motor/install/key_input/lib/key_input
[1.102s] Installing Servo_Input_Subscriber script to /home/eds-spiderbyte-01/ros2_motor/install/key_input/lib/key_input
[1.102s] writing list of installed files to '/home/eds-spiderbyte-01/ros2_motor/build/key_input/install.log'
[1.141s] Invoked command in '/home/eds-spiderbyte-01/ros2_motor/src/key_input' returned '0': PYTHONPATH=/home/eds-spiderbyte-01/ros2_motor/build/key_input/prefix_override:/usr/lib/python3/dist-packages/colcon_core/task/python/colcon_distutils_commands:/home/eds-spiderbyte-01/ros2_motor/install/key_input/lib/python3.10/site-packages:${PYTHONPATH} /usr/bin/python3 -W ignore:setup.py install is deprecated -W ignore:easy_install command is deprecated setup.py egg_info --egg-base ../../build/key_input build --build-base /home/eds-spiderbyte-01/ros2_motor/build/key_input/build install --record /home/eds-spiderbyte-01/ros2_motor/build/key_input/install.log --single-version-externally-managed install_data
