[0.121s] DEBUG:colcon:Command line arguments: ['/usr/bin/colcon', 'build']
[0.121s] DEBUG:colcon:Parsed command line arguments: Namespace(log_base=None, log_level=None, verb_name='build', build_base='build', install_base='install', merge_install=False, symlink_install=False, test_result_base=None, continue_on_error=False, executor='parallel', parallel_workers=8, event_handlers=None, ignore_user_meta=False, metas=['./colcon.meta'], base_paths=['.'], packages_ignore=None, packages_ignore_regex=None, paths=None, packages_up_to=None, packages_up_to_regex=None, packages_above=None, packages_above_and_dependencies=None, packages_above_depth=None, packages_select_by_dep=None, packages_skip_by_dep=None, packages_skip_up_to=None, packages_select_build_failed=False, packages_skip_build_finished=False, packages_select_test_failures=False, packages_skip_test_passed=False, packages_select=None, packages_skip=None, packages_select_regex=None, packages_skip_regex=None, packages_start=None, packages_end=None, allow_overriding=[], cmake_args=None, cmake_target=None, cmake_target_skip_unavailable=False, cmake_clean_cache=False, cmake_clean_first=False, cmake_force_configure=False, ament_cmake_args=None, catkin_cmake_args=None, catkin_skip_building_tests=False, mixin_files=None, mixin=None, verb_parser=<colcon_mixin.mixin.mixin_argument.MixinArgumentDecorator object at 0x7de7a3512620>, verb_extension=<colcon_core.verb.build.BuildVerb object at 0x7de7a3667a00>, main=<bound method BuildVerb.main of <colcon_core.verb.build.BuildVerb object at 0x7de7a3667a00>>, mixin_verb=('build',))
[0.300s] Level 1:colcon.colcon_core.package_discovery:discover_packages(colcon_meta) check parameters
[0.300s] Level 1:colcon.colcon_core.package_discovery:discover_packages(recursive) check parameters
[0.300s] Level 1:colcon.colcon_core.package_discovery:discover_packages(ignore) check parameters
[0.300s] Level 1:colcon.colcon_core.package_discovery:discover_packages(path) check parameters
[0.300s] Level 1:colcon.colcon_core.package_discovery:discover_packages(colcon_meta) discover
[0.300s] Level 1:colcon.colcon_core.package_discovery:discover_packages(recursive) discover
[0.300s] INFO:colcon.colcon_core.package_discovery:Crawling recursively for packages in '/home/eds-spiderbyte-01/ros2_motor'
[0.301s] Level 1:colcon.colcon_core.package_identification:_identify(.) by extensions ['ignore', 'ignore_ament_install']
[0.301s] Level 1:colcon.colcon_core.package_identification:_identify(.) by extension 'ignore'
[0.301s] Level 1:colcon.colcon_core.package_identification:_identify(.) by extension 'ignore_ament_install'
[0.301s] Level 1:colcon.colcon_core.package_identification:_identify(.) by extensions ['colcon_pkg']
[0.301s] Level 1:colcon.colcon_core.package_identification:_identify(.) by extension 'colcon_pkg'
[0.301s] Level 1:colcon.colcon_core.package_identification:_identify(.) by extensions ['colcon_meta']
[0.301s] Level 1:colcon.colcon_core.package_identification:_identify(.) by extension 'colcon_meta'
[0.301s] Level 1:colcon.colcon_core.package_identification:_identify(.) by extensions ['ros']
[0.301s] Level 1:colcon.colcon_core.package_identification:_identify(.) by extension 'ros'
[0.311s] Level 1:colcon.colcon_core.package_identification:_identify(.) by extensions ['cmake', 'python']
[0.311s] Level 1:colcon.colcon_core.package_identification:_identify(.) by extension 'cmake'
[0.311s] Level 1:colcon.colcon_core.package_identification:_identify(.) by extension 'python'
[0.312s] Level 1:colcon.colcon_core.package_identification:_identify(.) by extensions ['python_setup_py']
[0.312s] Level 1:colcon.colcon_core.package_identification:_identify(.) by extension 'python_setup_py'
[0.312s] Level 1:colcon.colcon_core.package_identification:_identify(build) by extensions ['ignore', 'ignore_ament_install']
[0.312s] Level 1:colcon.colcon_core.package_identification:_identify(build) by extension 'ignore'
[0.312s] Level 1:colcon.colcon_core.package_identification:_identify(build) ignored
[0.312s] Level 1:colcon.colcon_core.package_identification:_identify(install) by extensions ['ignore', 'ignore_ament_install']
[0.312s] Level 1:colcon.colcon_core.package_identification:_identify(install) by extension 'ignore'
[0.312s] Level 1:colcon.colcon_core.package_identification:_identify(install) ignored
[0.312s] Level 1:colcon.colcon_core.package_identification:_identify(log) by extensions ['ignore', 'ignore_ament_install']
[0.312s] Level 1:colcon.colcon_core.package_identification:_identify(log) by extension 'ignore'
[0.312s] Level 1:colcon.colcon_core.package_identification:_identify(log) ignored
[0.312s] Level 1:colcon.colcon_core.package_identification:_identify(src) by extensions ['ignore', 'ignore_ament_install']
[0.313s] Level 1:colcon.colcon_core.package_identification:_identify(src) by extension 'ignore'
[0.313s] Level 1:colcon.colcon_core.package_identification:_identify(src) by extension 'ignore_ament_install'
[0.313s] Level 1:colcon.colcon_core.package_identification:_identify(src) by extensions ['colcon_pkg']
[0.313s] Level 1:colcon.colcon_core.package_identification:_identify(src) by extension 'colcon_pkg'
[0.313s] Level 1:colcon.colcon_core.package_identification:_identify(src) by extensions ['colcon_meta']
[0.313s] Level 1:colcon.colcon_core.package_identification:_identify(src) by extension 'colcon_meta'
[0.313s] Level 1:colcon.colcon_core.package_identification:_identify(src) by extensions ['ros']
[0.313s] Level 1:colcon.colcon_core.package_identification:_identify(src) by extension 'ros'
[0.313s] Level 1:colcon.colcon_core.package_identification:_identify(src) by extensions ['cmake', 'python']
[0.313s] Level 1:colcon.colcon_core.package_identification:_identify(src) by extension 'cmake'
[0.313s] Level 1:colcon.colcon_core.package_identification:_identify(src) by extension 'python'
[0.313s] Level 1:colcon.colcon_core.package_identification:_identify(src) by extensions ['python_setup_py']
[0.313s] Level 1:colcon.colcon_core.package_identification:_identify(src) by extension 'python_setup_py'
[0.313s] Level 1:colcon.colcon_core.package_identification:_identify(src/key_input) by extensions ['ignore', 'ignore_ament_install']
[0.313s] Level 1:colcon.colcon_core.package_identification:_identify(src/key_input) by extension 'ignore'
[0.313s] Level 1:colcon.colcon_core.package_identification:_identify(src/key_input) by extension 'ignore_ament_install'
[0.313s] Level 1:colcon.colcon_core.package_identification:_identify(src/key_input) by extensions ['colcon_pkg']
[0.313s] Level 1:colcon.colcon_core.package_identification:_identify(src/key_input) by extension 'colcon_pkg'
[0.313s] Level 1:colcon.colcon_core.package_identification:_identify(src/key_input) by extensions ['colcon_meta']
[0.313s] Level 1:colcon.colcon_core.package_identification:_identify(src/key_input) by extension 'colcon_meta'
[0.313s] Level 1:colcon.colcon_core.package_identification:_identify(src/key_input) by extensions ['ros']
[0.313s] Level 1:colcon.colcon_core.package_identification:_identify(src/key_input) by extension 'ros'
[0.316s] DEBUG:colcon.colcon_core.package_identification:Package 'src/key_input' with type 'ros.ament_python' and name 'key_input'
[0.316s] Level 1:colcon.colcon_core.package_identification:_identify(src/servo_control) by extensions ['ignore', 'ignore_ament_install']
[0.316s] Level 1:colcon.colcon_core.package_identification:_identify(src/servo_control) by extension 'ignore'
[0.316s] Level 1:colcon.colcon_core.package_identification:_identify(src/servo_control) by extension 'ignore_ament_install'
[0.316s] Level 1:colcon.colcon_core.package_identification:_identify(src/servo_control) by extensions ['colcon_pkg']
[0.316s] Level 1:colcon.colcon_core.package_identification:_identify(src/servo_control) by extension 'colcon_pkg'
[0.316s] Level 1:colcon.colcon_core.package_identification:_identify(src/servo_control) by extensions ['colcon_meta']
[0.316s] Level 1:colcon.colcon_core.package_identification:_identify(src/servo_control) by extension 'colcon_meta'
[0.316s] Level 1:colcon.colcon_core.package_identification:_identify(src/servo_control) by extensions ['ros']
[0.316s] Level 1:colcon.colcon_core.package_identification:_identify(src/servo_control) by extension 'ros'
[0.317s] DEBUG:colcon.colcon_core.package_identification:Package 'src/servo_control' with type 'ros.ament_python' and name 'servo_control'
[0.317s] Level 1:colcon.colcon_core.package_identification:_identify(src/single_leg) by extensions ['ignore', 'ignore_ament_install']
[0.317s] Level 1:colcon.colcon_core.package_identification:_identify(src/single_leg) by extension 'ignore'
[0.317s] Level 1:colcon.colcon_core.package_identification:_identify(src/single_leg) by extension 'ignore_ament_install'
[0.317s] Level 1:colcon.colcon_core.package_identification:_identify(src/single_leg) by extensions ['colcon_pkg']
[0.317s] Level 1:colcon.colcon_core.package_identification:_identify(src/single_leg) by extension 'colcon_pkg'
[0.317s] Level 1:colcon.colcon_core.package_identification:_identify(src/single_leg) by extensions ['colcon_meta']
[0.317s] Level 1:colcon.colcon_core.package_identification:_identify(src/single_leg) by extension 'colcon_meta'
[0.317s] Level 1:colcon.colcon_core.package_identification:_identify(src/single_leg) by extensions ['ros']
[0.317s] Level 1:colcon.colcon_core.package_identification:_identify(src/single_leg) by extension 'ros'
[0.318s] DEBUG:colcon.colcon_core.package_identification:Package 'src/single_leg' with type 'ros.ament_python' and name 'single_leg'
[0.318s] Level 1:colcon.colcon_core.package_identification:_identify(src/two_keys) by extensions ['ignore', 'ignore_ament_install']
[0.318s] Level 1:colcon.colcon_core.package_identification:_identify(src/two_keys) by extension 'ignore'
[0.318s] Level 1:colcon.colcon_core.package_identification:_identify(src/two_keys) by extension 'ignore_ament_install'
[0.318s] Level 1:colcon.colcon_core.package_identification:_identify(src/two_keys) by extensions ['colcon_pkg']
[0.318s] Level 1:colcon.colcon_core.package_identification:_identify(src/two_keys) by extension 'colcon_pkg'
[0.318s] Level 1:colcon.colcon_core.package_identification:_identify(src/two_keys) by extensions ['colcon_meta']
[0.318s] Level 1:colcon.colcon_core.package_identification:_identify(src/two_keys) by extension 'colcon_meta'
[0.318s] Level 1:colcon.colcon_core.package_identification:_identify(src/two_keys) by extensions ['ros']
[0.318s] Level 1:colcon.colcon_core.package_identification:_identify(src/two_keys) by extension 'ros'
[0.319s] DEBUG:colcon.colcon_core.package_identification:Package 'src/two_keys' with type 'ros.ament_python' and name 'two_keys'
[0.319s] Level 1:colcon.colcon_core.package_identification:_identify(src/two_motors) by extensions ['ignore', 'ignore_ament_install']
[0.319s] Level 1:colcon.colcon_core.package_identification:_identify(src/two_motors) by extension 'ignore'
[0.319s] Level 1:colcon.colcon_core.package_identification:_identify(src/two_motors) by extension 'ignore_ament_install'
[0.319s] Level 1:colcon.colcon_core.package_identification:_identify(src/two_motors) by extensions ['colcon_pkg']
[0.319s] Level 1:colcon.colcon_core.package_identification:_identify(src/two_motors) by extension 'colcon_pkg'
[0.319s] Level 1:colcon.colcon_core.package_identification:_identify(src/two_motors) by extensions ['colcon_meta']
[0.319s] Level 1:colcon.colcon_core.package_identification:_identify(src/two_motors) by extension 'colcon_meta'
[0.319s] Level 1:colcon.colcon_core.package_identification:_identify(src/two_motors) by extensions ['ros']
[0.319s] Level 1:colcon.colcon_core.package_identification:_identify(src/two_motors) by extension 'ros'
[0.320s] DEBUG:colcon.colcon_core.package_identification:Package 'src/two_motors' with type 'ros.ament_python' and name 'two_motors'
[0.320s] Level 1:colcon.colcon_core.package_discovery:discover_packages(recursive) using defaults
[0.320s] Level 1:colcon.colcon_core.package_discovery:discover_packages(ignore) discover
[0.320s] Level 1:colcon.colcon_core.package_discovery:discover_packages(ignore) using defaults
[0.320s] Level 1:colcon.colcon_core.package_discovery:discover_packages(path) discover
[0.320s] Level 1:colcon.colcon_core.package_discovery:discover_packages(path) using defaults
[0.357s] Level 1:colcon.colcon_core.package_discovery:discover_packages(prefix_path) check parameters
[0.357s] Level 1:colcon.colcon_core.package_discovery:discover_packages(prefix_path) discover
[0.359s] DEBUG:colcon.colcon_installed_package_information.package_discovery:Found 5 installed packages in /home/eds-spiderbyte-01/ros2_motor/install
[0.361s] DEBUG:colcon.colcon_installed_package_information.package_discovery:Found 272 installed packages in /opt/ros/humble
[0.363s] Level 1:colcon.colcon_core.package_discovery:discover_packages(prefix_path) using defaults
[0.405s] Level 5:colcon.colcon_core.verb:set package 'key_input' build argument 'cmake_args' from command line to 'None'
[0.405s] Level 5:colcon.colcon_core.verb:set package 'key_input' build argument 'cmake_target' from command line to 'None'
[0.405s] Level 5:colcon.colcon_core.verb:set package 'key_input' build argument 'cmake_target_skip_unavailable' from command line to 'False'
[0.405s] Level 5:colcon.colcon_core.verb:set package 'key_input' build argument 'cmake_clean_cache' from command line to 'False'
[0.405s] Level 5:colcon.colcon_core.verb:set package 'key_input' build argument 'cmake_clean_first' from command line to 'False'
[0.405s] Level 5:colcon.colcon_core.verb:set package 'key_input' build argument 'cmake_force_configure' from command line to 'False'
[0.405s] Level 5:colcon.colcon_core.verb:set package 'key_input' build argument 'ament_cmake_args' from command line to 'None'
[0.405s] Level 5:colcon.colcon_core.verb:set package 'key_input' build argument 'catkin_cmake_args' from command line to 'None'
[0.405s] Level 5:colcon.colcon_core.verb:set package 'key_input' build argument 'catkin_skip_building_tests' from command line to 'False'
[0.405s] DEBUG:colcon.colcon_core.verb:Building package 'key_input' with the following arguments: {'ament_cmake_args': None, 'build_base': '/home/eds-spiderbyte-01/ros2_motor/build/key_input', 'catkin_cmake_args': None, 'catkin_skip_building_tests': False, 'cmake_args': None, 'cmake_clean_cache': False, 'cmake_clean_first': False, 'cmake_force_configure': False, 'cmake_target': None, 'cmake_target_skip_unavailable': False, 'install_base': '/home/eds-spiderbyte-01/ros2_motor/install/key_input', 'merge_install': False, 'path': '/home/eds-spiderbyte-01/ros2_motor/src/key_input', 'symlink_install': False, 'test_result_base': None}
[0.406s] Level 5:colcon.colcon_core.verb:set package 'servo_control' build argument 'cmake_args' from command line to 'None'
[0.406s] Level 5:colcon.colcon_core.verb:set package 'servo_control' build argument 'cmake_target' from command line to 'None'
[0.406s] Level 5:colcon.colcon_core.verb:set package 'servo_control' build argument 'cmake_target_skip_unavailable' from command line to 'False'
[0.406s] Level 5:colcon.colcon_core.verb:set package 'servo_control' build argument 'cmake_clean_cache' from command line to 'False'
[0.406s] Level 5:colcon.colcon_core.verb:set package 'servo_control' build argument 'cmake_clean_first' from command line to 'False'
[0.406s] Level 5:colcon.colcon_core.verb:set package 'servo_control' build argument 'cmake_force_configure' from command line to 'False'
[0.406s] Level 5:colcon.colcon_core.verb:set package 'servo_control' build argument 'ament_cmake_args' from command line to 'None'
[0.406s] Level 5:colcon.colcon_core.verb:set package 'servo_control' build argument 'catkin_cmake_args' from command line to 'None'
[0.406s] Level 5:colcon.colcon_core.verb:set package 'servo_control' build argument 'catkin_skip_building_tests' from command line to 'False'
[0.406s] DEBUG:colcon.colcon_core.verb:Building package 'servo_control' with the following arguments: {'ament_cmake_args': None, 'build_base': '/home/eds-spiderbyte-01/ros2_motor/build/servo_control', 'catkin_cmake_args': None, 'catkin_skip_building_tests': False, 'cmake_args': None, 'cmake_clean_cache': False, 'cmake_clean_first': False, 'cmake_force_configure': False, 'cmake_target': None, 'cmake_target_skip_unavailable': False, 'install_base': '/home/eds-spiderbyte-01/ros2_motor/install/servo_control', 'merge_install': False, 'path': '/home/eds-spiderbyte-01/ros2_motor/src/servo_control', 'symlink_install': False, 'test_result_base': None}
[0.406s] Level 5:colcon.colcon_core.verb:set package 'single_leg' build argument 'cmake_args' from command line to 'None'
[0.406s] Level 5:colcon.colcon_core.verb:set package 'single_leg' build argument 'cmake_target' from command line to 'None'
[0.406s] Level 5:colcon.colcon_core.verb:set package 'single_leg' build argument 'cmake_target_skip_unavailable' from command line to 'False'
[0.406s] Level 5:colcon.colcon_core.verb:set package 'single_leg' build argument 'cmake_clean_cache' from command line to 'False'
[0.406s] Level 5:colcon.colcon_core.verb:set package 'single_leg' build argument 'cmake_clean_first' from command line to 'False'
[0.406s] Level 5:colcon.colcon_core.verb:set package 'single_leg' build argument 'cmake_force_configure' from command line to 'False'
[0.406s] Level 5:colcon.colcon_core.verb:set package 'single_leg' build argument 'ament_cmake_args' from command line to 'None'
[0.407s] Level 5:colcon.colcon_core.verb:set package 'single_leg' build argument 'catkin_cmake_args' from command line to 'None'
[0.407s] Level 5:colcon.colcon_core.verb:set package 'single_leg' build argument 'catkin_skip_building_tests' from command line to 'False'
[0.407s] DEBUG:colcon.colcon_core.verb:Building package 'single_leg' with the following arguments: {'ament_cmake_args': None, 'build_base': '/home/eds-spiderbyte-01/ros2_motor/build/single_leg', 'catkin_cmake_args': None, 'catkin_skip_building_tests': False, 'cmake_args': None, 'cmake_clean_cache': False, 'cmake_clean_first': False, 'cmake_force_configure': False, 'cmake_target': None, 'cmake_target_skip_unavailable': False, 'install_base': '/home/eds-spiderbyte-01/ros2_motor/install/single_leg', 'merge_install': False, 'path': '/home/eds-spiderbyte-01/ros2_motor/src/single_leg', 'symlink_install': False, 'test_result_base': None}
[0.407s] Level 5:colcon.colcon_core.verb:set package 'two_keys' build argument 'cmake_args' from command line to 'None'
[0.407s] Level 5:colcon.colcon_core.verb:set package 'two_keys' build argument 'cmake_target' from command line to 'None'
[0.407s] Level 5:colcon.colcon_core.verb:set package 'two_keys' build argument 'cmake_target_skip_unavailable' from command line to 'False'
[0.407s] Level 5:colcon.colcon_core.verb:set package 'two_keys' build argument 'cmake_clean_cache' from command line to 'False'
[0.407s] Level 5:colcon.colcon_core.verb:set package 'two_keys' build argument 'cmake_clean_first' from command line to 'False'
[0.407s] Level 5:colcon.colcon_core.verb:set package 'two_keys' build argument 'cmake_force_configure' from command line to 'False'
[0.407s] Level 5:colcon.colcon_core.verb:set package 'two_keys' build argument 'ament_cmake_args' from command line to 'None'
[0.407s] Level 5:colcon.colcon_core.verb:set package 'two_keys' build argument 'catkin_cmake_args' from command line to 'None'
[0.407s] Level 5:colcon.colcon_core.verb:set package 'two_keys' build argument 'catkin_skip_building_tests' from command line to 'False'
[0.407s] DEBUG:colcon.colcon_core.verb:Building package 'two_keys' with the following arguments: {'ament_cmake_args': None, 'build_base': '/home/eds-spiderbyte-01/ros2_motor/build/two_keys', 'catkin_cmake_args': None, 'catkin_skip_building_tests': False, 'cmake_args': None, 'cmake_clean_cache': False, 'cmake_clean_first': False, 'cmake_force_configure': False, 'cmake_target': None, 'cmake_target_skip_unavailable': False, 'install_base': '/home/eds-spiderbyte-01/ros2_motor/install/two_keys', 'merge_install': False, 'path': '/home/eds-spiderbyte-01/ros2_motor/src/two_keys', 'symlink_install': False, 'test_result_base': None}
[0.407s] Level 5:colcon.colcon_core.verb:set package 'two_motors' build argument 'cmake_args' from command line to 'None'
[0.407s] Level 5:colcon.colcon_core.verb:set package 'two_motors' build argument 'cmake_target' from command line to 'None'
[0.407s] Level 5:colcon.colcon_core.verb:set package 'two_motors' build argument 'cmake_target_skip_unavailable' from command line to 'False'
[0.408s] Level 5:colcon.colcon_core.verb:set package 'two_motors' build argument 'cmake_clean_cache' from command line to 'False'
[0.408s] Level 5:colcon.colcon_core.verb:set package 'two_motors' build argument 'cmake_clean_first' from command line to 'False'
[0.408s] Level 5:colcon.colcon_core.verb:set package 'two_motors' build argument 'cmake_force_configure' from command line to 'False'
[0.408s] Level 5:colcon.colcon_core.verb:set package 'two_motors' build argument 'ament_cmake_args' from command line to 'None'
[0.408s] Level 5:colcon.colcon_core.verb:set package 'two_motors' build argument 'catkin_cmake_args' from command line to 'None'
[0.408s] Level 5:colcon.colcon_core.verb:set package 'two_motors' build argument 'catkin_skip_building_tests' from command line to 'False'
[0.408s] DEBUG:colcon.colcon_core.verb:Building package 'two_motors' with the following arguments: {'ament_cmake_args': None, 'build_base': '/home/eds-spiderbyte-01/ros2_motor/build/two_motors', 'catkin_cmake_args': None, 'catkin_skip_building_tests': False, 'cmake_args': None, 'cmake_clean_cache': False, 'cmake_clean_first': False, 'cmake_force_configure': False, 'cmake_target': None, 'cmake_target_skip_unavailable': False, 'install_base': '/home/eds-spiderbyte-01/ros2_motor/install/two_motors', 'merge_install': False, 'path': '/home/eds-spiderbyte-01/ros2_motor/src/two_motors', 'symlink_install': False, 'test_result_base': None}
[0.408s] INFO:colcon.colcon_core.executor:Executing jobs using 'parallel' executor
[0.409s] DEBUG:colcon.colcon_parallel_executor.executor.parallel:run_until_complete
[0.409s] INFO:colcon.colcon_ros.task.ament_python.build:Building ROS package in '/home/eds-spiderbyte-01/ros2_motor/src/key_input' with build type 'ament_python'
[0.409s] Level 1:colcon.colcon_core.shell:create_environment_hook('key_input', 'ament_prefix_path')
[0.412s] INFO:colcon.colcon_core.plugin_system:Skipping extension 'colcon_core.shell.bat': Not used on non-Windows systems
[0.412s] INFO:colcon.colcon_core.shell:Creating environment hook '/home/eds-spiderbyte-01/ros2_motor/install/key_input/share/key_input/hook/ament_prefix_path.ps1'
[0.413s] INFO:colcon.colcon_core.shell:Creating environment descriptor '/home/eds-spiderbyte-01/ros2_motor/install/key_input/share/key_input/hook/ament_prefix_path.dsv'
[0.413s] INFO:colcon.colcon_core.shell:Creating environment hook '/home/eds-spiderbyte-01/ros2_motor/install/key_input/share/key_input/hook/ament_prefix_path.sh'
[0.414s] INFO:colcon.colcon_core.shell:Skip shell extension 'powershell' for command environment: Not usable outside of PowerShell
[0.414s] DEBUG:colcon.colcon_core.shell:Skip shell extension 'dsv' for command environment
[0.417s] INFO:colcon.colcon_ros.task.ament_python.build:Building ROS package in '/home/eds-spiderbyte-01/ros2_motor/src/servo_control' with build type 'ament_python'
[0.418s] Level 1:colcon.colcon_core.shell:create_environment_hook('servo_control', 'ament_prefix_path')
[0.418s] INFO:colcon.colcon_core.shell:Creating environment hook '/home/eds-spiderbyte-01/ros2_motor/install/servo_control/share/servo_control/hook/ament_prefix_path.ps1'
[0.418s] INFO:colcon.colcon_core.shell:Creating environment descriptor '/home/eds-spiderbyte-01/ros2_motor/install/servo_control/share/servo_control/hook/ament_prefix_path.dsv'
[0.419s] INFO:colcon.colcon_core.shell:Creating environment hook '/home/eds-spiderbyte-01/ros2_motor/install/servo_control/share/servo_control/hook/ament_prefix_path.sh'
[0.419s] INFO:colcon.colcon_core.shell:Skip shell extension 'powershell' for command environment: Not usable outside of PowerShell
[0.419s] DEBUG:colcon.colcon_core.shell:Skip shell extension 'dsv' for command environment
[0.423s] INFO:colcon.colcon_ros.task.ament_python.build:Building ROS package in '/home/eds-spiderbyte-01/ros2_motor/src/single_leg' with build type 'ament_python'
[0.423s] Level 1:colcon.colcon_core.shell:create_environment_hook('single_leg', 'ament_prefix_path')
[0.424s] INFO:colcon.colcon_core.shell:Creating environment hook '/home/eds-spiderbyte-01/ros2_motor/install/single_leg/share/single_leg/hook/ament_prefix_path.ps1'
[0.424s] INFO:colcon.colcon_core.shell:Creating environment descriptor '/home/eds-spiderbyte-01/ros2_motor/install/single_leg/share/single_leg/hook/ament_prefix_path.dsv'
[0.425s] INFO:colcon.colcon_core.shell:Creating environment hook '/home/eds-spiderbyte-01/ros2_motor/install/single_leg/share/single_leg/hook/ament_prefix_path.sh'
[0.425s] INFO:colcon.colcon_core.shell:Skip shell extension 'powershell' for command environment: Not usable outside of PowerShell
[0.425s] DEBUG:colcon.colcon_core.shell:Skip shell extension 'dsv' for command environment
[0.429s] INFO:colcon.colcon_ros.task.ament_python.build:Building ROS package in '/home/eds-spiderbyte-01/ros2_motor/src/two_keys' with build type 'ament_python'
[0.429s] Level 1:colcon.colcon_core.shell:create_environment_hook('two_keys', 'ament_prefix_path')
[0.430s] INFO:colcon.colcon_core.shell:Creating environment hook '/home/eds-spiderbyte-01/ros2_motor/install/two_keys/share/two_keys/hook/ament_prefix_path.ps1'
[0.430s] INFO:colcon.colcon_core.shell:Creating environment descriptor '/home/eds-spiderbyte-01/ros2_motor/install/two_keys/share/two_keys/hook/ament_prefix_path.dsv'
[0.431s] INFO:colcon.colcon_core.shell:Creating environment hook '/home/eds-spiderbyte-01/ros2_motor/install/two_keys/share/two_keys/hook/ament_prefix_path.sh'
[0.431s] INFO:colcon.colcon_core.shell:Skip shell extension 'powershell' for command environment: Not usable outside of PowerShell
[0.431s] DEBUG:colcon.colcon_core.shell:Skip shell extension 'dsv' for command environment
[0.435s] INFO:colcon.colcon_ros.task.ament_python.build:Building ROS package in '/home/eds-spiderbyte-01/ros2_motor/src/two_motors' with build type 'ament_python'
[0.435s] Level 1:colcon.colcon_core.shell:create_environment_hook('two_motors', 'ament_prefix_path')
[0.436s] INFO:colcon.colcon_core.shell:Creating environment hook '/home/eds-spiderbyte-01/ros2_motor/install/two_motors/share/two_motors/hook/ament_prefix_path.ps1'
[0.436s] INFO:colcon.colcon_core.shell:Creating environment descriptor '/home/eds-spiderbyte-01/ros2_motor/install/two_motors/share/two_motors/hook/ament_prefix_path.dsv'
[0.437s] INFO:colcon.colcon_core.shell:Creating environment hook '/home/eds-spiderbyte-01/ros2_motor/install/two_motors/share/two_motors/hook/ament_prefix_path.sh'
[0.437s] INFO:colcon.colcon_core.shell:Skip shell extension 'powershell' for command environment: Not usable outside of PowerShell
[0.438s] DEBUG:colcon.colcon_core.shell:Skip shell extension 'dsv' for command environment
[0.731s] INFO:colcon.colcon_core.task.python.build:Building Python package in '/home/eds-spiderbyte-01/ros2_motor/src/key_input'
[0.732s] INFO:colcon.colcon_core.shell:Skip shell extension 'powershell' for command environment: Not usable outside of PowerShell
[0.732s] DEBUG:colcon.colcon_core.shell:Skip shell extension 'dsv' for command environment
[1.013s] INFO:colcon.colcon_core.task.python.build:Building Python package in '/home/eds-spiderbyte-01/ros2_motor/src/servo_control'
[1.013s] INFO:colcon.colcon_core.shell:Skip shell extension 'powershell' for command environment: Not usable outside of PowerShell
[1.013s] DEBUG:colcon.colcon_core.shell:Skip shell extension 'dsv' for command environment
[1.296s] INFO:colcon.colcon_core.task.python.build:Building Python package in '/home/eds-spiderbyte-01/ros2_motor/src/single_leg'
[1.296s] INFO:colcon.colcon_core.shell:Skip shell extension 'powershell' for command environment: Not usable outside of PowerShell
[1.296s] DEBUG:colcon.colcon_core.shell:Skip shell extension 'dsv' for command environment
[1.573s] INFO:colcon.colcon_core.task.python.build:Building Python package in '/home/eds-spiderbyte-01/ros2_motor/src/two_keys'
[1.573s] INFO:colcon.colcon_core.shell:Skip shell extension 'powershell' for command environment: Not usable outside of PowerShell
[1.573s] DEBUG:colcon.colcon_core.shell:Skip shell extension 'dsv' for command environment
[1.856s] INFO:colcon.colcon_core.task.python.build:Building Python package in '/home/eds-spiderbyte-01/ros2_motor/src/two_motors'
[1.857s] INFO:colcon.colcon_core.shell:Skip shell extension 'powershell' for command environment: Not usable outside of PowerShell
[1.857s] DEBUG:colcon.colcon_core.shell:Skip shell extension 'dsv' for command environment
[2.441s] DEBUG:colcon.colcon_core.event_handler.log_command:Invoking command in '/home/eds-spiderbyte-01/ros2_motor/src/two_keys': PYTHONPATH=/home/eds-spiderbyte-01/ros2_motor/build/two_keys/prefix_override:/usr/lib/python3/dist-packages/colcon_core/task/python/colcon_distutils_commands:/home/eds-spiderbyte-01/ros2_motor/install/two_keys/lib/python3.10/site-packages:${PYTHONPATH} /usr/bin/python3 -W ignore:setup.py install is deprecated -W ignore:easy_install command is deprecated setup.py egg_info --egg-base ../../build/two_keys build --build-base /home/eds-spiderbyte-01/ros2_motor/build/two_keys/build install --record /home/eds-spiderbyte-01/ros2_motor/build/two_keys/install.log --single-version-externally-managed install_data
[2.452s] DEBUG:colcon.colcon_core.event_handler.log_command:Invoking command in '/home/eds-spiderbyte-01/ros2_motor/src/single_leg': PYTHONPATH=/home/eds-spiderbyte-01/ros2_motor/build/single_leg/prefix_override:/usr/lib/python3/dist-packages/colcon_core/task/python/colcon_distutils_commands:/home/eds-spiderbyte-01/ros2_motor/install/single_leg/lib/python3.10/site-packages:${PYTHONPATH} /usr/bin/python3 -W ignore:setup.py install is deprecated -W ignore:easy_install command is deprecated setup.py egg_info --egg-base ../../build/single_leg build --build-base /home/eds-spiderbyte-01/ros2_motor/build/single_leg/build install --record /home/eds-spiderbyte-01/ros2_motor/build/single_leg/install.log --single-version-externally-managed install_data
[2.454s] DEBUG:colcon.colcon_core.event_handler.log_command:Invoking command in '/home/eds-spiderbyte-01/ros2_motor/src/servo_control': PYTHONPATH=/home/eds-spiderbyte-01/ros2_motor/build/servo_control/prefix_override:/usr/lib/python3/dist-packages/colcon_core/task/python/colcon_distutils_commands:/home/eds-spiderbyte-01/ros2_motor/install/servo_control/lib/python3.10/site-packages:${PYTHONPATH} /usr/bin/python3 -W ignore:setup.py install is deprecated -W ignore:easy_install command is deprecated setup.py egg_info --egg-base ../../build/servo_control build --build-base /home/eds-spiderbyte-01/ros2_motor/build/servo_control/build install --record /home/eds-spiderbyte-01/ros2_motor/build/servo_control/install.log --single-version-externally-managed install_data
[2.694s] DEBUG:colcon.colcon_core.event_handler.log_command:Invoking command in '/home/eds-spiderbyte-01/ros2_motor/src/key_input': PYTHONPATH=/home/eds-spiderbyte-01/ros2_motor/build/key_input/prefix_override:/usr/lib/python3/dist-packages/colcon_core/task/python/colcon_distutils_commands:/home/eds-spiderbyte-01/ros2_motor/install/key_input/lib/python3.10/site-packages:${PYTHONPATH} /usr/bin/python3 -W ignore:setup.py install is deprecated -W ignore:easy_install command is deprecated setup.py egg_info --egg-base ../../build/key_input build --build-base /home/eds-spiderbyte-01/ros2_motor/build/key_input/build install --record /home/eds-spiderbyte-01/ros2_motor/build/key_input/install.log --single-version-externally-managed install_data
[2.706s] DEBUG:colcon.colcon_core.event_handler.log_command:Invoking command in '/home/eds-spiderbyte-01/ros2_motor/src/two_motors': PYTHONPATH=/home/eds-spiderbyte-01/ros2_motor/build/two_motors/prefix_override:/usr/lib/python3/dist-packages/colcon_core/task/python/colcon_distutils_commands:/home/eds-spiderbyte-01/ros2_motor/install/two_motors/lib/python3.10/site-packages:${PYTHONPATH} /usr/bin/python3 -W ignore:setup.py install is deprecated -W ignore:easy_install command is deprecated setup.py egg_info --egg-base ../../build/two_motors build --build-base /home/eds-spiderbyte-01/ros2_motor/build/two_motors/build install --record /home/eds-spiderbyte-01/ros2_motor/build/two_motors/install.log --single-version-externally-managed install_data
[2.936s] DEBUG:colcon.colcon_core.event_handler.log_command:Invoked command in '/home/eds-spiderbyte-01/ros2_motor/src/servo_control' returned '0': PYTHONPATH=/home/eds-spiderbyte-01/ros2_motor/build/servo_control/prefix_override:/usr/lib/python3/dist-packages/colcon_core/task/python/colcon_distutils_commands:/home/eds-spiderbyte-01/ros2_motor/install/servo_control/lib/python3.10/site-packages:${PYTHONPATH} /usr/bin/python3 -W ignore:setup.py install is deprecated -W ignore:easy_install command is deprecated setup.py egg_info --egg-base ../../build/servo_control build --build-base /home/eds-spiderbyte-01/ros2_motor/build/servo_control/build install --record /home/eds-spiderbyte-01/ros2_motor/build/servo_control/install.log --single-version-externally-managed install_data
[2.941s] Level 1:colcon.colcon_core.environment:checking '/home/eds-spiderbyte-01/ros2_motor/install/servo_control' for CMake module files
[2.942s] Level 1:colcon.colcon_core.environment:checking '/home/eds-spiderbyte-01/ros2_motor/install/servo_control' for CMake config files
[2.944s] Level 1:colcon.colcon_core.environment:checking '/home/eds-spiderbyte-01/ros2_motor/install/servo_control/lib'
[2.945s] Level 1:colcon.colcon_core.environment:checking '/home/eds-spiderbyte-01/ros2_motor/install/servo_control/bin'
[2.945s] Level 1:colcon.colcon_core.environment:checking '/home/eds-spiderbyte-01/ros2_motor/install/servo_control/lib/pkgconfig/servo_control.pc'
[2.945s] Level 1:colcon.colcon_core.environment:checking '/home/eds-spiderbyte-01/ros2_motor/install/servo_control/lib/python3.10/site-packages'
[2.946s] Level 1:colcon.colcon_core.shell:create_environment_hook('servo_control', 'pythonpath')
[2.946s] INFO:colcon.colcon_core.shell:Creating environment hook '/home/eds-spiderbyte-01/ros2_motor/install/servo_control/share/servo_control/hook/pythonpath.ps1'
[2.947s] INFO:colcon.colcon_core.shell:Creating environment descriptor '/home/eds-spiderbyte-01/ros2_motor/install/servo_control/share/servo_control/hook/pythonpath.dsv'
[2.948s] INFO:colcon.colcon_core.shell:Creating environment hook '/home/eds-spiderbyte-01/ros2_motor/install/servo_control/share/servo_control/hook/pythonpath.sh'
[2.949s] Level 1:colcon.colcon_core.environment:checking '/home/eds-spiderbyte-01/ros2_motor/install/servo_control/bin'
[2.949s] Level 1:colcon.colcon_core.environment:create_environment_scripts_only(servo_control)
[2.950s] INFO:colcon.colcon_core.shell:Creating package script '/home/eds-spiderbyte-01/ros2_motor/install/servo_control/share/servo_control/package.ps1'
[2.952s] INFO:colcon.colcon_core.shell:Creating package descriptor '/home/eds-spiderbyte-01/ros2_motor/install/servo_control/share/servo_control/package.dsv'
[2.953s] INFO:colcon.colcon_core.shell:Creating package script '/home/eds-spiderbyte-01/ros2_motor/install/servo_control/share/servo_control/package.sh'
[2.954s] INFO:colcon.colcon_core.shell:Creating package script '/home/eds-spiderbyte-01/ros2_motor/install/servo_control/share/servo_control/package.bash'
[2.955s] INFO:colcon.colcon_core.shell:Creating package script '/home/eds-spiderbyte-01/ros2_motor/install/servo_control/share/servo_control/package.zsh'
[2.955s] Level 1:colcon.colcon_core.environment:create_file_with_runtime_dependencies(/home/eds-spiderbyte-01/ros2_motor/install/servo_control/share/colcon-core/packages/servo_control)
[2.957s] Level 1:colcon.colcon_core.environment:checking '/home/eds-spiderbyte-01/ros2_motor/install/single_leg' for CMake module files
[2.958s] DEBUG:colcon.colcon_core.event_handler.log_command:Invoked command in '/home/eds-spiderbyte-01/ros2_motor/src/single_leg' returned '0': PYTHONPATH=/home/eds-spiderbyte-01/ros2_motor/build/single_leg/prefix_override:/usr/lib/python3/dist-packages/colcon_core/task/python/colcon_distutils_commands:/home/eds-spiderbyte-01/ros2_motor/install/single_leg/lib/python3.10/site-packages:${PYTHONPATH} /usr/bin/python3 -W ignore:setup.py install is deprecated -W ignore:easy_install command is deprecated setup.py egg_info --egg-base ../../build/single_leg build --build-base /home/eds-spiderbyte-01/ros2_motor/build/single_leg/build install --record /home/eds-spiderbyte-01/ros2_motor/build/single_leg/install.log --single-version-externally-managed install_data
[2.959s] Level 1:colcon.colcon_core.environment:checking '/home/eds-spiderbyte-01/ros2_motor/install/single_leg' for CMake config files
[2.959s] Level 1:colcon.colcon_core.environment:checking '/home/eds-spiderbyte-01/ros2_motor/install/single_leg/lib'
[2.960s] Level 1:colcon.colcon_core.environment:checking '/home/eds-spiderbyte-01/ros2_motor/install/single_leg/bin'
[2.960s] Level 1:colcon.colcon_core.environment:checking '/home/eds-spiderbyte-01/ros2_motor/install/single_leg/lib/pkgconfig/single_leg.pc'
[2.960s] Level 1:colcon.colcon_core.environment:checking '/home/eds-spiderbyte-01/ros2_motor/install/single_leg/lib/python3.10/site-packages'
[2.960s] Level 1:colcon.colcon_core.shell:create_environment_hook('single_leg', 'pythonpath')
[2.961s] INFO:colcon.colcon_core.shell:Creating environment hook '/home/eds-spiderbyte-01/ros2_motor/install/single_leg/share/single_leg/hook/pythonpath.ps1'
[2.961s] INFO:colcon.colcon_core.shell:Creating environment descriptor '/home/eds-spiderbyte-01/ros2_motor/install/single_leg/share/single_leg/hook/pythonpath.dsv'
[2.962s] INFO:colcon.colcon_core.shell:Creating environment hook '/home/eds-spiderbyte-01/ros2_motor/install/single_leg/share/single_leg/hook/pythonpath.sh'
[2.962s] Level 1:colcon.colcon_core.environment:checking '/home/eds-spiderbyte-01/ros2_motor/install/single_leg/bin'
[2.963s] Level 1:colcon.colcon_core.environment:create_environment_scripts_only(single_leg)
[2.963s] INFO:colcon.colcon_core.shell:Creating package script '/home/eds-spiderbyte-01/ros2_motor/install/single_leg/share/single_leg/package.ps1'
[2.963s] INFO:colcon.colcon_core.shell:Creating package descriptor '/home/eds-spiderbyte-01/ros2_motor/install/single_leg/share/single_leg/package.dsv'
[2.964s] INFO:colcon.colcon_core.shell:Creating package script '/home/eds-spiderbyte-01/ros2_motor/install/single_leg/share/single_leg/package.sh'
[2.964s] INFO:colcon.colcon_core.shell:Creating package script '/home/eds-spiderbyte-01/ros2_motor/install/single_leg/share/single_leg/package.bash'
[2.965s] INFO:colcon.colcon_core.shell:Creating package script '/home/eds-spiderbyte-01/ros2_motor/install/single_leg/share/single_leg/package.zsh'
[2.965s] Level 1:colcon.colcon_core.environment:create_file_with_runtime_dependencies(/home/eds-spiderbyte-01/ros2_motor/install/single_leg/share/colcon-core/packages/single_leg)
[2.966s] Level 1:colcon.colcon_core.environment:checking '/home/eds-spiderbyte-01/ros2_motor/install/two_keys' for CMake module files
[2.967s] Level 1:colcon.colcon_core.environment:checking '/home/eds-spiderbyte-01/ros2_motor/install/two_keys' for CMake config files
[2.968s] DEBUG:colcon.colcon_core.event_handler.log_command:Invoked command in '/home/eds-spiderbyte-01/ros2_motor/src/two_keys' returned '0': PYTHONPATH=/home/eds-spiderbyte-01/ros2_motor/build/two_keys/prefix_override:/usr/lib/python3/dist-packages/colcon_core/task/python/colcon_distutils_commands:/home/eds-spiderbyte-01/ros2_motor/install/two_keys/lib/python3.10/site-packages:${PYTHONPATH} /usr/bin/python3 -W ignore:setup.py install is deprecated -W ignore:easy_install command is deprecated setup.py egg_info --egg-base ../../build/two_keys build --build-base /home/eds-spiderbyte-01/ros2_motor/build/two_keys/build install --record /home/eds-spiderbyte-01/ros2_motor/build/two_keys/install.log --single-version-externally-managed install_data
[2.969s] Level 1:colcon.colcon_core.environment:checking '/home/eds-spiderbyte-01/ros2_motor/install/two_keys/lib'
[2.969s] Level 1:colcon.colcon_core.environment:checking '/home/eds-spiderbyte-01/ros2_motor/install/two_keys/bin'
[2.969s] Level 1:colcon.colcon_core.environment:checking '/home/eds-spiderbyte-01/ros2_motor/install/two_keys/lib/pkgconfig/two_keys.pc'
[2.969s] Level 1:colcon.colcon_core.environment:checking '/home/eds-spiderbyte-01/ros2_motor/install/two_keys/lib/python3.10/site-packages'
[2.969s] Level 1:colcon.colcon_core.shell:create_environment_hook('two_keys', 'pythonpath')
[2.969s] INFO:colcon.colcon_core.shell:Creating environment hook '/home/eds-spiderbyte-01/ros2_motor/install/two_keys/share/two_keys/hook/pythonpath.ps1'
[2.970s] INFO:colcon.colcon_core.shell:Creating environment descriptor '/home/eds-spiderbyte-01/ros2_motor/install/two_keys/share/two_keys/hook/pythonpath.dsv'
[2.970s] INFO:colcon.colcon_core.shell:Creating environment hook '/home/eds-spiderbyte-01/ros2_motor/install/two_keys/share/two_keys/hook/pythonpath.sh'
[2.971s] Level 1:colcon.colcon_core.environment:checking '/home/eds-spiderbyte-01/ros2_motor/install/two_keys/bin'
[2.971s] Level 1:colcon.colcon_core.environment:create_environment_scripts_only(two_keys)
[2.971s] INFO:colcon.colcon_core.shell:Creating package script '/home/eds-spiderbyte-01/ros2_motor/install/two_keys/share/two_keys/package.ps1'
[2.972s] INFO:colcon.colcon_core.shell:Creating package descriptor '/home/eds-spiderbyte-01/ros2_motor/install/two_keys/share/two_keys/package.dsv'
[2.972s] INFO:colcon.colcon_core.shell:Creating package script '/home/eds-spiderbyte-01/ros2_motor/install/two_keys/share/two_keys/package.sh'
[2.973s] INFO:colcon.colcon_core.shell:Creating package script '/home/eds-spiderbyte-01/ros2_motor/install/two_keys/share/two_keys/package.bash'
[2.973s] INFO:colcon.colcon_core.shell:Creating package script '/home/eds-spiderbyte-01/ros2_motor/install/two_keys/share/two_keys/package.zsh'
[2.973s] Level 1:colcon.colcon_core.environment:create_file_with_runtime_dependencies(/home/eds-spiderbyte-01/ros2_motor/install/two_keys/share/colcon-core/packages/two_keys)
[3.210s] Level 1:colcon.colcon_core.environment:checking '/home/eds-spiderbyte-01/ros2_motor/install/two_motors' for CMake module files
[3.211s] DEBUG:colcon.colcon_core.event_handler.log_command:Invoked command in '/home/eds-spiderbyte-01/ros2_motor/src/two_motors' returned '0': PYTHONPATH=/home/eds-spiderbyte-01/ros2_motor/build/two_motors/prefix_override:/usr/lib/python3/dist-packages/colcon_core/task/python/colcon_distutils_commands:/home/eds-spiderbyte-01/ros2_motor/install/two_motors/lib/python3.10/site-packages:${PYTHONPATH} /usr/bin/python3 -W ignore:setup.py install is deprecated -W ignore:easy_install command is deprecated setup.py egg_info --egg-base ../../build/two_motors build --build-base /home/eds-spiderbyte-01/ros2_motor/build/two_motors/build install --record /home/eds-spiderbyte-01/ros2_motor/build/two_motors/install.log --single-version-externally-managed install_data
[3.211s] Level 1:colcon.colcon_core.environment:checking '/home/eds-spiderbyte-01/ros2_motor/install/two_motors' for CMake config files
[3.212s] Level 1:colcon.colcon_core.environment:checking '/home/eds-spiderbyte-01/ros2_motor/install/two_motors/lib'
[3.212s] Level 1:colcon.colcon_core.environment:checking '/home/eds-spiderbyte-01/ros2_motor/install/two_motors/bin'
[3.212s] Level 1:colcon.colcon_core.environment:checking '/home/eds-spiderbyte-01/ros2_motor/install/two_motors/lib/pkgconfig/two_motors.pc'
[3.213s] Level 1:colcon.colcon_core.environment:checking '/home/eds-spiderbyte-01/ros2_motor/install/two_motors/lib/python3.10/site-packages'
[3.213s] Level 1:colcon.colcon_core.shell:create_environment_hook('two_motors', 'pythonpath')
[3.213s] INFO:colcon.colcon_core.shell:Creating environment hook '/home/eds-spiderbyte-01/ros2_motor/install/two_motors/share/two_motors/hook/pythonpath.ps1'
[3.214s] INFO:colcon.colcon_core.shell:Creating environment descriptor '/home/eds-spiderbyte-01/ros2_motor/install/two_motors/share/two_motors/hook/pythonpath.dsv'
[3.214s] INFO:colcon.colcon_core.shell:Creating environment hook '/home/eds-spiderbyte-01/ros2_motor/install/two_motors/share/two_motors/hook/pythonpath.sh'
[3.215s] Level 1:colcon.colcon_core.environment:checking '/home/eds-spiderbyte-01/ros2_motor/install/two_motors/bin'
[3.215s] Level 1:colcon.colcon_core.environment:create_environment_scripts_only(two_motors)
[3.216s] INFO:colcon.colcon_core.shell:Creating package script '/home/eds-spiderbyte-01/ros2_motor/install/two_motors/share/two_motors/package.ps1'
[3.217s] INFO:colcon.colcon_core.shell:Creating package descriptor '/home/eds-spiderbyte-01/ros2_motor/install/two_motors/share/two_motors/package.dsv'
[3.217s] INFO:colcon.colcon_core.shell:Creating package script '/home/eds-spiderbyte-01/ros2_motor/install/two_motors/share/two_motors/package.sh'
[3.218s] INFO:colcon.colcon_core.shell:Creating package script '/home/eds-spiderbyte-01/ros2_motor/install/two_motors/share/two_motors/package.bash'
[3.218s] INFO:colcon.colcon_core.shell:Creating package script '/home/eds-spiderbyte-01/ros2_motor/install/two_motors/share/two_motors/package.zsh'
[3.219s] Level 1:colcon.colcon_core.environment:create_file_with_runtime_dependencies(/home/eds-spiderbyte-01/ros2_motor/install/two_motors/share/colcon-core/packages/two_motors)
[3.223s] Level 1:colcon.colcon_core.environment:checking '/home/eds-spiderbyte-01/ros2_motor/install/key_input' for CMake module files
[3.224s] DEBUG:colcon.colcon_core.event_handler.log_command:Invoked command in '/home/eds-spiderbyte-01/ros2_motor/src/key_input' returned '0': PYTHONPATH=/home/eds-spiderbyte-01/ros2_motor/build/key_input/prefix_override:/usr/lib/python3/dist-packages/colcon_core/task/python/colcon_distutils_commands:/home/eds-spiderbyte-01/ros2_motor/install/key_input/lib/python3.10/site-packages:${PYTHONPATH} /usr/bin/python3 -W ignore:setup.py install is deprecated -W ignore:easy_install command is deprecated setup.py egg_info --egg-base ../../build/key_input build --build-base /home/eds-spiderbyte-01/ros2_motor/build/key_input/build install --record /home/eds-spiderbyte-01/ros2_motor/build/key_input/install.log --single-version-externally-managed install_data
[3.224s] Level 1:colcon.colcon_core.environment:checking '/home/eds-spiderbyte-01/ros2_motor/install/key_input' for CMake config files
[3.225s] Level 1:colcon.colcon_core.environment:checking '/home/eds-spiderbyte-01/ros2_motor/install/key_input/lib'
[3.225s] Level 1:colcon.colcon_core.environment:checking '/home/eds-spiderbyte-01/ros2_motor/install/key_input/bin'
[3.225s] Level 1:colcon.colcon_core.environment:checking '/home/eds-spiderbyte-01/ros2_motor/install/key_input/lib/pkgconfig/key_input.pc'
[3.226s] Level 1:colcon.colcon_core.environment:checking '/home/eds-spiderbyte-01/ros2_motor/install/key_input/lib/python3.10/site-packages'
[3.226s] Level 1:colcon.colcon_core.shell:create_environment_hook('key_input', 'pythonpath')
[3.226s] INFO:colcon.colcon_core.shell:Creating environment hook '/home/eds-spiderbyte-01/ros2_motor/install/key_input/share/key_input/hook/pythonpath.ps1'
[3.227s] INFO:colcon.colcon_core.shell:Creating environment descriptor '/home/eds-spiderbyte-01/ros2_motor/install/key_input/share/key_input/hook/pythonpath.dsv'
[3.227s] INFO:colcon.colcon_core.shell:Creating environment hook '/home/eds-spiderbyte-01/ros2_motor/install/key_input/share/key_input/hook/pythonpath.sh'
[3.228s] Level 1:colcon.colcon_core.environment:checking '/home/eds-spiderbyte-01/ros2_motor/install/key_input/bin'
[3.228s] Level 1:colcon.colcon_core.environment:create_environment_scripts_only(key_input)
[3.228s] INFO:colcon.colcon_core.shell:Creating package script '/home/eds-spiderbyte-01/ros2_motor/install/key_input/share/key_input/package.ps1'
[3.229s] INFO:colcon.colcon_core.shell:Creating package descriptor '/home/eds-spiderbyte-01/ros2_motor/install/key_input/share/key_input/package.dsv'
[3.229s] INFO:colcon.colcon_core.shell:Creating package script '/home/eds-spiderbyte-01/ros2_motor/install/key_input/share/key_input/package.sh'
[3.230s] INFO:colcon.colcon_core.shell:Creating package script '/home/eds-spiderbyte-01/ros2_motor/install/key_input/share/key_input/package.bash'
[3.230s] INFO:colcon.colcon_core.shell:Creating package script '/home/eds-spiderbyte-01/ros2_motor/install/key_input/share/key_input/package.zsh'
[3.231s] Level 1:colcon.colcon_core.environment:create_file_with_runtime_dependencies(/home/eds-spiderbyte-01/ros2_motor/install/key_input/share/colcon-core/packages/key_input)
[3.231s] DEBUG:colcon.colcon_parallel_executor.executor.parallel:closing loop
[3.231s] DEBUG:colcon.colcon_parallel_executor.executor.parallel:loop closed
[3.232s] DEBUG:colcon.colcon_parallel_executor.executor.parallel:run_until_complete finished with '0'
[3.232s] DEBUG:colcon.colcon_core.event_reactor:joining thread
[3.238s] INFO:colcon.colcon_core.plugin_system:Skipping extension 'colcon_notification.desktop_notification.terminal_notifier': Not used on non-Darwin systems
[3.238s] INFO:colcon.colcon_core.plugin_system:Skipping extension 'colcon_notification.desktop_notification.win32': Not used on non-Windows systems
[3.238s] INFO:colcon.colcon_notification.desktop_notification:Sending desktop notification using 'notify2'
[3.252s] DEBUG:colcon.colcon_core.event_reactor:joined thread
[3.252s] INFO:colcon.colcon_core.shell:Creating prefix script '/home/eds-spiderbyte-01/ros2_motor/install/local_setup.ps1'
[3.253s] INFO:colcon.colcon_core.shell:Creating prefix util module '/home/eds-spiderbyte-01/ros2_motor/install/_local_setup_util_ps1.py'
[3.255s] INFO:colcon.colcon_core.shell:Creating prefix chain script '/home/eds-spiderbyte-01/ros2_motor/install/setup.ps1'
[3.257s] INFO:colcon.colcon_core.shell:Creating prefix script '/home/eds-spiderbyte-01/ros2_motor/install/local_setup.sh'
[3.258s] INFO:colcon.colcon_core.shell:Creating prefix util module '/home/eds-spiderbyte-01/ros2_motor/install/_local_setup_util_sh.py'
[3.260s] INFO:colcon.colcon_core.shell:Creating prefix chain script '/home/eds-spiderbyte-01/ros2_motor/install/setup.sh'
[3.261s] INFO:colcon.colcon_core.shell:Creating prefix script '/home/eds-spiderbyte-01/ros2_motor/install/local_setup.bash'
[3.262s] INFO:colcon.colcon_core.shell:Creating prefix chain script '/home/eds-spiderbyte-01/ros2_motor/install/setup.bash'
[3.263s] INFO:colcon.colcon_core.shell:Creating prefix script '/home/eds-spiderbyte-01/ros2_motor/install/local_setup.zsh'
[3.264s] INFO:colcon.colcon_core.shell:Creating prefix chain script '/home/eds-spiderbyte-01/ros2_motor/install/setup.zsh'
