running egg_info
creating ../../build/key_input/key_input.egg-info
writing ../../build/key_input/key_input.egg-info/PKG-INFO
writing dependency_links to ../../build/key_input/key_input.egg-info/dependency_links.txt
writing entry points to ../../build/key_input/key_input.egg-info/entry_points.txt
writing requirements to ../../build/key_input/key_input.egg-info/requires.txt
writing top-level names to ../../build/key_input/key_input.egg-info/top_level.txt
writing manifest file '../../build/key_input/key_input.egg-info/SOURCES.txt'
reading manifest file '../../build/key_input/key_input.egg-info/SOURCES.txt'
writing manifest file '../../build/key_input/key_input.egg-info/SOURCES.txt'
running build
running build_py
creating /home/eds-spiderbyte-01/ros2_motor/build/key_input/build
creating /home/eds-spiderbyte-01/ros2_motor/build/key_input/build/lib
creating /home/eds-spiderbyte-01/ros2_motor/build/key_input/build/lib/key_input
copying key_input/__init__.py -> /home/eds-spiderbyte-01/ros2_motor/build/key_input/build/lib/key_input
running install
running install_lib
creating /home/eds-spiderbyte-01/ros2_motor/install/key_input/lib/python3.10/site-packages/key_input
copying /home/eds-spiderbyte-01/ros2_motor/build/key_input/build/lib/key_input/__init__.py -> /home/eds-spiderbyte-01/ros2_motor/install/key_input/lib/python3.10/site-packages/key_input
byte-compiling /home/eds-spiderbyte-01/ros2_motor/install/key_input/lib/python3.10/site-packages/key_input/__init__.py to __init__.cpython-310.pyc
running install_data
creating /home/eds-spiderbyte-01/ros2_motor/install/key_input/share/ament_index
creating /home/eds-spiderbyte-01/ros2_motor/install/key_input/share/ament_index/resource_index
creating /home/eds-spiderbyte-01/ros2_motor/install/key_input/share/ament_index/resource_index/packages
copying resource/key_input -> /home/eds-spiderbyte-01/ros2_motor/install/key_input/share/ament_index/resource_index/packages
copying package.xml -> /home/eds-spiderbyte-01/ros2_motor/install/key_input/share/key_input
running install_egg_info
Copying ../../build/key_input/key_input.egg-info to /home/eds-spiderbyte-01/ros2_motor/install/key_input/lib/python3.10/site-packages/key_input-0.0.0-py3.10.egg-info
running install_scripts
writing list of installed files to '/home/eds-spiderbyte-01/ros2_motor/build/key_input/install.log'
